--166
 [][]\TU/NotoSansCJKSC(0)/m/n/7 Partner access
[5]
Underfull \hbox (badness 3189) in paragraph at lines 274--274
 [][]\TU/NotoSansCJKSC(0)/m/n/7 Source checks

Underfull \hbox (badness 3000) in paragraph at lines 278--278
 [][]\TU/NotoSansCJKSC(0)/m/n/7 Customer calls

Underfull \hbox (badness 4872) in paragraph at lines 282--282
 [][]\TU/NotoSansCJKSC(0)/m/n/7 Cost model

Underfull \hbox (badness 3780) in paragraph at lines 286--286
 [][]\TU/NotoSansCJKSC(0)/m/n/7 Policy review

Underfull \hbox (badness 3078) in paragraph at lines 290--290
 [][]\TU/NotoSansCJKSC(0)/m/n/7 Partner screen
[6] [7]
Underfull \hbox (badness 4120) in paragraph at lines 392--392
[]\TU/NotoSansCJKSC(0)/m/n/8 The validation cadence should improve facts before
 escalating resource
[8]
Overfull \hbox (96.3509pt too wide) in paragraph at lines 423--423
\TU/NotoSansCJKSC(0)/m/n/9 gov/science/fusion-energy-sciences/fusion-milestone-
based-development-program 
[9]
Underfull \hbox (badness 10000) in paragraph at lines 462--462
[]\TU/NotoSansCJKSC(0)/m/n/8 The chart separates capital, operating and mainten
ance drivers so

Underfull \hbox (badness 10000) in paragraph at lines 462--462
\TU/NotoSansCJKSC(0)/m/n/8 management can test which cost lever would change th
e investment
[10] [11] [12]
Underfull \hbox (badness 10000) in paragraph at lines 596--596
 [][]\TU/NotoSansCJKSC(0)/m/n/7 Physics

Underfull \hbox (badness 10000) in paragraph at lines 600--600
 [][]\TU/NotoSansCJKSC(0)/m/n/7 Cost

Underfull \hbox (badness 10000) in paragraph at lines 604--604
 [][]\TU/NotoSansCJKSC(0)/m/n/7 Supply

Underfull \hbox (badness 5592) in paragraph at lines 608--608
 [][]\TU/NotoSansCJKSC(0)/m/n/7 Regulation

Underfull \hbox (badness 7415) in paragraph at lines 612--612
 [][]\TU/NotoSansCJKSC(0)/m/n/7 Demand
[13] [14] [15] [16]
Overfull \hbox (96.3509pt too wide) in paragraph at lines 771--771
\TU/NotoSansCJKSC(0)/m/n/9 gov/science/fusion-energy-sciences/fusion-milestone-
based-development-program 

Overfull \hbox (96.3509pt too wide) in paragraph at lines 774--774
\TU/NotoSansCJKSC(0)/m/n/9 gov/science/fusion-energy-sciences/fusion-milestone-
based-development-program 
[17]
Overfull \hbox (96.3509pt too wide) in paragraph at lines 797--797
\TU/NotoSansCJKSC(0)/m/n/9 gov/science/fusion-energy-sciences/fusion-milestone-
based-development-program 
[18] [19]
Underfull \hbox (badness 10000) in paragraph at lines 899--899
[]\TU/NotoSansCJKSC(0)/m/n/15 Public materials support a

Underfull \hbox (badness 3168) in paragraph at lines 899--899
\TU/NotoSansCJKSC(0)/m/n/15 strategic view, not a transaction

Underfull \hbox (badness 7433) in paragraph at lines 900--900
[]\TU/NotoSansCJKSC(0)/m/n/8 This report has been prepared for strategy discuss
ion and

Underfull \hbox (badness 1675) in paragraph at lines 900--900
\TU/NotoSansCJKSC(0)/m/n/8 are directional and should be independently validate
d before

Underfull \hbox (badness 1412) in paragraph at lines 900--900
\TU/NotoSansCJKSC(0)/m/n/8 or operational decisions. Forward-looking views may 
change
[20]
Underfull \hbox (badness 10000) in paragraph at lines 923--923
\TU/NotoSansCJKSC(0)/m/n/16 it changes a management

Underfull \hbox (badness 10000) in paragraph at lines 925--925
[]\TU/NotoSansCJKSC(0)/m/n/8 This report draws on Osti, Energy, Iaea, Iter,

Underfull \hbox (badness 10000) in paragraph at lines 937--937
[]|\TU/NotoSansCJKSC(0)/b/n/9 This report was

Underfull \hbox (badness 10000) in paragraph at lines 937--937
\TU/NotoSansCJKSC(0)/b/n/9 prepared by a

Underfull \hbox (badness 10000) in paragraph at lines 937--937
\TU/NotoSansCJKSC(0)/b/n/9 team of energy

Underfull \hbox (badness 10000) in paragraph at lines 937--937
\TU/NotoSansCJKSC(0)/b/n/9 strategy analysts
[21] [22] (./report_latex.aux)

LaTeX Warning: Label(s) may have changed. Rerun to get cross-references right.

 )
(see the transcript file for additional information)
Output written on report_latex.pdf (22 pages).
Transcript written on report_latex.log.
