This is XeTeX, Version 3.141592653-2.6-0.999995 (TeX Live 2023/Debian) (preloaded format=xelatex 2026.6.3)  3 JUN 2026 13:22
entering extended mode
 restricted \write18 enabled.
 %&-line parsing enabled.
**report_latex.tex
(./report_latex.tex
LaTeX2e <2023-11-01> patch level 1
L3 programming layer <2024-01-22>
(/usr/share/texlive/texmf-dist/tex/latex/base/article.cls
Document Class: article 2023/05/17 v1.4n Standard LaTeX document class
(/usr/share/texlive/texmf-dist/tex/latex/base/size10.clo
File: size10.clo 2023/05/17 v1.4n Standard LaTeX file (size option)
)
\c@part=\count183
\c@section=\count184
\c@subsection=\count185
\c@subsubsection=\count186
\c@paragraph=\count187
\c@subparagraph=\count188
\c@figure=\count189
\c@table=\count190
\abovecaptionskip=\skip48
\belowcaptionskip=\skip49
\bibindent=\dimen140
)
(/usr/share/texlive/texmf-dist/tex/latex/geometry/geometry.sty
Package: geometry 2020/01/02 v5.9 Page Geometry

(/usr/share/texlive/texmf-dist/tex/latex/graphics/keyval.sty
Package: keyval 2022/05/29 v1.15 key=value parser (DPC)
\KV@toks@=\toks17
)
(/usr/share/texlive/texmf-dist/tex/generic/iftex/ifvtex.sty
Package: ifvtex 2019/10/25 v1.7 ifvtex legacy package. Use iftex instead.

(/usr/share/texlive/texmf-dist/tex/generic/iftex/iftex.sty
Package: iftex 2022/02/03 v1.0f TeX engine tests
))
\Gm@cnth=\count191
\Gm@cntv=\count192
\c@Gm@tempcnt=\count193
\Gm@bindingoffset=\dimen141
\Gm@wd@mp=\dimen142
\Gm@odd@mp=\dimen143
\Gm@even@mp=\dimen144
\Gm@layoutwidth=\dimen145
\Gm@layoutheight=\dimen146
\Gm@layouthoffset=\dimen147
\Gm@layoutvoffset=\dimen148
\Gm@dimlist=\toks18
)
(/usr/share/texlive/texmf-dist/tex/latex/fontspec/fontspec.sty
(/usr/share/texlive/texmf-dist/tex/latex/l3packages/xparse/xparse.sty
(/usr/share/texlive/texmf-dist/tex/latex/l3kernel/expl3.sty
Package: expl3 2024-01-22 L3 programming layer (loader) 

(/usr/share/texlive/texmf-dist/tex/latex/l3backend/l3backend-xetex.def
File: l3backend-xetex.def 2024-01-04 L3 backend support: XeTeX
\g__graphics_track_int=\count194
\l__pdf_internal_box=\box51
\g__pdf_backend_object_int=\count195
\g__pdf_backend_annotation_int=\count196
\g__pdf_backend_link_int=\count197
))
Package: xparse 2023-10-10 L3 Experimental document command parser
)
Package: fontspec 2022/01/15 v2.8a Font selection for XeLaTeX and LuaLaTeX

(/usr/share/texlive/texmf-dist/tex/latex/fontspec/fontspec-xetex.sty
Package: fontspec-xetex 2022/01/15 v2.8a Font selection for XeLaTeX and LuaLaTe
X
\l__fontspec_script_int=\count198
\l__fontspec_language_int=\count199
\l__fontspec_strnum_int=\count266
\l__fontspec_tmp_int=\count267
\l__fontspec_tmpa_int=\count268
\l__fontspec_tmpb_int=\count269
\l__fontspec_tmpc_int=\count270
\l__fontspec_em_int=\count271
\l__fontspec_emdef_int=\count272
\l__fontspec_strong_int=\count273
\l__fontspec_strongdef_int=\count274
\l__fontspec_tmpa_dim=\dimen149
\l__fontspec_tmpb_dim=\dimen150
\l__fontspec_tmpc_dim=\dimen151

(/usr/share/texlive/texmf-dist/tex/latex/base/fontenc.sty
Package: fontenc 2021/04/29 v2.0v Standard LaTeX package
)
(/usr/share/texlive/texmf-dist/tex/latex/fontspec/fontspec.cfg)))
(/usr/share/texlive/texmf-dist/tex/latex/xcolor/xcolor.sty
Package: xcolor 2023/11/15 v3.01 LaTeX color extensions (UK)

(/usr/share/texlive/texmf-dist/tex/latex/graphics-cfg/color.cfg
File: color.cfg 2016/01/02 v1.6 sample color configuration
)
Package xcolor Info: Driver file: xetex.def on input line 274.

(/usr/share/texlive/texmf-dist/tex/latex/graphics-def/xetex.def
File: xetex.def 2022/09/22 v5.0n Graphics/color driver for xetex
)
(/usr/share/texlive/texmf-dist/tex/latex/graphics/mathcolor.ltx)
Package xcolor Info: Model `cmy' substituted by `cmy0' on input line 1350.
Package xcolor Info: Model `RGB' extended on input line 1366.
Package xcolor Info: Model `HTML' substituted by `rgb' on input line 1368.
Package xcolor Info: Model `Hsb' substituted by `hsb' on input line 1369.
Package xcolor Info: Model `tHsb' substituted by `hsb' on input line 1370.
Package xcolor Info: Model `HSB' substituted by `hsb' on input line 1371.
Package xcolor Info: Model `Gray' substituted by `gray' on input line 1372.
Package xcolor Info: Model `wave' substituted by `hsb' on input line 1373.
)
(/usr/share/texlive/texmf-dist/tex/latex/graphics/graphicx.sty
Package: graphicx 2021/09/16 v1.2d Enhanced LaTeX Graphics (DPC,SPQR)

(/usr/share/texlive/texmf-dist/tex/latex/graphics/graphics.sty
Package: graphics 2022/03/10 v1.4e Standard LaTeX Graphics (DPC,SPQR)

(/usr/share/texlive/texmf-dist/tex/latex/graphics/trig.sty
Package: trig 2021/08/11 v1.11 sin cos tan (DPC)
)
(/usr/share/texlive/texmf-dist/tex/latex/graphics-cfg/graphics.cfg
File: graphics.cfg 2016/06/04 v1.11 sample graphics configuration
)
Package graphics Info: Driver file: xetex.def on input line 107.
)
\Gin@req@height=\dimen152
\Gin@req@width=\dimen153
)
(/usr/share/texlive/texmf-dist/tex/latex/pgf/frontendlayer/tikz.sty
(/usr/share/texlive/texmf-dist/tex/latex/pgf/basiclayer/pgf.sty
(/usr/share/texlive/texmf-dist/tex/latex/pgf/utilities/pgfrcs.sty
(/usr/share/texlive/texmf-dist/tex/generic/pgf/utilities/pgfutil-common.tex
\pgfutil@everybye=\toks19
\pgfutil@tempdima=\dimen154
\pgfutil@tempdimb=\dimen155
)
(/usr/share/texlive/texmf-dist/tex/generic/pgf/utilities/pgfutil-latex.def
\pgfutil@abb=\box52
)
(/usr/share/texlive/texmf-dist/tex/generic/pgf/utilities/pgfrcs.code.tex
(/usr/share/texlive/texmf-dist/tex/generic/pgf/pgf.revision.tex)
Package: pgfrcs 2023-01-15 v3.1.10 (3.1.10)
))
Package: pgf 2023-01-15 v3.1.10 (3.1.10)

(/usr/share/texlive/texmf-dist/tex/latex/pgf/basiclayer/pgfcore.sty
(/usr/share/texlive/texmf-dist/tex/latex/pgf/systemlayer/pgfsys.sty
(/usr/share/texlive/texmf-dist/tex/generic/pgf/systemlayer/pgfsys.code.tex
Package: pgfsys 2023-01-15 v3.1.10 (3.1.10)

(/usr/share/texlive/texmf-dist/tex/generic/pgf/utilities/pgfkeys.code.tex
\pgfkeys@pathtoks=\toks20
\pgfkeys@temptoks=\toks21

(/usr/share/texlive/texmf-dist/tex/generic/pgf/utilities/pgfkeyslibraryfiltered
.code.tex
\pgfkeys@tmptoks=\toks22
))
\pgf@x=\dimen156
\pgf@y=\dimen157
\pgf@xa=\dimen158
\pgf@ya=\dimen159
\pgf@xb=\dimen160
\pgf@yb=\dimen161
\pgf@xc=\dimen162
\pgf@yc=\dimen163
\pgf@xd=\dimen164
\pgf@yd=\dimen165
\w@pgf@writea=\write3
\r@pgf@reada=\read2
\c@pgf@counta=\count275
\c@pgf@countb=\count276
\c@pgf@countc=\count277
\c@pgf@countd=\count278
\t@pgf@toka=\toks23
\t@pgf@tokb=\toks24
\t@pgf@tokc=\toks25
\pgf@sys@id@count=\count279
 (/usr/share/texlive/texmf-dist/tex/generic/pgf/systemlayer/pgf.cfg
File: pgf.cfg 2023-01-15 v3.1.10 (3.1.10)
)
Driver file for pgf: pgfsys-xetex.def
(/usr/share/texlive/texmf-dist/tex/generic/pgf/systemlayer/pgfsys-xetex.def
File: pgfsys-xetex.def 2023-01-15 v3.1.10 (3.1.10)

(/usr/share/texlive/texmf-dist/tex/generic/pgf/systemlayer/pgfsys-dvipdfmx.def
File: pgfsys-dvipdfmx.def 2023-01-15 v3.1.10 (3.1.10)

(/usr/share/texlive/texmf-dist/tex/generic/pgf/systemlayer/pgfsys-common-pdf.de
f
File: pgfsys-common-pdf.def 2023-01-15 v3.1.10 (3.1.10)
)
\pgfsys@objnum=\count280
)))
(/usr/share/texlive/texmf-dist/tex/generic/pgf/systemlayer/pgfsyssoftpath.code.
tex
File: pgfsyssoftpath.code.tex 2023-01-15 v3.1.10 (3.1.10)
\pgfsyssoftpath@smallbuffer@items=\count281
\pgfsyssoftpath@bigbuffer@items=\count282
)
(/usr/share/texlive/texmf-dist/tex/generic/pgf/systemlayer/pgfsysprotocol.code.
tex
File: pgfsysprotocol.code.tex 2023-01-15 v3.1.10 (3.1.10)
))
(/usr/share/texlive/texmf-dist/tex/generic/pgf/basiclayer/pgfcore.code.tex
Package: pgfcore 2023-01-15 v3.1.10 (3.1.10)

(/usr/share/texlive/texmf-dist/tex/generic/pgf/math/pgfmath.code.tex
(/usr/share/texlive/texmf-dist/tex/generic/pgf/math/pgfmathutil.code.tex)
(/usr/share/texlive/texmf-dist/tex/generic/pgf/math/pgfmathparser.code.tex
\pgfmath@dimen=\dimen166
\pgfmath@count=\count283
\pgfmath@box=\box53
\pgfmath@toks=\toks26
\pgfmath@stack@operand=\toks27
\pgfmath@stack@operation=\toks28
)
(/usr/share/texlive/texmf-dist/tex/generic/pgf/math/pgfmathfunctions.code.tex)
(/usr/share/texlive/texmf-dist/tex/generic/pgf/math/pgfmathfunctions.basic.code
.tex)
(/usr/share/texlive/texmf-dist/tex/generic/pgf/math/pgfmathfunctions.trigonomet
ric.code.tex)
(/usr/share/texlive/texmf-dist/tex/generic/pgf/math/pgfmathfunctions.random.cod
e.tex)
(/usr/share/texlive/texmf-dist/tex/generic/pgf/math/pgfmathfunctions.comparison
.code.tex)
(/usr/share/texlive/texmf-dist/tex/generic/pgf/math/pgfmathfunctions.base.code.
tex)
(/usr/share/texlive/texmf-dist/tex/generic/pgf/math/pgfmathfunctions.round.code
.tex)
(/usr/share/texlive/texmf-dist/tex/generic/pgf/math/pgfmathfunctions.misc.code.
tex)
(/usr/share/texlive/texmf-dist/tex/generic/pgf/math/pgfmathfunctions.integerari
thmetics.code.tex)
(/usr/share/texlive/texmf-dist/tex/generic/pgf/math/pgfmathcalc.code.tex)
(/usr/share/texlive/texmf-dist/tex/generic/pgf/math/pgfmathfloat.code.tex
\c@pgfmathroundto@lastzeros=\count284
))
(/usr/share/texlive/texmf-dist/tex/generic/pgf/math/pgfint.code.tex)
(/usr/share/texlive/texmf-dist/tex/generic/pgf/basiclayer/pgfcorepoints.code.te
x
File: pgfcorepoints.code.tex 2023-01-15 v3.1.10 (3.1.10)
\pgf@picminx=\dimen167
\pgf@picmaxx=\dimen168
\pgf@picminy=\dimen169
\pgf@picmaxy=\dimen170
\pgf@pathminx=\dimen171
\pgf@pathmaxx=\dimen172
\pgf@pathminy=\dimen173
\pgf@pathmaxy=\dimen174
\pgf@xx=\dimen175
\pgf@xy=\dimen176
\pgf@yx=\dimen177
\pgf@yy=\dimen178
\pgf@zx=\dimen179
\pgf@zy=\dimen180
)
(/usr/share/texlive/texmf-dist/tex/generic/pgf/basiclayer/pgfcorepathconstruct.
code.tex
File: pgfcorepathconstruct.code.tex 2023-01-15 v3.1.10 (3.1.10)
\pgf@path@lastx=\dimen181
\pgf@path@lasty=\dimen182
)
(/usr/share/texlive/texmf-dist/tex/generic/pgf/basiclayer/pgfcorepathusage.code
.tex
File: pgfcorepathusage.code.tex 2023-01-15 v3.1.10 (3.1.10)
\pgf@shorten@end@additional=\dimen183
\pgf@shorten@start@additional=\dimen184
)
(/usr/share/texlive/texmf-dist/tex/generic/pgf/basiclayer/pgfcorescopes.code.te
x
File: pgfcorescopes.code.tex 2023-01-15 v3.1.10 (3.1.10)
\pgfpic=\box54
\pgf@hbox=\box55
\pgf@layerbox@main=\box56
\pgf@picture@serial@count=\count285
)
(/usr/share/texlive/texmf-dist/tex/generic/pgf/basiclayer/pgfcoregraphicstate.c
ode.tex
File: pgfcoregraphicstate.code.tex 2023-01-15 v3.1.10 (3.1.10)
\pgflinewidth=\dimen185
)
(/usr/share/texlive/texmf-dist/tex/generic/pgf/basiclayer/pgfcoretransformation
s.code.tex
File: pgfcoretransformations.code.tex 2023-01-15 v3.1.10 (3.1.10)
\pgf@pt@x=\dimen186
\pgf@pt@y=\dimen187
\pgf@pt@temp=\dimen188
)
(/usr/share/texlive/texmf-dist/tex/generic/pgf/basiclayer/pgfcorequick.code.tex
File: pgfcorequick.code.tex 2023-01-15 v3.1.10 (3.1.10)
)
(/usr/share/texlive/texmf-dist/tex/generic/pgf/basiclayer/pgfcoreobjects.code.t
ex
File: pgfcoreobjects.code.tex 2023-01-15 v3.1.10 (3.1.10)
)
(/usr/share/texlive/texmf-dist/tex/generic/pgf/basiclayer/pgfcorepathprocessing
.code.tex
File: pgfcorepathprocessing.code.tex 2023-01-15 v3.1.10 (3.1.10)
)
(/usr/share/texlive/texmf-dist/tex/generic/pgf/basiclayer/pgfcorearrows.code.te
x
File: pgfcorearrows.code.tex 2023-01-15 v3.1.10 (3.1.10)
\pgfarrowsep=\dimen189
)
(/usr/share/texlive/texmf-dist/tex/generic/pgf/basiclayer/pgfcoreshade.code.tex
File: pgfcoreshade.code.tex 2023-01-15 v3.1.10 (3.1.10)
\pgf@max=\dimen190
\pgf@sys@shading@range@num=\count286
\pgf@shadingcount=\count287
)
(/usr/share/texlive/texmf-dist/tex/generic/pgf/basiclayer/pgfcoreimage.code.tex
File: pgfcoreimage.code.tex 2023-01-15 v3.1.10 (3.1.10)
)
(/usr/share/texlive/texmf-dist/tex/generic/pgf/basiclayer/pgfcoreexternal.code.
tex
File: pgfcoreexternal.code.tex 2023-01-15 v3.1.10 (3.1.10)
\pgfexternal@startupbox=\box57
)
(/usr/share/texlive/texmf-dist/tex/generic/pgf/basiclayer/pgfcorelayers.code.te
x
File: pgfcorelayers.code.tex 2023-01-15 v3.1.10 (3.1.10)
)
(/usr/share/texlive/texmf-dist/tex/generic/pgf/basiclayer/pgfcoretransparency.c
ode.tex
File: pgfcoretransparency.code.tex 2023-01-15 v3.1.10 (3.1.10)
)
(/usr/share/texlive/texmf-dist/tex/generic/pgf/basiclayer/pgfcorepatterns.code.
tex
File: pgfcorepatterns.code.tex 2023-01-15 v3.1.10 (3.1.10)
)
(/usr/share/texlive/texmf-dist/tex/generic/pgf/basiclayer/pgfcorerdf.code.tex
File: pgfcorerdf.code.tex 2023-01-15 v3.1.10 (3.1.10)
)))
(/usr/share/texlive/texmf-dist/tex/generic/pgf/modules/pgfmoduleshapes.code.tex
File: pgfmoduleshapes.code.tex 2023-01-15 v3.1.10 (3.1.10)
\pgfnodeparttextbox=\box58
) (/usr/share/texlive/texmf-dist/tex/generic/pgf/modules/pgfmoduleplot.code.tex
File: pgfmoduleplot.code.tex 2023-01-15 v3.1.10 (3.1.10)
)
(/usr/share/texlive/texmf-dist/tex/latex/pgf/compatibility/pgfcomp-version-0-65
.sty
Package: pgfcomp-version-0-65 2023-01-15 v3.1.10 (3.1.10)
\pgf@nodesepstart=\dimen191
\pgf@nodesepend=\dimen192
)
(/usr/share/texlive/texmf-dist/tex/latex/pgf/compatibility/pgfcomp-version-1-18
.sty
Package: pgfcomp-version-1-18 2023-01-15 v3.1.10 (3.1.10)
)) (/usr/share/texlive/texmf-dist/tex/latex/pgf/utilities/pgffor.sty
(/usr/share/texlive/texmf-dist/tex/latex/pgf/utilities/pgfkeys.sty
(/usr/share/texlive/texmf-dist/tex/generic/pgf/utilities/pgfkeys.code.tex))
(/usr/share/texlive/texmf-dist/tex/latex/pgf/math/pgfmath.sty
(/usr/share/texlive/texmf-dist/tex/generic/pgf/math/pgfmath.code.tex))
(/usr/share/texlive/texmf-dist/tex/generic/pgf/utilities/pgffor.code.tex
Package: pgffor 2023-01-15 v3.1.10 (3.1.10)
\pgffor@iter=\dimen193
\pgffor@skip=\dimen194
\pgffor@stack=\toks29
\pgffor@toks=\toks30
))
(/usr/share/texlive/texmf-dist/tex/generic/pgf/frontendlayer/tikz/tikz.code.tex
Package: tikz 2023-01-15 v3.1.10 (3.1.10)

(/usr/share/texlive/texmf-dist/tex/generic/pgf/libraries/pgflibraryplothandlers
.code.tex
File: pgflibraryplothandlers.code.tex 2023-01-15 v3.1.10 (3.1.10)
\pgf@plot@mark@count=\count288
\pgfplotmarksize=\dimen195
)
\tikz@lastx=\dimen196
\tikz@lasty=\dimen197
\tikz@lastxsaved=\dimen198
\tikz@lastysaved=\dimen199
\tikz@lastmovetox=\dimen256
\tikz@lastmovetoy=\dimen257
\tikzleveldistance=\dimen258
\tikzsiblingdistance=\dimen259
\tikz@figbox=\box59
\tikz@figbox@bg=\box60
\tikz@tempbox=\box61
\tikz@tempbox@bg=\box62
\tikztreelevel=\count289
\tikznumberofchildren=\count290
\tikznumberofcurrentchild=\count291
\tikz@fig@count=\count292

(/usr/share/texlive/texmf-dist/tex/generic/pgf/modules/pgfmodulematrix.code.tex
File: pgfmodulematrix.code.tex 2023-01-15 v3.1.10 (3.1.10)
\pgfmatrixcurrentrow=\count293
\pgfmatrixcurrentcolumn=\count294
\pgf@matrix@numberofcolumns=\count295
)
\tikz@expandcount=\count296

(/usr/share/texlive/texmf-dist/tex/generic/pgf/frontendlayer/tikz/libraries/tik
zlibrarytopaths.code.tex
File: tikzlibrarytopaths.code.tex 2023-01-15 v3.1.10 (3.1.10)
)))
(/usr/share/texlive/texmf-dist/tex/latex/eso-pic/eso-pic.sty
Package: eso-pic 2023/05/03 v3.0c eso-pic (RN)
\ESO@tempdima=\dimen260
\ESO@tempdimb=\dimen261
)
(/usr/share/texlive/texmf-dist/tex/latex/tools/tabularx.sty
Package: tabularx 2023/07/08 v2.11c `tabularx' package (DPC)

(/usr/share/texlive/texmf-dist/tex/latex/tools/array.sty
Package: array 2023/10/16 v2.5g Tabular extension package (FMi)
\col@sep=\dimen262
\ar@mcellbox=\box63
\extrarowheight=\dimen263
\NC@list=\toks31
\extratabsurround=\skip50
\backup@length=\skip51
\ar@cellbox=\box64
)
\TX@col@width=\dimen264
\TX@old@table=\dimen265
\TX@old@col=\dimen266
\TX@target=\dimen267
\TX@delta=\dimen268
\TX@cols=\count297
\TX@ftn=\toks32
)
(/usr/share/texlive/texmf-dist/tex/latex/fancyhdr/fancyhdr.sty
Package: fancyhdr 2022/11/09 v4.1 Extensive control of page headers and footers

\f@nch@headwidth=\skip52
\f@nch@O@elh=\skip53
\f@nch@O@erh=\skip54
\f@nch@O@olh=\skip55
\f@nch@O@orh=\skip56
\f@nch@O@elf=\skip57
\f@nch@O@erf=\skip58
\f@nch@O@olf=\skip59
\f@nch@O@orf=\skip60
)
(/usr/share/texlive/texmf-dist/tex/latex/needspace/needspace.sty
Package: needspace 2010/09/12 v1.3d reserve vertical space
)
(/usr/share/texlive/texmf-dist/tex/latex/tools/multicol.sty
Package: multicol 2023/03/30 v1.9f multicolumn formatting (FMi)
\c@tracingmulticols=\count298
\mult@box=\box65
\multicol@leftmargin=\dimen269
\c@unbalance=\count299
\c@collectmore=\count300
\doublecol@number=\count301
\multicoltolerance=\count302
\multicolpretolerance=\count303
\full@width=\dimen270
\page@free=\dimen271
\premulticols=\dimen272
\postmulticols=\dimen273
\multicolsep=\skip61
\multicolbaselineskip=\skip62
\partial@page=\box66
\last@line=\box67
\mc@boxedresult=\box68
\maxbalancingoverflow=\dimen274
\mult@rightbox=\box69
\mult@grightbox=\box70
\mult@firstbox=\box71
\mult@gfirstbox=\box72
\@tempa=\box73
\@tempa=\box74
\@tempa=\box75
\@tempa=\box76
\@tempa=\box77
\@tempa=\box78
\@tempa=\box79
\@tempa=\box80
\@tempa=\box81
\@tempa=\box82
\@tempa=\box83
\@tempa=\box84
\@tempa=\box85
\@tempa=\box86
\@tempa=\box87
\@tempa=\box88
\@tempa=\box89
\@tempa=\box90
\@tempa=\box91
\@tempa=\box92
\@tempa=\box93
\@tempa=\box94
\@tempa=\box95
\@tempa=\box96
\@tempa=\box97
\@tempa=\box98
\@tempa=\box99
\@tempa=\box100
\@tempa=\box101
\@tempa=\box102
\@tempa=\box103
\@tempa=\box104
\@tempa=\box105
\@tempa=\box106
\@tempa=\box107
\@tempa=\box108
\c@minrows=\count304
\c@columnbadness=\count305
\c@finalcolumnbadness=\count306
\last@try=\dimen275
\multicolovershoot=\dimen276
\multicolundershoot=\dimen277
\mult@nat@firstbox=\box109
\colbreak@box=\box110
\mc@col@check@num=\count307
)
(/usr/share/texlive/texmf-dist/tex/latex/enumitem/enumitem.sty
Package: enumitem 2019/06/20 v3.9 Customized lists
\labelindent=\skip63
\enit@outerparindent=\dimen278
\enit@toks=\toks33
\enit@inbox=\box111
\enit@count@id=\count308
\enitdp@description=\count309
)

Package fontspec Info: Could not resolve font "Noto Sans CJK SC/I" (it
(fontspec)             probably doesn't exist).


Package fontspec Info: Font family 'NotoSansCJKSC(0)' created for font 'Noto
(fontspec)             Sans CJK SC' with options
(fontspec)             [Ligatures=NoCommon,Ligatures=TeX].
(fontspec)              
(fontspec)              This font family consists of the following NFSS
(fontspec)             series/shapes:
(fontspec)              
(fontspec)             - 'normal' (m/n) with NFSS spec.: <->"Noto Sans CJK
(fontspec)             SC/OT:script=latn;language=dflt;-liga;mapping=tex-text;"

(fontspec)             - 'small caps'  (m/sc) with NFSS spec.: 
(fontspec)             - 'bold' (b/n) with NFSS spec.: <->"Noto Sans CJK
(fontspec)             SC/B/OT:script=latn;language=dflt;-liga;mapping=tex-text
;"
(fontspec)             - 'bold small caps'  (b/sc) with NFSS spec.: 
(fontspec)             - 'bold italic' (b/it) with NFSS spec.: <->"Noto Sans
(fontspec)             CJK
(fontspec)             SC/BI/OT:script=latn;language=dflt;-liga;mapping=tex-tex
t;"
(fontspec)             - 'bold italic small caps'  (b/scit) with NFSS spec.: 


Package fontspec Info: Font family 'DejaVuSans(0)' created for font 'DejaVu
(fontspec)             Sans' with options [Ligatures=NoCommon].
(fontspec)              
(fontspec)              This font family consists of the following NFSS
(fontspec)             series/shapes:
(fontspec)              
(fontspec)             - 'normal' (m/n) with NFSS spec.: <->"DejaVu
(fontspec)             Sans/OT:script=latn;language=dflt;-liga;"
(fontspec)             - 'small caps'  (m/sc) with NFSS spec.: 
(fontspec)             - 'bold' (b/n) with NFSS spec.: <->"DejaVu
(fontspec)             Sans/B/OT:script=latn;language=dflt;-liga;"
(fontspec)             - 'bold small caps'  (b/sc) with NFSS spec.: 
(fontspec)             - 'italic' (m/it) with NFSS spec.: <->"DejaVu
(fontspec)             Sans/I/OT:script=latn;language=dflt;-liga;"
(fontspec)             - 'italic small caps'  (m/scit) with NFSS spec.: 
(fontspec)             - 'bold italic' (b/it) with NFSS spec.: <->"DejaVu
(fontspec)             Sans/BI/OT:script=latn;language=dflt;-liga;"
(fontspec)             - 'bold italic small caps'  (b/scit) with NFSS spec.: 


No file report_latex.aux.
\openout1 = `report_latex.aux'.

LaTeX Font Info:    Checking defaults for OML/cmm/m/it on input line 47.
LaTeX Font Info:    ... okay on input line 47.
LaTeX Font Info:    Checking defaults for OMS/cmsy/m/n on input line 47.
LaTeX Font Info:    ... okay on input line 47.
LaTeX Font Info:    Checking defaults for OT1/cmr/m/n on input line 47.
LaTeX Font Info:    ... okay on input line 47.
LaTeX Font Info:    Checking defaults for T1/cmr/m/n on input line 47.
LaTeX Font Info:    ... okay on input line 47.
LaTeX Font Info:    Checking defaults for TS1/cmr/m/n on input line 47.
LaTeX Font Info:    Trying to load font information for TS1+cmr on input line 4
7.
(/usr/share/texlive/texmf-dist/tex/latex/base/ts1cmr.fd
File: ts1cmr.fd 2023/04/13 v2.5m Standard LaTeX font definitions
)
LaTeX Font Info:    ... okay on input line 47.
LaTeX Font Info:    Checking defaults for TU/lmr/m/n on input line 47.
LaTeX Font Info:    ... okay on input line 47.
LaTeX Font Info:    Checking defaults for OMX/cmex/m/n on input line 47.
LaTeX Font Info:    ... okay on input line 47.
LaTeX Font Info:    Checking defaults for U/cmr/m/n on input line 47.
LaTeX Font Info:    ... okay on input line 47.

*geometry* driver: auto-detecting
*geometry* detected driver: xetex
*geometry* verbose mode - [ preamble ] result:
* driver: xetex
* paper: a4paper
* layout: <same size as paper>
* layoutoffset:(h,v)=(0.0pt,0.0pt)
* modes: 
* h-part:(L,W,R)=(39.83385pt, 517.84018pt, 39.83385pt)
* v-part:(T,H,B)=(51.21495pt, 736.92639pt, 56.9055pt)
* \paperwidth=597.50787pt
* \paperheight=845.04684pt
* \textwidth=517.84018pt
* \textheight=736.92639pt
* \oddsidemargin=-32.43614pt
* \evensidemargin=-32.43614pt
* \topmargin=-47.2814pt
* \headheight=12.0pt
* \headsep=14.22636pt
* \topskip=10.0pt
* \footskip=25.60747pt
* \marginparwidth=57.0pt
* \marginparsep=11.0pt
* \columnsep=10.0pt
* \skip\footins=9.0pt plus 4.0pt minus 2.0pt
* \hoffset=0.0pt
* \voffset=0.0pt
* \mag=1000
* \@twocolumnfalse
* \@twosidefalse
* \@mparswitchfalse
* \@reversemarginfalse
* (1in=72.27pt=25.4mm, 1cm=28.453pt)


Package fontspec Info: Adjusting the maths setup (use [no-math] to avoid
(fontspec)             this).

\symlegacymaths=\mathgroup4
LaTeX Font Info:    Overwriting symbol font `legacymaths' in version `bold'
(Font)                  OT1/cmr/m/n --> OT1/cmr/bx/n on input line 47.
LaTeX Font Info:    Redeclaring math accent \acute on input line 47.
LaTeX Font Info:    Redeclaring math accent \grave on input line 47.
LaTeX Font Info:    Redeclaring math accent \ddot on input line 47.
LaTeX Font Info:    Redeclaring math accent \tilde on input line 47.
LaTeX Font Info:    Redeclaring math accent \bar on input line 47.
LaTeX Font Info:    Redeclaring math accent \breve on input line 47.
LaTeX Font Info:    Redeclaring math accent \check on input line 47.
LaTeX Font Info:    Redeclaring math accent \hat on input line 47.
LaTeX Font Info:    Redeclaring math accent \dot on input line 47.
LaTeX Font Info:    Redeclaring math accent \mathring on input line 47.
LaTeX Font Info:    Redeclaring math symbol \colon on input line 47.
LaTeX Font Info:    Redeclaring math symbol \Gamma on input line 47.
LaTeX Font Info:    Redeclaring math symbol \Delta on input line 47.
LaTeX Font Info:    Redeclaring math symbol \Theta on input line 47.
LaTeX Font Info:    Redeclaring math symbol \Lambda on input line 47.
LaTeX Font Info:    Redeclaring math symbol \Xi on input line 47.
LaTeX Font Info:    Redeclaring math symbol \Pi on input line 47.
LaTeX Font Info:    Redeclaring math symbol \Sigma on input line 47.
LaTeX Font Info:    Redeclaring math symbol \Upsilon on input line 47.
LaTeX Font Info:    Redeclaring math symbol \Phi on input line 47.
LaTeX Font Info:    Redeclaring math symbol \Psi on input line 47.
LaTeX Font Info:    Redeclaring math symbol \Omega on input line 47.
LaTeX Font Info:    Redeclaring math symbol \mathdollar on input line 47.
LaTeX Font Info:    Redeclaring symbol font `operators' on input line 47.
LaTeX Font Info:    Encoding `OT1' has changed to `TU' for symbol font
(Font)              `operators' in the math version `normal' on input line 47.
LaTeX Font Info:    Overwriting symbol font `operators' in version `normal'
(Font)                  OT1/cmr/m/n --> TU/NotoSansCJKSC(0)/m/n on input line 4
7.
LaTeX Font Info:    Encoding `OT1' has changed to `TU' for symbol font
(Font)              `operators' in the math version `bold' on input line 47.
LaTeX Font Info:    Overwriting symbol font `operators' in version `bold'
(Font)                  OT1/cmr/bx/n --> TU/NotoSansCJKSC(0)/m/n on input line 
47.
LaTeX Font Info:    Overwriting symbol font `operators' in version `normal'
(Font)                  TU/NotoSansCJKSC(0)/m/n --> TU/NotoSansCJKSC(0)/m/n on 
input line 47.
LaTeX Font Info:    Overwriting math alphabet `\mathit' in version `normal'
(Font)                  OT1/cmr/m/it --> TU/NotoSansCJKSC(0)/m/it on input line
 47.
LaTeX Font Info:    Overwriting math alphabet `\mathbf' in version `normal'
(Font)                  OT1/cmr/bx/n --> TU/NotoSansCJKSC(0)/b/n on input line 
47.
LaTeX Font Info:    Overwriting math alphabet `\mathsf' in version `normal'
(Font)                  OT1/cmss/m/n --> TU/NotoSansCJKSC(0)/m/n on input line 
47.
LaTeX Font Info:    Overwriting math alphabet `\mathtt' in version `normal'
(Font)                  OT1/cmtt/m/n --> TU/lmtt/m/n on input line 47.
LaTeX Font Info:    Overwriting symbol font `operators' in version `bold'
(Font)                  TU/NotoSansCJKSC(0)/m/n --> TU/NotoSansCJKSC(0)/b/n on 
input line 47.
LaTeX Font Info:    Overwriting math alphabet `\mathit' in version `bold'
(Font)                  OT1/cmr/bx/it --> TU/NotoSansCJKSC(0)/b/it on input lin
e 47.
LaTeX Font Info:    Overwriting math alphabet `\mathsf' in version `bold'
(Font)                  OT1/cmss/bx/n --> TU/NotoSansCJKSC(0)/b/n on input line
 47.
LaTeX Font Info:    Overwriting math alphabet `\mathtt' in version `bold'
(Font)                  OT1/cmtt/m/n --> TU/lmtt/b/n on input line 47.

Overfull \hbox (43.71353pt too wide) in paragraph at lines 61--61
[]\TU/NotoSansCJKSC(0)/m/n/24 Nuclear Fusion Commercialization
 []


Underfull \hbox (badness 10000) in paragraph at lines 61--61
\TU/NotoSansCJKSC(0)/m/n/24 Outlook and Strategic
 []

LaTeX Font Info:    External font `cmex10' loaded for size
(Font)              <7> on input line 61.
LaTeX Font Info:    External font `cmex10' loaded for size
(Font)              <5> on input line 61.
File: assets/cover-ai.png Graphic file (type bmp)
<assets/cover-ai.png>
[1


] [2


]
File: assets/image-1.png Graphic file (type bmp)
<assets/image-1.png>

Underfull \hbox (badness 10000) in paragraph at lines 115--115
[]\TU/NotoSansCJKSC(0)/m/n/17 Fusion commercialization
 []


Underfull \hbox (badness 10000) in paragraph at lines 115--115
\TU/NotoSansCJKSC(0)/m/n/17 timelines have shortened
 []


Underfull \hbox (badness 2343) in paragraph at lines 116--116
\TU/NotoSansCJKSC(0)/m/n/9 investments are accelerating, with first commercial
 []


Underfull \hbox (badness 10000) in paragraph at lines 116--116
\TU/NotoSansCJKSC(0)/m/n/9 significant technical, economic, and regulatory
 []


Underfull \hbox (badness 2913) in paragraph at lines 116--116
\TU/NotoSansCJKSC(0)/m/n/9 will depend on cost trajectories relative to rapidly

 []


Underfull \hbox (badness 10000) in paragraph at lines 116--116
\TU/NotoSansCJKSC(0)/m/n/9 improving renewables and storage. For senior
 []


Underfull \hbox (badness 6332) in paragraph at lines 116--116
\TU/NotoSansCJKSC(0)/m/n/9 executives, the strategic imperative is to monitor
 []


Underfull \hbox (badness 10000) in paragraph at lines 116--116
\TU/NotoSansCJKSC(0)/m/n/9 fusion developments closely, invest selectively in
 []


Underfull \hbox (badness 1314) in paragraph at lines 116--116
\TU/NotoSansCJKSC(0)/m/n/9 for a gradual adoption scenario that could reshape
 []


Underfull \hbox (badness 1237) in paragraph at lines 116--116
\TU/NotoSansCJKSC(0)/m/n/9 to commit capital now for long-term positioning or
 []


Underfull \hbox (badness 1990) in paragraph at lines 116--116
\TU/NotoSansCJKSC(0)/m/n/9 wait for clearer proof points, balancing the risk of

 []


Underfull \hbox (badness 2205) in paragraph at lines 116--116
\TU/NotoSansCJKSC(0)/m/n/9 missing early-mover advantages against the risk of
 []


Underfull \hbox (badness 1629) in paragraph at lines 118--118
[]\TU/NotoSansCJKSC(0)/m/n/9 Fusion\TU/DejaVuSans(0)/m/n/9 '\TU/NotoSansCJKSC(0
)/m/n/9 s levelized cost of energy (LCOE) is projected
 []


Underfull \hbox (badness 6412) in paragraph at lines 118--118
\TU/NotoSansCJKSC(0)/m/n/9 and complementarity with intermittent renewables.
 []


Underfull \hbox (badness 7740) in paragraph at lines 118--118
\TU/NotoSansCJKSC(0)/m/n/9 Global fusion investment has surged, with private
 []


Underfull \hbox (badness 5417) in paragraph at lines 118--118
\TU/NotoSansCJKSC(0)/m/n/9 funding exceeding $6 billion cumulatively by 2025,
 []


Underfull \hbox (badness 2221) in paragraph at lines 118--118
\TU/NotoSansCJKSC(0)/m/n/9 investment remains concentrated in a few ventures;
 []


Underfull \hbox (badness 10000) in paragraph at lines 118--118
\TU/NotoSansCJKSC(0)/m/n/9 due diligence on technology readiness is critical.
 []


Underfull \hbox (badness 6961) in paragraph at lines 118--118
\TU/NotoSansCJKSC(0)/m/n/9 reduce energy import dependence but also create
 []


Underfull \hbox (badness 1337) in paragraph at lines 118--118
\TU/NotoSansCJKSC(0)/m/n/9 (US, China, EU) will gain energy security and export

 []

[3


]
File: assets/image-2.png Graphic file (type bmp)
<assets/image-2.png>

Underfull \hbox (badness 1092) in paragraph at lines 134--134
\TU/NotoSansCJKSC(0)/m/n/9 is delayed to 2035. DOE milestone program aims for
 []


Underfull \hbox (badness 2600) in paragraph at lines 135--135
\TU/NotoSansCJKSC(0)/m/n/9 exceeding $6 billion cumulatively by 2025, driven by

 []


Underfull \hbox (badness 4713) in paragraph at lines 135--135
\TU/NotoSansCJKSC(0)/m/n/9 breakthroughs like LLNL\TU/DejaVuSans(0)/m/n/9 '\TU/
NotoSansCJKSC(0)/m/n/9 s ignition. Fusion Industry
 []


Underfull \hbox (badness 1418) in paragraph at lines 135--135
\TU/NotoSansCJKSC(0)/m/n/9 catalyzed investor interest. DOE\TU/DejaVuSans(0)/m/
n/9 '\TU/NotoSansCJKSC(0)/m/n/9 s milestone program
 []


Underfull \hbox (badness 1281) in paragraph at lines 137--137
\TU/NotoSansCJKSC(0)/m/n/9 baseload renewables but higher than solar and wind.
 []


Underfull \hbox (badness 2452) in paragraph at lines 137--137
\TU/NotoSansCJKSC(0)/m/n/9 Fusion Industry Association reports estimate LCOE of

 []


Underfull \hbox (badness 2707) in paragraph at lines 137--137
\TU/NotoSansCJKSC(0)/m/n/9 $50-100/MWh for first-of-a-kind plants, declining wi
th
 []


Underfull \hbox (badness 2173) in paragraph at lines 137--137
\TU/NotoSansCJKSC(0)/m/n/9 Fusion is unlikely to disrupt low-cost solar and win
d
 []


Underfull \hbox (badness 1776) in paragraph at lines 138--138
[]\TU/NotoSansCJKSC(0)/m/n/9 Geopolitical implications are significant: fusion 
could
 []


Underfull \hbox (badness 6284) in paragraph at lines 138--138
\TU/NotoSansCJKSC(0)/m/n/9 projects) could leapfrog Western efforts. DOE and
 []


Underfull \hbox (badness 7504) in paragraph at lines 138--138
\TU/NotoSansCJKSC(0)/m/n/9 from fusion neutron sources. Nations with fusion
 []

[4

]
Underfull \hbox (badness 2582) in paragraph at lines 150--150
 [][]\TU/NotoSansCJKSC(0)/m/n/7 Customer proof
 []


Underfull \hbox (badness 6252) in paragraph at lines 154--154
 [][]\TU/NotoSansCJKSC(0)/m/n/7 Cost case
 []


Underfull \hbox (badness 1681) in paragraph at lines 158--158
 [][]\TU/NotoSansCJKSC(0)/m/n/7 Technical delivery
 []


Underfull \hbox (badness 2435) in paragraph at lines 162--162
 [][]\TU/NotoSansCJKSC(0)/m/n/7 Regulatory path
 []


Underfull \hbox (badness 3128) in paragraph at lines 166--166
 [][]\TU/NotoSansCJKSC(0)/m/n/7 Partner access
 []

[5

]
Underfull \hbox (badness 3189) in paragraph at lines 274--274
 [][]\TU/NotoSansCJKSC(0)/m/n/7 Source checks
 []


Underfull \hbox (badness 3000) in paragraph at lines 278--278
 [][]\TU/NotoSansCJKSC(0)/m/n/7 Customer calls
 []


Underfull \hbox (badness 4872) in paragraph at lines 282--282
 [][]\TU/NotoSansCJKSC(0)/m/n/7 Cost model
 []


Underfull \hbox (badness 3780) in paragraph at lines 286--286
 [][]\TU/NotoSansCJKSC(0)/m/n/7 Policy review
 []


Underfull \hbox (badness 3078) in paragraph at lines 290--290
 [][]\TU/NotoSansCJKSC(0)/m/n/7 Partner screen
 []

[6

]
File: assets/image-1.png Graphic file (type bmp)
<assets/image-1.png>
 [7

]
Underfull \hbox (badness 4120) in paragraph at lines 392--392
[]\TU/NotoSansCJKSC(0)/m/n/8 The validation cadence should improve facts before
 escalating resource
 []

[8

]
File: assets/image-2.png Graphic file (type bmp)
<assets/image-2.png>

Overfull \hbox (96.3509pt too wide) in paragraph at lines 423--423
\TU/NotoSansCJKSC(0)/m/n/9 gov/science/fusion-energy-sciences/fusion-milestone-
based-development-program 
 []

[9

]
Underfull \hbox (badness 10000) in paragraph at lines 462--462
[]\TU/NotoSansCJKSC(0)/m/n/8 The chart separates capital, operating and mainten
ance drivers so
 []


Underfull \hbox (badness 10000) in paragraph at lines 462--462
\TU/NotoSansCJKSC(0)/m/n/8 management can test which cost lever would change th
e investment
 []

[10

]
File: assets/image-3.png Graphic file (type bmp)
<assets/image-3.png>
 [11

]
File: assets/image-4.png Graphic file (type bmp)
<assets/image-4.png>
 [12

]
Underfull \hbox (badness 10000) in paragraph at lines 596--596
 [][]\TU/NotoSansCJKSC(0)/m/n/7 Physics
 []


Underfull \hbox (badness 10000) in paragraph at lines 600--600
 [][]\TU/NotoSansCJKSC(0)/m/n/7 Cost
 []


Underfull \hbox (badness 10000) in paragraph at lines 604--604
 [][]\TU/NotoSansCJKSC(0)/m/n/7 Supply
 []


Underfull \hbox (badness 5592) in paragraph at lines 608--608
 [][]\TU/NotoSansCJKSC(0)/m/n/7 Regulation
 []


Underfull \hbox (badness 7415) in paragraph at lines 612--612
 [][]\TU/NotoSansCJKSC(0)/m/n/7 Demand
 []

[13

]
File: assets/image-5.png Graphic file (type bmp)
<assets/image-5.png>
 [14

]
File: assets/image-6.png Graphic file (type bmp)
<assets/image-6.png>
 [15

] [16

]
File: assets/image-7.png Graphic file (type bmp)
<assets/image-7.png>

Overfull \hbox (96.3509pt too wide) in paragraph at lines 771--771
\TU/NotoSansCJKSC(0)/m/n/9 gov/science/fusion-energy-sciences/fusion-milestone-
based-development-program 
 []


Overfull \hbox (96.3509pt too wide) in paragraph at lines 774--774
\TU/NotoSansCJKSC(0)/m/n/9 gov/science/fusion-energy-sciences/fusion-milestone-
based-development-program 
 []

[17

]
File: assets/image-8.png Graphic file (type bmp)
<assets/image-8.png>

Overfull \hbox (96.3509pt too wide) in paragraph at lines 797--797
\TU/NotoSansCJKSC(0)/m/n/9 gov/science/fusion-energy-sciences/fusion-milestone-
based-development-program 
 []

[18

] [19

]
Underfull \hbox (badness 10000) in paragraph at lines 899--899
[]\TU/NotoSansCJKSC(0)/m/n/15 Public materials support a
 []


Underfull \hbox (badness 3168) in paragraph at lines 899--899
\TU/NotoSansCJKSC(0)/m/n/15 strategic view, not a transaction
 []


Underfull \hbox (badness 7433) in paragraph at lines 900--900
[]\TU/NotoSansCJKSC(0)/m/n/8 This report has been prepared for strategy discuss
ion and
 []


Underfull \hbox (badness 1675) in paragraph at lines 900--900
\TU/NotoSansCJKSC(0)/m/n/8 are directional and should be independently validate
d before
 []


Underfull \hbox (badness 1412) in paragraph at lines 900--900
\TU/NotoSansCJKSC(0)/m/n/8 or operational decisions. Forward-looking views may 
change
 []

[20

]
Underfull \hbox (badness 10000) in paragraph at lines 923--923
\TU/NotoSansCJKSC(0)/m/n/16 it changes a management
 []


Underfull \hbox (badness 10000) in paragraph at lines 925--925
[]\TU/NotoSansCJKSC(0)/m/n/8 This report draws on Osti, Energy, Iaea, Iter,
 []


Underfull \hbox (badness 10000) in paragraph at lines 937--937
[]|\TU/NotoSansCJKSC(0)/b/n/9 This report was
 []


Underfull \hbox (badness 10000) in paragraph at lines 937--937
\TU/NotoSansCJKSC(0)/b/n/9 prepared by a
 []


Underfull \hbox (badness 10000) in paragraph at lines 937--937
\TU/NotoSansCJKSC(0)/b/n/9 team of energy
 []


Underfull \hbox (badness 10000) in paragraph at lines 937--937
\TU/NotoSansCJKSC(0)/b/n/9 strategy analysts
 []

[21

]
File: assets/cover-ai.png Graphic file (type bmp)
<assets/cover-ai.png>
 [22

] (./report_latex.aux)
 ***********
LaTeX2e <2023-11-01> patch level 1
L3 programming layer <2024-01-22>
 ***********


LaTeX Warning: Label(s) may have changed. Rerun to get cross-references right.

 ) 
Here is how much of TeX's memory you used:
 15536 strings out of 476904
 359146 string characters out of 5806012
 1939627 words of memory out of 5000000
 37153 multiletter control sequences out of 15000+600000
 558845 words of font info for 76 fonts, out of 8000000 for 9000
 14 hyphenation exceptions out of 8191
 84i,13n,104p,991b,562s stack positions out of 10000i,1000n,20000p,200000b,200000s

Output written on report_latex.pdf (22 pages).
