exmf-dist/tex/generic/pgf/utilities/pgffor.code.tex))
(/usr/share/texlive/texmf-dist/tex/generic/pgf/frontendlayer/tikz/tikz.code.tex

(/usr/share/texlive/texmf-dist/tex/generic/pgf/libraries/pgflibraryplothandlers
.code.tex)
(/usr/share/texlive/texmf-dist/tex/generic/pgf/modules/pgfmodulematrix.code.tex
)
(/usr/share/texlive/texmf-dist/tex/generic/pgf/frontendlayer/tikz/libraries/tik
zlibrarytopaths.code.tex)))
(/usr/share/texlive/texmf-dist/tex/latex/tools/tabularx.sty
(/usr/share/texlive/texmf-dist/tex/latex/tools/array.sty))
(/usr/share/texlive/texmf-dist/tex/latex/fancyhdr/fancyhdr.sty)
(/usr/share/texlive/texmf-dist/tex/latex/needspace/needspace.sty)
(/usr/share/texlive/texmf-dist/tex/latex/tools/multicol.sty)
(/usr/share/texlive/texmf-dist/tex/latex/enumitem/enumitem.sty)
No file report_latex.aux.
(/usr/share/texlive/texmf-dist/tex/latex/base/ts1cmr.fd)
*geometry* driver: auto-detecting
*geometry* detected driver: xetex
[1] [2]
Underfull \hbox (badness 10000) in paragraph at lines 90--90
[]\TU/NotoSansCJKSC(0)/m/n/17 Nuclear fusion energy

Underfull \hbox (badness 10000) in paragraph at lines 90--90
\TU/NotoSansCJKSC(0)/m/n/17 is approaching a pivotal

Underfull \hbox (badness 10000) in paragraph at lines 91--91
[]\TU/NotoSansCJKSC(0)/m/n/9 Nuclear fusion energy is approaching a pivotal

Underfull \hbox (badness 6691) in paragraph at lines 91--91
\TU/NotoSansCJKSC(0)/m/n/9 inflection point, with multiple private and public

Underfull \hbox (badness 3088) in paragraph at lines 91--91
\TU/NotoSansCJKSC(0)/m/n/9 projects targeting net-energy gain and pilot plants

Underfull \hbox (badness 1406) in paragraph at lines 91--91
\TU/NotoSansCJKSC(0)/m/n/9 by the early 2030s. The commercial implication is

Underfull \hbox (badness 10000) in paragraph at lines 91--91
\TU/NotoSansCJKSC(0)/m/n/9 baseload power, reshaping electricity markets,

Underfull \hbox (badness 4608) in paragraph at lines 91--91
\TU/NotoSansCJKSC(0)/m/n/9 industrial decarbonization, and energy geopolitics.

Underfull \hbox (badness 10000) in paragraph at lines 91--91
\TU/NotoSansCJKSC(0)/m/n/9 However, evidence remains limited-key cost and

Underfull \hbox (badness 10000) in paragraph at lines 91--91
\TU/NotoSansCJKSC(0)/m/n/9 timeline data are unverified, and engineering

Underfull \hbox (badness 1681) in paragraph at lines 91--91
\TU/NotoSansCJKSC(0)/m/n/9 challenges persist. The primary risk is that fusion

Underfull \hbox (badness 4096) in paragraph at lines 91--91
\TU/NotoSansCJKSC(0)/m/n/9 may not achieve cost parity with renewables and

Underfull \hbox (badness 1571) in paragraph at lines 91--91
\TU/NotoSansCJKSC(0)/m/n/9 storage before 2050, or that regulatory and tritium

Underfull \hbox (badness 1888) in paragraph at lines 91--91
\TU/NotoSansCJKSC(0)/m/n/9 should immediately form partnerships with leading

Underfull \hbox (badness 10000) in paragraph at lines 91--91
\TU/NotoSansCJKSC(0)/m/n/9 that balances near-term flexibility with long-term

Underfull \hbox (badness 1769) in paragraph at lines 93--93
\TU/NotoSansCJKSC(0)/m/n/9 commercialization outlook and strategic implications


Underfull \hbox (badness 10000) in paragraph at lines 93--93
\TU/NotoSansCJKSC(0)/m/n/9 separate verified facts, directional scenarios and

Underfull \hbox (badness 10000) in paragraph at lines 93--93
\TU/NotoSansCJKSC(0)/m/n/9 missing diligence items before committing capital,

Underfull \hbox (badness 2213) in paragraph at lines 93--93
\TU/NotoSansCJKSC(0)/m/n/9 partnerships or market-entry resources. The report

Underfull \hbox (badness 10000) in paragraph at lines 93--93
\TU/NotoSansCJKSC(0)/m/n/9 should translate technical evidence into revenue
[3] [4] [5] [6] [7] [8] [9] [10] [11] [12] [13] [14] [15] [16] [17] [18]
[19] [20] (./report_latex.aux)

LaTeX Warning: Label(s) may have changed. Rerun to get cross-references right.

 )
(see the transcript file for additional information)
Output written on report_latex.pdf (20 pages).
Transcript written on report_latex.log.
/share/texlive/texmf-dist/tex/generic/pgf/math/pgfmath.code.tex))
(/usr/share/texlive/texmf-dist/tex/generic/pgf/utilities/pgffor.code.tex))
(/usr/share/texlive/texmf-dist/tex/generic/pgf/frontendlayer/tikz/tikz.code.tex

(/usr/share/texlive/texmf-dist/tex/generic/pgf/libraries/pgflibraryplothandlers
.code.tex)
(/usr/share/texlive/texmf-dist/tex/generic/pgf/modules/pgfmodulematrix.code.tex
)
(/usr/share/texlive/texmf-dist/tex/generic/pgf/frontendlayer/tikz/libraries/tik
zlibrarytopaths.code.tex)))
(/usr/share/texlive/texmf-dist/tex/latex/tools/tabularx.sty
(/usr/share/texlive/texmf-dist/tex/latex/tools/array.sty))
(/usr/share/texlive/texmf-dist/tex/latex/fancyhdr/fancyhdr.sty)
(/usr/share/texlive/texmf-dist/tex/latex/needspace/needspace.sty)
(/usr/share/texlive/texmf-dist/tex/latex/tools/multicol.sty)
(/usr/share/texlive/texmf-dist/tex/latex/enumitem/enumitem.sty)
(./report_latex.aux) (/usr/share/texlive/texmf-dist/tex/latex/base/ts1cmr.fd)
*geometry* driver: auto-detecting
*geometry* detected driver: xetex
[1] [2]
Underfull \hbox (badness 10000) in paragraph at lines 90--90
[]\TU/NotoSansCJKSC(0)/m/n/17 Nuclear fusion energy

Underfull \hbox (badness 10000) in paragraph at lines 90--90
\TU/NotoSansCJKSC(0)/m/n/17 is approaching a pivotal

Underfull \hbox (badness 10000) in paragraph at lines 91--91
[]\TU/NotoSansCJKSC(0)/m/n/9 Nuclear fusion energy is approaching a pivotal

Underfull \hbox (badness 6691) in paragraph at lines 91--91
\TU/NotoSansCJKSC(0)/m/n/9 inflection point, with multiple private and public

Underfull \hbox (badness 3088) in paragraph at lines 91--91
\TU/NotoSansCJKSC(0)/m/n/9 projects targeting net-energy gain and pilot plants

Underfull \hbox (badness 1406) in paragraph at lines 91--91
\TU/NotoSansCJKSC(0)/m/n/9 by the early 2030s. The commercial implication is

Underfull \hbox (badness 10000) in paragraph at lines 91--91
\TU/NotoSansCJKSC(0)/m/n/9 baseload power, reshaping electricity markets,

Underfull \hbox (badness 4608) in paragraph at lines 91--91
\TU/NotoSansCJKSC(0)/m/n/9 industrial decarbonization, and energy geopolitics.

Underfull \hbox (badness 10000) in paragraph at lines 91--91
\TU/NotoSansCJKSC(0)/m/n/9 However, evidence remains limited-key cost and

Underfull \hbox (badness 10000) in paragraph at lines 91--91
\TU/NotoSansCJKSC(0)/m/n/9 timeline data are unverified, and engineering

Underfull \hbox (badness 1681) in paragraph at lines 91--91
\TU/NotoSansCJKSC(0)/m/n/9 challenges persist. The primary risk is that fusion

Underfull \hbox (badness 4096) in paragraph at lines 91--91
\TU/NotoSansCJKSC(0)/m/n/9 may not achieve cost parity with renewables and

Underfull \hbox (badness 1571) in paragraph at lines 91--91
\TU/NotoSansCJKSC(0)/m/n/9 storage before 2050, or that regulatory and tritium

Underfull \hbox (badness 1888) in paragraph at lines 91--91
\TU/NotoSansCJKSC(0)/m/n/9 should immediately form partnerships with leading

Underfull \hbox (badness 10000) in paragraph at lines 91--91
\TU/NotoSansCJKSC(0)/m/n/9 that balances near-term flexibility with long-term

Underfull \hbox (badness 1769) in paragraph at lines 93--93
\TU/NotoSansCJKSC(0)/m/n/9 commercialization outlook and strategic implications


Underfull \hbox (badness 10000) in paragraph at lines 93--93
\TU/NotoSansCJKSC(0)/m/n/9 separate verified facts, directional scenarios and

Underfull \hbox (badness 10000) in paragraph at lines 93--93
\TU/NotoSansCJKSC(0)/m/n/9 missing diligence items before committing capital,

Underfull \hbox (badness 2213) in paragraph at lines 93--93
\TU/NotoSansCJKSC(0)/m/n/9 partnerships or market-entry resources. The report

Underfull \hbox (badness 10000) in paragraph at lines 93--93
\TU/NotoSansCJKSC(0)/m/n/9 should translate technical evidence into revenue
[3] [4] [5] [6] [7] [8] [9] [10] [11] [12] [13] [14] [15] [16] [17] [18]
[19] [20] (./report_latex.aux) )
(see the transcript file for additional information)
Output written on report_latex.pdf (20 pages).
Transcript written on report_latex.log.
