, with magneti
c

Underfull \hbox (badness 2111) in paragraph at lines 94--94
\TU/NotoSansCJKSC(0)/m/n/9 confinement leading in maturity. Cost competitivenes
s

Underfull \hbox (badness 2042) in paragraph at lines 94--94
\TU/NotoSansCJKSC(0)/m/n/9 Strategic implications include energy independence, 
cli-

Underfull \hbox (badness 1527) in paragraph at lines 94--94
\TU/NotoSansCJKSC(0)/m/n/9 public record is constrained by limited operational 
data

Underfull \hbox (badness 1348) in paragraph at lines 98--99
[]\TU/NotoSansCJKSC(0)/m/n/8 Nuclear fusion commercialization is advancing but 
faces

Underfull \hbox (badness 2556) in paragraph at lines 98--99
\TU/NotoSansCJKSC(0)/m/n/8 a decade-long path to grid-scale power, with magneti
c

Underfull \hbox (badness 1127) in paragraph at lines 99--100
\TU/NotoSansCJKSC(0)/m/n/8 mature fusion approach, with several private compani
es
[3] [4]
Underfull \hbox (badness 1127) in paragraph at lines 134--134
\TU/NotoSansCJKSC(0)/m/n/9 7-X, offer steady-state operation but are more compl
ex. Inertial

Underfull \hbox (badness 3590) in paragraph at lines 134--134
\TU/NotoSansCJKSC(0)/m/n/9 lasers or projectiles to compress fuel. Alternative 
approaches

Underfull \hbox (badness 1990) in paragraph at lines 134--134
\TU/NotoSansCJKSC(0)/m/n/9 configurations (Helion Energy) could offer lower cos
t and faster

Underfull \hbox (badness 1019) in paragraph at lines 135--135
[]\TU/NotoSansCJKSC(0)/m/n/9 The available public record: no approach has demon
strated net

Underfull \hbox (badness 1308) in paragraph at lines 136--136
\TU/NotoSansCJKSC(0)/m/n/9 technology approach is risky. A portfolio strategy t
hat includes
[5]
Underfull \hbox (badness 1057) in paragraph at lines 154--154
\TU/NotoSansCJKSC(0)/m/n/9 commit $500 million to a fusion startup targeting 20
35

Underfull \hbox (badness 4699) in paragraph at lines 158--158
[]\TU/NotoSansCJKSC(0)/m/n/14 Should we invest now to secure

Underfull \hbox (badness 1424) in paragraph at lines 158--158
\TU/NotoSansCJKSC(0)/m/n/14 a first-mover position, or wait for
[6] [7]
Underfull \hbox (badness 6725) in paragraph at lines 190--190
[]\TU/NotoSansCJKSC(0)/m/n/9 Private fusion investment has surged past $5 billi
on globally,

Underfull \hbox (badness 8189) in paragraph at lines 191--191
[]\TU/NotoSansCJKSC(0)/m/n/9 The issue matters because Nuclear Fusion Commercia
lization:

Underfull \hbox (badness 4899) in paragraph at lines 191--191
\TU/NotoSansCJKSC(0)/m/n/9 from a science-led narrative into a capital-allocati
on question.

Underfull \hbox (badness 1424) in paragraph at lines 192--192
[]\TU/NotoSansCJKSC(0)/m/n/9 The first lens is technology readiness. Progress i
n laboratories,

Underfull \hbox (badness 1365) in paragraph at lines 192--192
\TU/NotoSansCJKSC(0)/m/n/9 pilots and private-company demonstrations should be 
separated

Underfull \hbox (badness 4779) in paragraph at lines 192--192
\TU/NotoSansCJKSC(0)/m/n/9 will ultimately underwrite uptime, maintainability, 
safety case,

Underfull \hbox (badness 2126) in paragraph at lines 192--192
\TU/NotoSansCJKSC(0)/m/n/9 supply availability and lifecycle economics rather t
han headline
[8] [9]
Underfull \hbox (badness 1442) in paragraph at lines 235--236
[]\TU/NotoSansCJKSC(0)/m/n/9 Engage with policymakers to develop fusion-specifi
c

Underfull \hbox (badness 2884) in paragraph at lines 237--238
[]\TU/NotoSansCJKSC(0)/m/n/9 Build a fusion workforce through partnerships with


Underfull \hbox (badness 5908) in paragraph at lines 242--243
[]\TU/NotoSansCJKSC(0)/m/n/9 Technical delays push commercialization beyond

Underfull \hbox (badness 1048) in paragraph at lines 244--245
\TU/NotoSansCJKSC(0)/m/n/9 in key markets by 2028; Advocate for harmonized
[10] [11] [12] (./report_latex.aux)

LaTeX Warning: Label(s) may have changed. Rerun to get cross-references right.

 )
(see the transcript file for additional information)
Output written on report_latex.pdf (12 pages).
Transcript written on report_latex.log.
 at lines 94--94
\TU/NotoSansCJKSC(0)/m/n/9 a decade-long path to grid-scale power, with magneti
c

Underfull \hbox (badness 2111) in paragraph at lines 94--94
\TU/NotoSansCJKSC(0)/m/n/9 confinement leading in maturity. Cost competitivenes
s

Underfull \hbox (badness 2042) in paragraph at lines 94--94
\TU/NotoSansCJKSC(0)/m/n/9 Strategic implications include energy independence, 
cli-

Underfull \hbox (badness 1527) in paragraph at lines 94--94
\TU/NotoSansCJKSC(0)/m/n/9 public record is constrained by limited operational 
data

Underfull \hbox (badness 1348) in paragraph at lines 98--99
[]\TU/NotoSansCJKSC(0)/m/n/8 Nuclear fusion commercialization is advancing but 
faces

Underfull \hbox (badness 2556) in paragraph at lines 98--99
\TU/NotoSansCJKSC(0)/m/n/8 a decade-long path to grid-scale power, with magneti
c

Underfull \hbox (badness 1127) in paragraph at lines 99--100
\TU/NotoSansCJKSC(0)/m/n/8 mature fusion approach, with several private compani
es
[3] [4]
Underfull \hbox (badness 1127) in paragraph at lines 134--134
\TU/NotoSansCJKSC(0)/m/n/9 7-X, offer steady-state operation but are more compl
ex. Inertial

Underfull \hbox (badness 3590) in paragraph at lines 134--134
\TU/NotoSansCJKSC(0)/m/n/9 lasers or projectiles to compress fuel. Alternative 
approaches

Underfull \hbox (badness 1990) in paragraph at lines 134--134
\TU/NotoSansCJKSC(0)/m/n/9 configurations (Helion Energy) could offer lower cos
t and faster

Underfull \hbox (badness 1019) in paragraph at lines 135--135
[]\TU/NotoSansCJKSC(0)/m/n/9 The available public record: no approach has demon
strated net

Underfull \hbox (badness 1308) in paragraph at lines 136--136
\TU/NotoSansCJKSC(0)/m/n/9 technology approach is risky. A portfolio strategy t
hat includes
[5]
Underfull \hbox (badness 1057) in paragraph at lines 154--154
\TU/NotoSansCJKSC(0)/m/n/9 commit $500 million to a fusion startup targeting 20
35

Underfull \hbox (badness 4699) in paragraph at lines 158--158
[]\TU/NotoSansCJKSC(0)/m/n/14 Should we invest now to secure

Underfull \hbox (badness 1424) in paragraph at lines 158--158
\TU/NotoSansCJKSC(0)/m/n/14 a first-mover position, or wait for
[6] [7]
Underfull \hbox (badness 6725) in paragraph at lines 190--190
[]\TU/NotoSansCJKSC(0)/m/n/9 Private fusion investment has surged past $5 billi
on globally,

Underfull \hbox (badness 8189) in paragraph at lines 191--191
[]\TU/NotoSansCJKSC(0)/m/n/9 The issue matters because Nuclear Fusion Commercia
lization:

Underfull \hbox (badness 4899) in paragraph at lines 191--191
\TU/NotoSansCJKSC(0)/m/n/9 from a science-led narrative into a capital-allocati
on question.

Underfull \hbox (badness 1424) in paragraph at lines 192--192
[]\TU/NotoSansCJKSC(0)/m/n/9 The first lens is technology readiness. Progress i
n laboratories,

Underfull \hbox (badness 1365) in paragraph at lines 192--192
\TU/NotoSansCJKSC(0)/m/n/9 pilots and private-company demonstrations should be 
separated

Underfull \hbox (badness 4779) in paragraph at lines 192--192
\TU/NotoSansCJKSC(0)/m/n/9 will ultimately underwrite uptime, maintainability, 
safety case,

Underfull \hbox (badness 2126) in paragraph at lines 192--192
\TU/NotoSansCJKSC(0)/m/n/9 supply availability and lifecycle economics rather t
han headline
[8] [9]
Underfull \hbox (badness 1442) in paragraph at lines 235--236
[]\TU/NotoSansCJKSC(0)/m/n/9 Engage with policymakers to develop fusion-specifi
c

Underfull \hbox (badness 2884) in paragraph at lines 237--238
[]\TU/NotoSansCJKSC(0)/m/n/9 Build a fusion workforce through partnerships with


Underfull \hbox (badness 5908) in paragraph at lines 242--243
[]\TU/NotoSansCJKSC(0)/m/n/9 Technical delays push commercialization beyond

Underfull \hbox (badness 1048) in paragraph at lines 244--245
\TU/NotoSansCJKSC(0)/m/n/9 in key markets by 2028; Advocate for harmonized
[10] [11] [12] (./report_latex.aux) )
(see the transcript file for additional information)
Output written on report_latex.pdf (12 pages).
Transcript written on report_latex.log.
