105
\TU/NotoSansCJKSC(0)/m/n/9 and tritium supply, materials durability, and regula
tory

Underfull \hbox (badness 3612) in paragraph at lines 105--105
\TU/NotoSansCJKSC(0)/m/n/9 strategic imperative is to monitor fusion developmen
ts

Underfull \hbox (badness 1960) in paragraph at lines 105--105
\TU/NotoSansCJKSC(0)/m/n/9 closely, selectively invest in enabling technologies
 (e.g.,

Underfull \hbox (badness 10000) in paragraph at lines 105--105
\TU/NotoSansCJKSC(0)/m/n/9 tritium breeding, high-temperature superconductors),


Underfull \hbox (badness 2057) in paragraph at lines 105--105
\TU/NotoSansCJKSC(0)/m/n/9 and prepare for potential disruption in baseload pow
er

Underfull \hbox (badness 4072) in paragraph at lines 105--105
\TU/NotoSansCJKSC(0)/m/n/9 evaluate partnership opportunities with leading priv
ate

Underfull \hbox (badness 5548) in paragraph at lines 110--111
[]\TU/NotoSansCJKSC(0)/m/n/8 The CEO-level question is not whether Nuclear fusi
on

Underfull \hbox (badness 4132) in paragraph at lines 110--111
\TU/NotoSansCJKSC(0)/m/n/8 commercialization outlook and strategic implications
 is

Underfull \hbox (badness 4940) in paragraph at lines 111--112
[]\TU/NotoSansCJKSC(0)/m/n/8 Management should separate verified facts, directi
onal
[3] [4] [5] [6] [7]
Underfull \hbox (badness 1888) in paragraph at lines 192--192
[]\TU/NotoSansCJKSC(0)/m/n/9 In 2028, a leading private fusion company announce
s net

Underfull \hbox (badness 10000) in paragraph at lines 193--193
[]\TU/NotoSansCJKSC(0)/b/n/9 Acquire a minority stake (10-15%) with board

Underfull \hbox (badness 3189) in paragraph at lines 193--193
\TU/NotoSansCJKSC(0)/b/n/9 observation rights. This provides a seat at the tabl
e

Underfull \hbox (badness 10000) in paragraph at lines 193--193
\TU/NotoSansCJKSC(0)/b/n/9 without overcommitting. Simultaneously, negotiate

Underfull \hbox (badness 10000) in paragraph at lines 193--193
\TU/NotoSansCJKSC(0)/b/n/9 a preferred-supplier agreement for fusion-generated
[8] [9] [10] [11] [12] [13] [14] [15] [16] [17] [18]
Underfull \hbox (badness 3209) in paragraph at lines 390--391
\TU/NotoSansCJKSC(0)/m/n/9 technical milestones, regulatory developments, and

Underfull \hbox (badness 10000) in paragraph at lines 391--392
[]\TU/NotoSansCJKSC(0)/m/n/9 Invest in enabling technologies: high-temperature

Underfull \hbox (badness 10000) in paragraph at lines 391--392
\TU/NotoSansCJKSC(0)/m/n/9 superconductors, tritium breeding materials, and

Underfull \hbox (badness 10000) in paragraph at lines 392--393
[]\TU/NotoSansCJKSC(0)/m/n/9 Develop a fusion-ready energy portfolio strategy,

Underfull \hbox (badness 2073) in paragraph at lines 393--394
[]\TU/NotoSansCJKSC(0)/m/n/9 Engage with policymakers to shape fusion licensing


Underfull \hbox (badness 2591) in paragraph at lines 398--399
[]\TU/NotoSansCJKSC(0)/m/n/9 Technical risk: Plasma instabilities and materials


Underfull \hbox (badness 3579) in paragraph at lines 399--400
\TU/NotoSansCJKSC(0)/m/n/9 for breeding blanket tests fail to achieve tritium

Underfull \hbox (badness 2556) in paragraph at lines 399--400
\TU/NotoSansCJKSC(0)/m/n/9 breeding ratio >1.0. Invest in alternative tritium

Underfull \hbox (badness 10000) in paragraph at lines 400--401
[]\TU/NotoSansCJKSC(0)/m/n/9 Economic risk: Fusion may not achieve cost

Underfull \hbox (badness 10000) in paragraph at lines 400--401
\TU/NotoSansCJKSC(0)/m/n/9 competitiveness with rapidly falling renewables

Underfull \hbox (badness 10000) in paragraph at lines 401--402
[]\TU/NotoSansCJKSC(0)/m/n/9 Regulatory risk: Lack of established licensing

Underfull \hbox (badness 10000) in paragraph at lines 401--402
\TU/NotoSansCJKSC(0)/m/n/9 frameworks could cause multi-year delays for
[19] [20] [21] (./report_latex.aux)

LaTeX Warning: Label(s) may have changed. Rerun to get cross-references right.

 )
(see the transcript file for additional information)
Output written on report_latex.pdf (21 pages).
Transcript written on report_latex.log.
advanced fission. The


Underfull \hbox (badness 2626) in paragraph at lines 105--105
\TU/NotoSansCJKSC(0)/m/n/9 and tritium supply, materials durability, and regula
tory

Underfull \hbox (badness 3612) in paragraph at lines 105--105
\TU/NotoSansCJKSC(0)/m/n/9 strategic imperative is to monitor fusion developmen
ts

Underfull \hbox (badness 1960) in paragraph at lines 105--105
\TU/NotoSansCJKSC(0)/m/n/9 closely, selectively invest in enabling technologies
 (e.g.,

Underfull \hbox (badness 10000) in paragraph at lines 105--105
\TU/NotoSansCJKSC(0)/m/n/9 tritium breeding, high-temperature superconductors),


Underfull \hbox (badness 2057) in paragraph at lines 105--105
\TU/NotoSansCJKSC(0)/m/n/9 and prepare for potential disruption in baseload pow
er

Underfull \hbox (badness 4072) in paragraph at lines 105--105
\TU/NotoSansCJKSC(0)/m/n/9 evaluate partnership opportunities with leading priv
ate

Underfull \hbox (badness 5548) in paragraph at lines 110--111
[]\TU/NotoSansCJKSC(0)/m/n/8 The CEO-level question is not whether Nuclear fusi
on

Underfull \hbox (badness 4132) in paragraph at lines 110--111
\TU/NotoSansCJKSC(0)/m/n/8 commercialization outlook and strategic implications
 is

Underfull \hbox (badness 4940) in paragraph at lines 111--112
[]\TU/NotoSansCJKSC(0)/m/n/8 Management should separate verified facts, directi
onal
[3] [4] [5] [6] [7]
Underfull \hbox (badness 1888) in paragraph at lines 192--192
[]\TU/NotoSansCJKSC(0)/m/n/9 In 2028, a leading private fusion company announce
s net

Underfull \hbox (badness 10000) in paragraph at lines 193--193
[]\TU/NotoSansCJKSC(0)/b/n/9 Acquire a minority stake (10-15%) with board

Underfull \hbox (badness 3189) in paragraph at lines 193--193
\TU/NotoSansCJKSC(0)/b/n/9 observation rights. This provides a seat at the tabl
e

Underfull \hbox (badness 10000) in paragraph at lines 193--193
\TU/NotoSansCJKSC(0)/b/n/9 without overcommitting. Simultaneously, negotiate

Underfull \hbox (badness 10000) in paragraph at lines 193--193
\TU/NotoSansCJKSC(0)/b/n/9 a preferred-supplier agreement for fusion-generated
[8] [9] [10] [11] [12] [13] [14] [15] [16] [17] [18]
Underfull \hbox (badness 3209) in paragraph at lines 390--391
\TU/NotoSansCJKSC(0)/m/n/9 technical milestones, regulatory developments, and

Underfull \hbox (badness 10000) in paragraph at lines 391--392
[]\TU/NotoSansCJKSC(0)/m/n/9 Invest in enabling technologies: high-temperature

Underfull \hbox (badness 10000) in paragraph at lines 391--392
\TU/NotoSansCJKSC(0)/m/n/9 superconductors, tritium breeding materials, and

Underfull \hbox (badness 10000) in paragraph at lines 392--393
[]\TU/NotoSansCJKSC(0)/m/n/9 Develop a fusion-ready energy portfolio strategy,

Underfull \hbox (badness 2073) in paragraph at lines 393--394
[]\TU/NotoSansCJKSC(0)/m/n/9 Engage with policymakers to shape fusion licensing


Underfull \hbox (badness 2591) in paragraph at lines 398--399
[]\TU/NotoSansCJKSC(0)/m/n/9 Technical risk: Plasma instabilities and materials


Underfull \hbox (badness 3579) in paragraph at lines 399--400
\TU/NotoSansCJKSC(0)/m/n/9 for breeding blanket tests fail to achieve tritium

Underfull \hbox (badness 2556) in paragraph at lines 399--400
\TU/NotoSansCJKSC(0)/m/n/9 breeding ratio >1.0. Invest in alternative tritium

Underfull \hbox (badness 10000) in paragraph at lines 400--401
[]\TU/NotoSansCJKSC(0)/m/n/9 Economic risk: Fusion may not achieve cost

Underfull \hbox (badness 10000) in paragraph at lines 400--401
\TU/NotoSansCJKSC(0)/m/n/9 competitiveness with rapidly falling renewables

Underfull \hbox (badness 10000) in paragraph at lines 401--402
[]\TU/NotoSansCJKSC(0)/m/n/9 Regulatory risk: Lack of established licensing

Underfull \hbox (badness 10000) in paragraph at lines 401--402
\TU/NotoSansCJKSC(0)/m/n/9 frameworks could cause multi-year delays for
[19] [20] [21] (./report_latex.aux) )
(see the transcript file for additional information)
Output written on report_latex.pdf (21 pages).
Transcript written on report_latex.log.
