fancyhdr/fancyhdr.sty)
(/usr/share/texlive/texmf-dist/tex/latex/needspace/needspace.sty)
(/usr/share/texlive/texmf-dist/tex/latex/tools/multicol.sty)
(/usr/share/texlive/texmf-dist/tex/latex/enumitem/enumitem.sty)
No file report_latex.aux.
(/usr/share/texlive/texmf-dist/tex/latex/base/ts1cmr.fd)
*geometry* driver: auto-detecting
*geometry* detected driver: xetex
[1] [2]
Underfull \hbox (badness 10000) in paragraph at lines 90--90
[]\TU/NotoSansCJKSC(0)/m/n/17 Nuclear fusion

Underfull \hbox (badness 10000) in paragraph at lines 90--90
\TU/NotoSansCJKSC(0)/m/n/17 is approaching a

Underfull \hbox (badness 10000) in paragraph at lines 90--90
\TU/NotoSansCJKSC(0)/m/n/17 critical technical

Underfull \hbox (badness 10000) in paragraph at lines 90--90
\TU/NotoSansCJKSC(0)/m/n/17 milestone-scientific

Underfull \hbox (badness 10000) in paragraph at lines 90--90
\TU/NotoSansCJKSC(0)/m/n/17 net energy gain-but

Underfull \hbox (badness 7451) in paragraph at lines 91--91
[]\TU/NotoSansCJKSC(0)/m/n/9 Nuclear fusion is approaching a critical technical


Underfull \hbox (badness 10000) in paragraph at lines 91--91
\TU/NotoSansCJKSC(0)/m/n/9 milestone-scientific net energy gain-but

Underfull \hbox (badness 10000) in paragraph at lines 91--91
\TU/NotoSansCJKSC(0)/m/n/9 Private ventures have accelerated timelines, yet

Underfull \hbox (badness 6001) in paragraph at lines 91--91
\TU/NotoSansCJKSC(0)/m/n/9 persist. The strategic implications are profound:

Underfull \hbox (badness 2088) in paragraph at lines 91--91
\TU/NotoSansCJKSC(0)/m/n/9 fusion could reshape energy independence, reduce

Underfull \hbox (badness 1152) in paragraph at lines 91--91
\TU/NotoSansCJKSC(0)/m/n/9 fossil fuel dependence, and create new geopolitical

Underfull \hbox (badness 2653) in paragraph at lines 91--91
\TU/NotoSansCJKSC(0)/m/n/9 dynamics, but it also introduces proliferation risks


Underfull \hbox (badness 10000) in paragraph at lines 91--91
\TU/NotoSansCJKSC(0)/m/n/9 milestones (e.g., SPARC, ITER) while investing in

Underfull \hbox (badness 1515) in paragraph at lines 91--91
\TU/NotoSansCJKSC(0)/m/n/9 parallel in near-term decarbonization options. The

Underfull \hbox (badness 1859) in paragraph at lines 91--91
\TU/NotoSansCJKSC(0)/m/n/9 evidence base is limited; many projections rely on

Underfull \hbox (badness 10000) in paragraph at lines 91--91
\TU/NotoSansCJKSC(0)/m/n/9 unverified company timelines and modeled cost

Underfull \hbox (badness 2042) in paragraph at lines 91--91
\TU/NotoSansCJKSC(0)/m/n/9 estimates. The risk of fusion being uncompetitive

Underfull \hbox (badness 6063) in paragraph at lines 91--91
\TU/NotoSansCJKSC(0)/m/n/9 against rapidly falling renewables+storage costs is

Underfull \hbox (badness 1389) in paragraph at lines 91--91
\TU/NotoSansCJKSC(0)/m/n/9 fusion R&D investment with robust near-term clean

Underfull \hbox (badness 10000) in paragraph at lines 93--93
\TU/NotoSansCJKSC(0)/m/n/9 reshape energy independence, reduce fossil fuel

Underfull \hbox (badness 10000) in paragraph at lines 93--93
\TU/NotoSansCJKSC(0)/m/n/9 bottlenecks. For decision-makers, the immediate

Underfull \hbox (badness 10000) in paragraph at lines 93--93
\TU/NotoSansCJKSC(0)/m/n/9 next step is to monitor key technical milestones

Underfull \hbox (badness 10000) in paragraph at lines 93--93
\TU/NotoSansCJKSC(0)/m/n/9 (e.g., SPARC, ITER) while investing in parallel in

Underfull \hbox (badness 10000) in paragraph at lines 93--93
\TU/NotoSansCJKSC(0)/m/n/9 near-term decarbonization options. The evidence

Underfull \hbox (badness 1931) in paragraph at lines 93--93
\TU/NotoSansCJKSC(0)/m/n/9 base is limited; many projections rely on unverified

[3] [4] [5] [6] [7] [8] [9] [10] [11] [12] [13] [14] [15] [16] [17] [18]
(./report_latex.aux)

LaTeX Warning: Label(s) may have changed. Rerun to get cross-references right.

 )
(see the transcript file for additional information)
Output written on report_latex.pdf (18 pages).
Transcript written on report_latex.log.
exlive/texmf-dist/tex/latex/tools/array.sty))
(/usr/share/texlive/texmf-dist/tex/latex/fancyhdr/fancyhdr.sty)
(/usr/share/texlive/texmf-dist/tex/latex/needspace/needspace.sty)
(/usr/share/texlive/texmf-dist/tex/latex/tools/multicol.sty)
(/usr/share/texlive/texmf-dist/tex/latex/enumitem/enumitem.sty)
(./report_latex.aux) (/usr/share/texlive/texmf-dist/tex/latex/base/ts1cmr.fd)
*geometry* driver: auto-detecting
*geometry* detected driver: xetex
[1] [2]
Underfull \hbox (badness 10000) in paragraph at lines 90--90
[]\TU/NotoSansCJKSC(0)/m/n/17 Nuclear fusion

Underfull \hbox (badness 10000) in paragraph at lines 90--90
\TU/NotoSansCJKSC(0)/m/n/17 is approaching a

Underfull \hbox (badness 10000) in paragraph at lines 90--90
\TU/NotoSansCJKSC(0)/m/n/17 critical technical

Underfull \hbox (badness 10000) in paragraph at lines 90--90
\TU/NotoSansCJKSC(0)/m/n/17 milestone-scientific

Underfull \hbox (badness 10000) in paragraph at lines 90--90
\TU/NotoSansCJKSC(0)/m/n/17 net energy gain-but

Underfull \hbox (badness 7451) in paragraph at lines 91--91
[]\TU/NotoSansCJKSC(0)/m/n/9 Nuclear fusion is approaching a critical technical


Underfull \hbox (badness 10000) in paragraph at lines 91--91
\TU/NotoSansCJKSC(0)/m/n/9 milestone-scientific net energy gain-but

Underfull \hbox (badness 10000) in paragraph at lines 91--91
\TU/NotoSansCJKSC(0)/m/n/9 Private ventures have accelerated timelines, yet

Underfull \hbox (badness 6001) in paragraph at lines 91--91
\TU/NotoSansCJKSC(0)/m/n/9 persist. The strategic implications are profound:

Underfull \hbox (badness 2088) in paragraph at lines 91--91
\TU/NotoSansCJKSC(0)/m/n/9 fusion could reshape energy independence, reduce

Underfull \hbox (badness 1152) in paragraph at lines 91--91
\TU/NotoSansCJKSC(0)/m/n/9 fossil fuel dependence, and create new geopolitical

Underfull \hbox (badness 2653) in paragraph at lines 91--91
\TU/NotoSansCJKSC(0)/m/n/9 dynamics, but it also introduces proliferation risks


Underfull \hbox (badness 10000) in paragraph at lines 91--91
\TU/NotoSansCJKSC(0)/m/n/9 milestones (e.g., SPARC, ITER) while investing in

Underfull \hbox (badness 1515) in paragraph at lines 91--91
\TU/NotoSansCJKSC(0)/m/n/9 parallel in near-term decarbonization options. The

Underfull \hbox (badness 1859) in paragraph at lines 91--91
\TU/NotoSansCJKSC(0)/m/n/9 evidence base is limited; many projections rely on

Underfull \hbox (badness 10000) in paragraph at lines 91--91
\TU/NotoSansCJKSC(0)/m/n/9 unverified company timelines and modeled cost

Underfull \hbox (badness 2042) in paragraph at lines 91--91
\TU/NotoSansCJKSC(0)/m/n/9 estimates. The risk of fusion being uncompetitive

Underfull \hbox (badness 6063) in paragraph at lines 91--91
\TU/NotoSansCJKSC(0)/m/n/9 against rapidly falling renewables+storage costs is

Underfull \hbox (badness 1389) in paragraph at lines 91--91
\TU/NotoSansCJKSC(0)/m/n/9 fusion R&D investment with robust near-term clean

Underfull \hbox (badness 10000) in paragraph at lines 93--93
\TU/NotoSansCJKSC(0)/m/n/9 reshape energy independence, reduce fossil fuel

Underfull \hbox (badness 10000) in paragraph at lines 93--93
\TU/NotoSansCJKSC(0)/m/n/9 bottlenecks. For decision-makers, the immediate

Underfull \hbox (badness 10000) in paragraph at lines 93--93
\TU/NotoSansCJKSC(0)/m/n/9 next step is to monitor key technical milestones

Underfull \hbox (badness 10000) in paragraph at lines 93--93
\TU/NotoSansCJKSC(0)/m/n/9 (e.g., SPARC, ITER) while investing in parallel in

Underfull \hbox (badness 10000) in paragraph at lines 93--93
\TU/NotoSansCJKSC(0)/m/n/9 near-term decarbonization options. The evidence

Underfull \hbox (badness 1931) in paragraph at lines 93--93
\TU/NotoSansCJKSC(0)/m/n/9 base is limited; many projections rely on unverified

[3] [4] [5] [6] [7] [8] [9] [10] [11] [12] [13] [14] [15] [16] [17] [18]
(./report_latex.aux) )
(see the transcript file for additional information)
Output written on report_latex.pdf (18 pages).
Transcript written on report_latex.log.
