SC(0)/m/n/9 s milestone
[4]
Underfull \hbox (badness 2600) in paragraph at lines 186--186
 [][]\TU/NotoSansCJKSC(0)/m/n/7 Science.osti.gov

Underfull \hbox (badness 5431) in paragraph at lines 190--190
 [][]\TU/NotoSansCJKSC(0)/m/n/7 Energy.gov

Underfull \hbox (badness 7777) in paragraph at lines 194--194
 [][]\TU/NotoSansCJKSC(0)/m/n/7 Iaea.org

Underfull \hbox (badness 10000) in paragraph at lines 198--198
 [][]\TU/NotoSansCJKSC(0)/m/n/7 Iter.org
[5]
Underfull \hbox (badness 6592) in paragraph at lines 279--279
 [][]\TU/NotoSansCJKSC(0)/m/n/7 Technical

Underfull \hbox (badness 10000) in paragraph at lines 283--283
 [][]\TU/NotoSansCJKSC(0)/m/n/7 Policy

Underfull \hbox (badness 4699) in paragraph at lines 287--287
 [][]\TU/NotoSansCJKSC(0)/m/n/7 Commercial

Underfull \hbox (badness 7685) in paragraph at lines 291--291
 [][]\TU/NotoSansCJKSC(0)/m/n/7 Funding

Underfull \hbox (badness 7203) in paragraph at lines 295--295
 [][]\TU/NotoSansCJKSC(0)/m/n/7 Timeline
[6] [7]
Underfull \hbox (badness 1072) in paragraph at lines 399--399
[]\TU/NotoSansCJKSC(0)/m/n/8 Pages and PDFs with extractable body text can supp
ort richer prose than
[8] [9] [10] [11] [12]
Overfull \hbox (15.98906pt too wide) in paragraph at lines 578--578
[][]\TU/NotoSansCJKSC(0)/m/n/7 Nationalacademies.org  

Overfull \hbox (19.48206pt too wide) in paragraph at lines 580--580
[][]\TU/NotoSansCJKSC(0)/m/n/7 Fusionindustryassociati.  

Underfull \hbox (badness 2293) in paragraph at lines 585--585
[]\TU/NotoSansCJKSC(0)/m/n/8 Upper-right domains deserve more weight in the nar
rative because they

Underfull \hbox (badness 7685) in paragraph at lines 607--607
 [][]\TU/NotoSansCJKSC(0)/m/n/7 Funding

Underfull \hbox (badness 10000) in paragraph at lines 611--611
 [][]\TU/NotoSansCJKSC(0)/m/n/7 Cost

Underfull \hbox (badness 7256) in paragraph at lines 615--615
 [][]\TU/NotoSansCJKSC(0)/m/n/7 Capacity

Underfull \hbox (badness 7203) in paragraph at lines 619--619
 [][]\TU/NotoSansCJKSC(0)/m/n/7 Timeline

Underfull \hbox (badness 10000) in paragraph at lines 623--623
 [][]\TU/NotoSansCJKSC(0)/m/n/7 Market

Underfull \hbox (badness 1024) in paragraph at lines 629--629
[]\TU/NotoSansCJKSC(0)/m/n/8 A CEO can act faster when funding, cost, capacity 
and market claims are
[13] [14] [15] [16] [17] [18]
Underfull \hbox (badness 1215) in paragraph at lines 868--868
[]\TU/NotoSansCJKSC(0)/m/n/8 The commercial conclusion becomes more credible wh
en multiple source
[19]
Underfull \hbox (badness 10000) in paragraph at lines 887--887
[]\TU/NotoSansCJKSC(0)/m/n/15 Public materials support a

Underfull \hbox (badness 3168) in paragraph at lines 887--887
\TU/NotoSansCJKSC(0)/m/n/15 strategic view, not a transaction

Underfull \hbox (badness 7433) in paragraph at lines 888--888
[]\TU/NotoSansCJKSC(0)/m/n/8 This report has been prepared for strategy discuss
ion and

Underfull \hbox (badness 1675) in paragraph at lines 888--888
\TU/NotoSansCJKSC(0)/m/n/8 are directional and should be independently validate
d before

Underfull \hbox (badness 1412) in paragraph at lines 888--888
\TU/NotoSansCJKSC(0)/m/n/8 or operational decisions. Forward-looking views may 
change
[20]
Underfull \hbox (badness 10000) in paragraph at lines 911--911
\TU/NotoSansCJKSC(0)/m/n/16 it changes a management

Underfull \hbox (badness 10000) in paragraph at lines 913--913
[]\TU/NotoSansCJKSC(0)/m/n/8 This report draws on Osti, Energy, Iaea, Iter,

Underfull \hbox (badness 10000) in paragraph at lines 925--925
[]|\TU/NotoSansCJKSC(0)/b/n/9 This report was

Underfull \hbox (badness 10000) in paragraph at lines 925--925
\TU/NotoSansCJKSC(0)/b/n/9 prepared by a

Underfull \hbox (badness 10000) in paragraph at lines 925--925
\TU/NotoSansCJKSC(0)/b/n/9 strategic research
[21] [22] (./report_latex.aux)

LaTeX Warning: Label(s) may have changed. Rerun to get cross-references right.

 )
(see the transcript file for additional information)
Output written on report_latex.pdf (22 pages).
Transcript written on report_latex.log.
