x/generic/pgf/basiclayer/pgfcoretransparency.c
ode.tex)
(/usr/share/texlive/texmf-dist/tex/generic/pgf/basiclayer/pgfcorepatterns.code.
tex)
(/usr/share/texlive/texmf-dist/tex/generic/pgf/basiclayer/pgfcorerdf.code.tex))
)
(/usr/share/texlive/texmf-dist/tex/generic/pgf/modules/pgfmoduleshapes.code.tex
) (/usr/share/texlive/texmf-dist/tex/generic/pgf/modules/pgfmoduleplot.code.tex
)
(/usr/share/texlive/texmf-dist/tex/latex/pgf/compatibility/pgfcomp-version-0-65
.sty)
(/usr/share/texlive/texmf-dist/tex/latex/pgf/compatibility/pgfcomp-version-1-18
.sty)) (/usr/share/texlive/texmf-dist/tex/latex/pgf/utilities/pgffor.sty
(/usr/share/texlive/texmf-dist/tex/latex/pgf/utilities/pgfkeys.sty
(/usr/share/texlive/texmf-dist/tex/generic/pgf/utilities/pgfkeys.code.tex))
(/usr/share/texlive/texmf-dist/tex/latex/pgf/math/pgfmath.sty
(/usr/share/texlive/texmf-dist/tex/generic/pgf/math/pgfmath.code.tex))
(/usr/share/texlive/texmf-dist/tex/generic/pgf/utilities/pgffor.code.tex))
(/usr/share/texlive/texmf-dist/tex/generic/pgf/frontendlayer/tikz/tikz.code.tex

(/usr/share/texlive/texmf-dist/tex/generic/pgf/libraries/pgflibraryplothandlers
.code.tex)
(/usr/share/texlive/texmf-dist/tex/generic/pgf/modules/pgfmodulematrix.code.tex
)
(/usr/share/texlive/texmf-dist/tex/generic/pgf/frontendlayer/tikz/libraries/tik
zlibrarytopaths.code.tex)))
(/usr/share/texlive/texmf-dist/tex/latex/tools/tabularx.sty
(/usr/share/texlive/texmf-dist/tex/latex/tools/array.sty))
(/usr/share/texlive/texmf-dist/tex/latex/fancyhdr/fancyhdr.sty)
(/usr/share/texlive/texmf-dist/tex/latex/needspace/needspace.sty)
(/usr/share/texlive/texmf-dist/tex/latex/tools/multicol.sty)
(/usr/share/texlive/texmf-dist/tex/latex/enumitem/enumitem.sty)
No file report_latex.aux.
(/usr/share/texlive/texmf-dist/tex/latex/base/ts1cmr.fd)
*geometry* driver: auto-detecting
*geometry* detected driver: xetex
[1] [2]
Underfull \hbox (badness 10000) in paragraph at lines 91--91
\TU/NotoSansCJKSC(0)/m/n/9 is still 10-15 years from grid-scale deployment,

Underfull \hbox (badness 1584) in paragraph at lines 91--91
\TU/NotoSansCJKSC(0)/m/n/9 and key challenges in tritium supply and materials

Underfull \hbox (badness 5316) in paragraph at lines 91--91
\TU/NotoSansCJKSC(0)/m/n/9 durability persist. The economic case for fusion

Underfull \hbox (badness 3240) in paragraph at lines 91--91
\TU/NotoSansCJKSC(0)/m/n/9 depends on achieving cost parity with renewables

Underfull \hbox (badness 10000) in paragraph at lines 91--91
\TU/NotoSansCJKSC(0)/m/n/9 uncertainty. For CEOs, the immediate strategic

Underfull \hbox (badness 2103) in paragraph at lines 91--91
\TU/NotoSansCJKSC(0)/m/n/9 question is whether to invest, partner, or monitor.

Underfull \hbox (badness 10000) in paragraph at lines 91--91
\TU/NotoSansCJKSC(0)/m/n/9 leading tokamak and alternative-concept startups

Underfull \hbox (badness 1199) in paragraph at lines 91--91
\TU/NotoSansCJKSC(0)/m/n/9 The primary risk is that unforeseen plasma physics

Underfull \hbox (badness 10000) in paragraph at lines 93--93
\TU/NotoSansCJKSC(0)/m/n/9 first time, exceeding $6 billion in 2024, signaling

Underfull \hbox (badness 10000) in paragraph at lines 93--93
\TU/NotoSansCJKSC(0)/m/n/9 growing commercial confidence. Key technical

Underfull \hbox (badness 6316) in paragraph at lines 93--93
\TU/NotoSansCJKSC(0)/m/n/9 challenges-particularly tritium supply and materials


Underfull \hbox (badness 2698) in paragraph at lines 93--93
\TU/NotoSansCJKSC(0)/m/n/9 durability-remain unresolved. The levelized cost of

Underfull \hbox (badness 7151) in paragraph at lines 93--93
\TU/NotoSansCJKSC(0)/m/n/9 fusion electricity is projected to reach parity with

[3] [4] [5] [6] [7] [8] [9] [10] [11] [12] [13] [14] [15] [16] [17] [18]
[19] [20] (./report_latex.aux)

LaTeX Warning: Label(s) may have changed. Rerun to get cross-references right.

 )
(see the transcript file for additional information)
Output written on report_latex.pdf (20 pages).
Transcript written on report_latex.log.
t/tex/generic/pgf/basiclayer/pgfcorelayers.code.te
x)
(/usr/share/texlive/texmf-dist/tex/generic/pgf/basiclayer/pgfcoretransparency.c
ode.tex)
(/usr/share/texlive/texmf-dist/tex/generic/pgf/basiclayer/pgfcorepatterns.code.
tex)
(/usr/share/texlive/texmf-dist/tex/generic/pgf/basiclayer/pgfcorerdf.code.tex))
)
(/usr/share/texlive/texmf-dist/tex/generic/pgf/modules/pgfmoduleshapes.code.tex
) (/usr/share/texlive/texmf-dist/tex/generic/pgf/modules/pgfmoduleplot.code.tex
)
(/usr/share/texlive/texmf-dist/tex/latex/pgf/compatibility/pgfcomp-version-0-65
.sty)
(/usr/share/texlive/texmf-dist/tex/latex/pgf/compatibility/pgfcomp-version-1-18
.sty)) (/usr/share/texlive/texmf-dist/tex/latex/pgf/utilities/pgffor.sty
(/usr/share/texlive/texmf-dist/tex/latex/pgf/utilities/pgfkeys.sty
(/usr/share/texlive/texmf-dist/tex/generic/pgf/utilities/pgfkeys.code.tex))
(/usr/share/texlive/texmf-dist/tex/latex/pgf/math/pgfmath.sty
(/usr/share/texlive/texmf-dist/tex/generic/pgf/math/pgfmath.code.tex))
(/usr/share/texlive/texmf-dist/tex/generic/pgf/utilities/pgffor.code.tex))
(/usr/share/texlive/texmf-dist/tex/generic/pgf/frontendlayer/tikz/tikz.code.tex

(/usr/share/texlive/texmf-dist/tex/generic/pgf/libraries/pgflibraryplothandlers
.code.tex)
(/usr/share/texlive/texmf-dist/tex/generic/pgf/modules/pgfmodulematrix.code.tex
)
(/usr/share/texlive/texmf-dist/tex/generic/pgf/frontendlayer/tikz/libraries/tik
zlibrarytopaths.code.tex)))
(/usr/share/texlive/texmf-dist/tex/latex/tools/tabularx.sty
(/usr/share/texlive/texmf-dist/tex/latex/tools/array.sty))
(/usr/share/texlive/texmf-dist/tex/latex/fancyhdr/fancyhdr.sty)
(/usr/share/texlive/texmf-dist/tex/latex/needspace/needspace.sty)
(/usr/share/texlive/texmf-dist/tex/latex/tools/multicol.sty)
(/usr/share/texlive/texmf-dist/tex/latex/enumitem/enumitem.sty)
(./report_latex.aux) (/usr/share/texlive/texmf-dist/tex/latex/base/ts1cmr.fd)
*geometry* driver: auto-detecting
*geometry* detected driver: xetex
[1] [2]
Underfull \hbox (badness 10000) in paragraph at lines 91--91
\TU/NotoSansCJKSC(0)/m/n/9 is still 10-15 years from grid-scale deployment,

Underfull \hbox (badness 1584) in paragraph at lines 91--91
\TU/NotoSansCJKSC(0)/m/n/9 and key challenges in tritium supply and materials

Underfull \hbox (badness 5316) in paragraph at lines 91--91
\TU/NotoSansCJKSC(0)/m/n/9 durability persist. The economic case for fusion

Underfull \hbox (badness 3240) in paragraph at lines 91--91
\TU/NotoSansCJKSC(0)/m/n/9 depends on achieving cost parity with renewables

Underfull \hbox (badness 10000) in paragraph at lines 91--91
\TU/NotoSansCJKSC(0)/m/n/9 uncertainty. For CEOs, the immediate strategic

Underfull \hbox (badness 2103) in paragraph at lines 91--91
\TU/NotoSansCJKSC(0)/m/n/9 question is whether to invest, partner, or monitor.

Underfull \hbox (badness 10000) in paragraph at lines 91--91
\TU/NotoSansCJKSC(0)/m/n/9 leading tokamak and alternative-concept startups

Underfull \hbox (badness 1199) in paragraph at lines 91--91
\TU/NotoSansCJKSC(0)/m/n/9 The primary risk is that unforeseen plasma physics

Underfull \hbox (badness 10000) in paragraph at lines 93--93
\TU/NotoSansCJKSC(0)/m/n/9 first time, exceeding $6 billion in 2024, signaling

Underfull \hbox (badness 10000) in paragraph at lines 93--93
\TU/NotoSansCJKSC(0)/m/n/9 growing commercial confidence. Key technical

Underfull \hbox (badness 6316) in paragraph at lines 93--93
\TU/NotoSansCJKSC(0)/m/n/9 challenges-particularly tritium supply and materials


Underfull \hbox (badness 2698) in paragraph at lines 93--93
\TU/NotoSansCJKSC(0)/m/n/9 durability-remain unresolved. The levelized cost of

Underfull \hbox (badness 7151) in paragraph at lines 93--93
\TU/NotoSansCJKSC(0)/m/n/9 fusion electricity is projected to reach parity with

[3] [4] [5] [6] [7] [8] [9] [10] [11] [12] [13] [14] [15] [16] [17] [18]
[19] [20] (./report_latex.aux) )
(see the transcript file for additional information)
Output written on report_latex.pdf (20 pages).
Transcript written on report_latex.log.
