adness 1242) in paragraph at lines 90--90
\TU/NotoSansCJKSC(0)/m/n/9 government-led projects like ITER. However, commerci
al

Underfull \hbox (badness 2368) in paragraph at lines 90--90
\TU/NotoSansCJKSC(0)/m/n/9 viability remains at least a decade away, and leveli
zed

Underfull \hbox (badness 1939) in paragraph at lines 90--90
\TU/NotoSansCJKSC(0)/m/n/9 early investment in fusion supply chains and workfor
ce

Underfull \hbox (badness 10000) in paragraph at lines 90--90
\TU/NotoSansCJKSC(0)/m/n/9 development can yield long-term advantages, but

Underfull \hbox (badness 10000) in paragraph at lines 90--90
\TU/NotoSansCJKSC(0)/m/n/9 near-term capital allocation should prioritize prove
n

Underfull \hbox (badness 2080) in paragraph at lines 90--90
\TU/NotoSansCJKSC(0)/m/n/9 risks are manageable with proactive engagement. The

Underfull \hbox (badness 10000) in paragraph at lines 90--90
\TU/NotoSansCJKSC(0)/m/n/9 developments, while initiating pilot partnerships wi
th

Underfull \hbox (badness 4024) in paragraph at lines 95--96
[]\TU/NotoSansCJKSC(0)/m/n/8 Strategic early investment in fusion supply chains
 and
[3] [4] [5] [6]
Underfull \hbox (badness 4454) in paragraph at lines 143--143
\TU/NotoSansCJKSC(0)/m/n/9 milestones alter decision quality and which mileston
es merely

Underfull \hbox (badness 1424) in paragraph at lines 144--144
[]\TU/NotoSansCJKSC(0)/m/n/9 The first lens is technology readiness. Progress i
n laboratories,

Underfull \hbox (badness 1365) in paragraph at lines 144--144
\TU/NotoSansCJKSC(0)/m/n/9 pilots and private-company demonstrations should be 
separated

Underfull \hbox (badness 4779) in paragraph at lines 144--144
\TU/NotoSansCJKSC(0)/m/n/9 will ultimately underwrite uptime, maintainability, 
safety case,

Underfull \hbox (badness 2126) in paragraph at lines 144--144
\TU/NotoSansCJKSC(0)/m/n/9 supply availability and lifecycle economics rather t
han headline
[7] [8]
Underfull \hbox (badness 1648) in paragraph at lines 175--175
\TU/NotoSansCJKSC(0)/m/n/9 to secure a strategic partnership and option on futu
re
[9] [10] [11]
Underfull \hbox (badness 1052) in paragraph at lines 222--222
[]\TU/NotoSansCJKSC(0)/m/n/9 Management should separate verified facts, directi
onal scenarios

Underfull \hbox (badness 4454) in paragraph at lines 223--223
\TU/NotoSansCJKSC(0)/m/n/9 milestones alter decision quality and which mileston
es merely

Underfull \hbox (badness 1424) in paragraph at lines 224--224
[]\TU/NotoSansCJKSC(0)/m/n/9 The first lens is technology readiness. Progress i
n laboratories,

Underfull \hbox (badness 1365) in paragraph at lines 224--224
\TU/NotoSansCJKSC(0)/m/n/9 pilots and private-company demonstrations should be 
separated

Underfull \hbox (badness 4779) in paragraph at lines 224--224
\TU/NotoSansCJKSC(0)/m/n/9 will ultimately underwrite uptime, maintainability, 
safety case,

Underfull \hbox (badness 2126) in paragraph at lines 224--224
\TU/NotoSansCJKSC(0)/m/n/9 supply availability and lifecycle economics rather t
han headline
[12] [13]
Underfull \hbox (badness 5878) in paragraph at lines 259--260
[]\TU/NotoSansCJKSC(0)/m/n/9 Develop a fusion investment portfolio with staged

Underfull \hbox (badness 1521) in paragraph at lines 266--267
[]\TU/NotoSansCJKSC(0)/m/n/9 Market risk: Rapidly falling costs of solar+storag
e

Underfull \hbox (badness 2005) in paragraph at lines 266--267
\TU/NotoSansCJKSC(0)/m/n/9 if technically successful.; Solar+storage LCOE falls


Underfull \hbox (badness 3078) in paragraph at lines 267--268
\TU/NotoSansCJKSC(0)/m/n/9 delay or block fusion projects despite safety ad-

Underfull \hbox (badness 2735) in paragraph at lines 267--268
\TU/NotoSansCJKSC(0)/m/n/9 vantages over fission.; Major fusion project faces
[14] [15] [16] (./report_latex.aux)

LaTeX Warning: Label(s) may have changed. Rerun to get cross-references right.

 )
(see the transcript file for additional information)
Output written on report_latex.pdf (16 pages).
Transcript written on report_latex.log.
C(0)/m/n/9 with private ventures accelerating timelines beyond

Underfull \hbox (badness 1242) in paragraph at lines 90--90
\TU/NotoSansCJKSC(0)/m/n/9 government-led projects like ITER. However, commerci
al

Underfull \hbox (badness 2368) in paragraph at lines 90--90
\TU/NotoSansCJKSC(0)/m/n/9 viability remains at least a decade away, and leveli
zed

Underfull \hbox (badness 1939) in paragraph at lines 90--90
\TU/NotoSansCJKSC(0)/m/n/9 early investment in fusion supply chains and workfor
ce

Underfull \hbox (badness 10000) in paragraph at lines 90--90
\TU/NotoSansCJKSC(0)/m/n/9 development can yield long-term advantages, but

Underfull \hbox (badness 10000) in paragraph at lines 90--90
\TU/NotoSansCJKSC(0)/m/n/9 near-term capital allocation should prioritize prove
n

Underfull \hbox (badness 2080) in paragraph at lines 90--90
\TU/NotoSansCJKSC(0)/m/n/9 risks are manageable with proactive engagement. The

Underfull \hbox (badness 10000) in paragraph at lines 90--90
\TU/NotoSansCJKSC(0)/m/n/9 developments, while initiating pilot partnerships wi
th

Underfull \hbox (badness 4024) in paragraph at lines 95--96
[]\TU/NotoSansCJKSC(0)/m/n/8 Strategic early investment in fusion supply chains
 and
[3] [4] [5] [6]
Underfull \hbox (badness 4454) in paragraph at lines 143--143
\TU/NotoSansCJKSC(0)/m/n/9 milestones alter decision quality and which mileston
es merely

Underfull \hbox (badness 1424) in paragraph at lines 144--144
[]\TU/NotoSansCJKSC(0)/m/n/9 The first lens is technology readiness. Progress i
n laboratories,

Underfull \hbox (badness 1365) in paragraph at lines 144--144
\TU/NotoSansCJKSC(0)/m/n/9 pilots and private-company demonstrations should be 
separated

Underfull \hbox (badness 4779) in paragraph at lines 144--144
\TU/NotoSansCJKSC(0)/m/n/9 will ultimately underwrite uptime, maintainability, 
safety case,

Underfull \hbox (badness 2126) in paragraph at lines 144--144
\TU/NotoSansCJKSC(0)/m/n/9 supply availability and lifecycle economics rather t
han headline
[7] [8]
Underfull \hbox (badness 1648) in paragraph at lines 175--175
\TU/NotoSansCJKSC(0)/m/n/9 to secure a strategic partnership and option on futu
re
[9] [10] [11]
Underfull \hbox (badness 1052) in paragraph at lines 222--222
[]\TU/NotoSansCJKSC(0)/m/n/9 Management should separate verified facts, directi
onal scenarios

Underfull \hbox (badness 4454) in paragraph at lines 223--223
\TU/NotoSansCJKSC(0)/m/n/9 milestones alter decision quality and which mileston
es merely

Underfull \hbox (badness 1424) in paragraph at lines 224--224
[]\TU/NotoSansCJKSC(0)/m/n/9 The first lens is technology readiness. Progress i
n laboratories,

Underfull \hbox (badness 1365) in paragraph at lines 224--224
\TU/NotoSansCJKSC(0)/m/n/9 pilots and private-company demonstrations should be 
separated

Underfull \hbox (badness 4779) in paragraph at lines 224--224
\TU/NotoSansCJKSC(0)/m/n/9 will ultimately underwrite uptime, maintainability, 
safety case,

Underfull \hbox (badness 2126) in paragraph at lines 224--224
\TU/NotoSansCJKSC(0)/m/n/9 supply availability and lifecycle economics rather t
han headline
[12] [13]
Underfull \hbox (badness 5878) in paragraph at lines 259--260
[]\TU/NotoSansCJKSC(0)/m/n/9 Develop a fusion investment portfolio with staged

Underfull \hbox (badness 1521) in paragraph at lines 266--267
[]\TU/NotoSansCJKSC(0)/m/n/9 Market risk: Rapidly falling costs of solar+storag
e

Underfull \hbox (badness 2005) in paragraph at lines 266--267
\TU/NotoSansCJKSC(0)/m/n/9 if technically successful.; Solar+storage LCOE falls


Underfull \hbox (badness 3078) in paragraph at lines 267--268
\TU/NotoSansCJKSC(0)/m/n/9 delay or block fusion projects despite safety ad-

Underfull \hbox (badness 2735) in paragraph at lines 267--268
\TU/NotoSansCJKSC(0)/m/n/9 vantages over fission.; Major fusion project faces
[14] [15] [16] (./report_latex.aux) )
(see the transcript file for additional information)
Output written on report_latex.pdf (16 pages).
Transcript written on report_latex.log.
