ercial demonstration by the 2030s
.

Underfull \hbox (badness 3954) in paragraph at lines 105--105
\TU/NotoSansCJKSC(0)/m/n/9 However, commercialization remains at least a decade


Underfull \hbox (badness 2237) in paragraph at lines 105--105
\TU/NotoSansCJKSC(0)/m/n/9 away, and the technology faces significant engineeri
ng,

Underfull \hbox (badness 1127) in paragraph at lines 105--105
\TU/NotoSansCJKSC(0)/m/n/9 cost, and regulatory hurdles. The strategic implicat
ions

Underfull \hbox (badness 2418) in paragraph at lines 105--105
\TU/NotoSansCJKSC(0)/m/n/9 our organization, the immediate decision is to monit
or

Underfull \hbox (badness 4168) in paragraph at lines 105--105
\TU/NotoSansCJKSC(0)/m/n/9 and selectively invest in fusion R&D and supply chai
n

Underfull \hbox (badness 1354) in paragraph at lines 105--105
\TU/NotoSansCJKSC(0)/m/n/9 validation. Key risks include technical delays, comp
eti-

Underfull \hbox (badness 1028) in paragraph at lines 105--105
\TU/NotoSansCJKSC(0)/m/n/9 tion from cheaper renewables, and immature regulator
y

Underfull \hbox (badness 1789) in paragraph at lines 105--105
\TU/NotoSansCJKSC(0)/m/n/9 a cross-functional fusion intelligence task force to
 track

Underfull \hbox (badness 1755) in paragraph at lines 105--105
\TU/NotoSansCJKSC(0)/m/n/9 milestones and assess capital allocation options.\TU
/DejaVuSans(0)/m/n/9 '\TU/NotoSansCJKSC(0)/m/n/9 } The

Underfull \hbox (badness 5548) in paragraph at lines 110--111
[]\TU/NotoSansCJKSC(0)/m/n/8 The CEO-level question is not whether Nuclear fusi
on

Underfull \hbox (badness 4132) in paragraph at lines 110--111
\TU/NotoSansCJKSC(0)/m/n/8 commercialization outlook and strategic implications
 is

Underfull \hbox (badness 4940) in paragraph at lines 111--112
[]\TU/NotoSansCJKSC(0)/m/n/8 Management should separate verified facts, directi
onal
[3] [4] [5] [6] [7]
Underfull \hbox (badness 2781) in paragraph at lines 188--188
[]\TU/NotoSansCJKSC(0)/m/n/17 Should we commit signifi-

Underfull \hbox (badness 2080) in paragraph at lines 190--190
\TU/NotoSansCJKSC(0)/m/n/9 2035. Your board is divided: some see a transformati
ve

Underfull \hbox (badness 10000) in paragraph at lines 191--191
[]\TU/NotoSansCJKSC(0)/b/n/9 Decline the equity investment but offer a smaller,


Underfull \hbox (badness 4254) in paragraph at lines 191--191
\TU/NotoSansCJKSC(0)/b/n/9 milestone-based R&D partnership ($10-20 million) tie
d
[8] [9] [10] [11] [12] [13] [14] [15] [16] [17] [18]
Underfull \hbox (badness 1953) in paragraph at lines 388--389
\TU/NotoSansCJKSC(0)/m/n/9 tium breeding materials) through venture capital or

Underfull \hbox (badness 1424) in paragraph at lines 390--391
[]\TU/NotoSansCJKSC(0)/m/n/9 Engage with policymakers and industry consortia to


Underfull \hbox (badness 2884) in paragraph at lines 396--397
[]\TU/NotoSansCJKSC(0)/m/n/9 Regulatory risk: licensing and safety frameworks

Underfull \hbox (badness 6078) in paragraph at lines 396--397
\TU/NotoSansCJKSC(0)/m/n/9 licensing process takes longer than expected or

Underfull \hbox (badness 1199) in paragraph at lines 396--397
\TU/NotoSansCJKSC(0)/m/n/9 imposes costly requirements.. Proactively engage

Underfull \hbox (badness 1205) in paragraph at lines 397--398
\TU/NotoSansCJKSC(0)/m/n/9 Watch for renewable plus storage costs fall below

Underfull \hbox (badness 3302) in paragraph at lines 397--398
\TU/NotoSansCJKSC(0)/m/n/9 $30/MWh by 2030, making fusion uneconomical..

Underfull \hbox (badness 2717) in paragraph at lines 398--399
[]\TU/NotoSansCJKSC(0)/m/n/9 Geopolitical risk: international collaboration may


Underfull \hbox (badness 1005) in paragraph at lines 398--399
\TU/NotoSansCJKSC(0)/m/n/9 projects.. Invest in domestic or allied fusion pro-
[19] [20] [21] (./report_latex.aux)

LaTeX Warning: Label(s) may have changed. Rerun to get cross-references right.

 )
(see the transcript file for additional information)
Output written on report_latex.pdf (21 pages).
Transcript written on report_latex.log.
127) in paragraph at lines 105--105
\TU/NotoSansCJKSC(0)/m/n/9 late 2020s and commercial demonstration by the 2030s
.

Underfull \hbox (badness 3954) in paragraph at lines 105--105
\TU/NotoSansCJKSC(0)/m/n/9 However, commercialization remains at least a decade


Underfull \hbox (badness 2237) in paragraph at lines 105--105
\TU/NotoSansCJKSC(0)/m/n/9 away, and the technology faces significant engineeri
ng,

Underfull \hbox (badness 1127) in paragraph at lines 105--105
\TU/NotoSansCJKSC(0)/m/n/9 cost, and regulatory hurdles. The strategic implicat
ions

Underfull \hbox (badness 2418) in paragraph at lines 105--105
\TU/NotoSansCJKSC(0)/m/n/9 our organization, the immediate decision is to monit
or

Underfull \hbox (badness 4168) in paragraph at lines 105--105
\TU/NotoSansCJKSC(0)/m/n/9 and selectively invest in fusion R&D and supply chai
n

Underfull \hbox (badness 1354) in paragraph at lines 105--105
\TU/NotoSansCJKSC(0)/m/n/9 validation. Key risks include technical delays, comp
eti-

Underfull \hbox (badness 1028) in paragraph at lines 105--105
\TU/NotoSansCJKSC(0)/m/n/9 tion from cheaper renewables, and immature regulator
y

Underfull \hbox (badness 1789) in paragraph at lines 105--105
\TU/NotoSansCJKSC(0)/m/n/9 a cross-functional fusion intelligence task force to
 track

Underfull \hbox (badness 1755) in paragraph at lines 105--105
\TU/NotoSansCJKSC(0)/m/n/9 milestones and assess capital allocation options.\TU
/DejaVuSans(0)/m/n/9 '\TU/NotoSansCJKSC(0)/m/n/9 } The

Underfull \hbox (badness 5548) in paragraph at lines 110--111
[]\TU/NotoSansCJKSC(0)/m/n/8 The CEO-level question is not whether Nuclear fusi
on

Underfull \hbox (badness 4132) in paragraph at lines 110--111
\TU/NotoSansCJKSC(0)/m/n/8 commercialization outlook and strategic implications
 is

Underfull \hbox (badness 4940) in paragraph at lines 111--112
[]\TU/NotoSansCJKSC(0)/m/n/8 Management should separate verified facts, directi
onal
[3] [4] [5] [6] [7]
Underfull \hbox (badness 2781) in paragraph at lines 188--188
[]\TU/NotoSansCJKSC(0)/m/n/17 Should we commit signifi-

Underfull \hbox (badness 2080) in paragraph at lines 190--190
\TU/NotoSansCJKSC(0)/m/n/9 2035. Your board is divided: some see a transformati
ve

Underfull \hbox (badness 10000) in paragraph at lines 191--191
[]\TU/NotoSansCJKSC(0)/b/n/9 Decline the equity investment but offer a smaller,


Underfull \hbox (badness 4254) in paragraph at lines 191--191
\TU/NotoSansCJKSC(0)/b/n/9 milestone-based R&D partnership ($10-20 million) tie
d
[8] [9] [10] [11] [12] [13] [14] [15] [16] [17] [18]
Underfull \hbox (badness 1953) in paragraph at lines 388--389
\TU/NotoSansCJKSC(0)/m/n/9 tium breeding materials) through venture capital or

Underfull \hbox (badness 1424) in paragraph at lines 390--391
[]\TU/NotoSansCJKSC(0)/m/n/9 Engage with policymakers and industry consortia to


Underfull \hbox (badness 2884) in paragraph at lines 396--397
[]\TU/NotoSansCJKSC(0)/m/n/9 Regulatory risk: licensing and safety frameworks

Underfull \hbox (badness 6078) in paragraph at lines 396--397
\TU/NotoSansCJKSC(0)/m/n/9 licensing process takes longer than expected or

Underfull \hbox (badness 1199) in paragraph at lines 396--397
\TU/NotoSansCJKSC(0)/m/n/9 imposes costly requirements.. Proactively engage

Underfull \hbox (badness 1205) in paragraph at lines 397--398
\TU/NotoSansCJKSC(0)/m/n/9 Watch for renewable plus storage costs fall below

Underfull \hbox (badness 3302) in paragraph at lines 397--398
\TU/NotoSansCJKSC(0)/m/n/9 $30/MWh by 2030, making fusion uneconomical..

Underfull \hbox (badness 2717) in paragraph at lines 398--399
[]\TU/NotoSansCJKSC(0)/m/n/9 Geopolitical risk: international collaboration may


Underfull \hbox (badness 1005) in paragraph at lines 398--399
\TU/NotoSansCJKSC(0)/m/n/9 projects.. Invest in domestic or allied fusion pro-
[19] [20] [21] (./report_latex.aux) )
(see the transcript file for additional information)
Output written on report_latex.pdf (21 pages).
Transcript written on report_latex.log.
