are/texlive/texmf-dist/tex/latex/tools/multicol.sty)
(/usr/share/texlive/texmf-dist/tex/latex/enumitem/enumitem.sty)
No file report_latex.aux.
(/usr/share/texlive/texmf-dist/tex/latex/base/ts1cmr.fd)
*geometry* driver: auto-detecting
*geometry* detected driver: xetex
[1] [2]
Underfull \hbox (badness 10000) in paragraph at lines 90--90
[]\TU/NotoSansCJKSC(0)/m/n/17 Fusion commercialization

Underfull \hbox (badness 1147) in paragraph at lines 90--90
\TU/NotoSansCJKSC(0)/m/n/17 is advancing but remains a

Underfull \hbox (badness 2393) in paragraph at lines 91--91
[]\TU/NotoSansCJKSC(0)/m/n/9 Nuclear fusion, long a scientific aspiration, is n
ow

Underfull \hbox (badness 10000) in paragraph at lines 91--91
\TU/NotoSansCJKSC(0)/m/n/9 attracting significant private capital and policy

Underfull \hbox (badness 10000) in paragraph at lines 91--91
\TU/NotoSansCJKSC(0)/m/n/9 attention, with over 30 private ventures globally

Underfull \hbox (badness 5908) in paragraph at lines 91--91
\TU/NotoSansCJKSC(0)/m/n/9 no fusion design has yet demonstrated sustained

Underfull \hbox (badness 1460) in paragraph at lines 91--91
\TU/NotoSansCJKSC(0)/m/n/9 net energy gain at commercial scale, and the path

Underfull \hbox (badness 5008) in paragraph at lines 91--91
\TU/NotoSansCJKSC(0)/m/n/9 to a grid-connected reactor is estimated at 10-15

Underfull \hbox (badness 6708) in paragraph at lines 91--91
\TU/NotoSansCJKSC(0)/m/n/9 years. The commercial implication is that early

Underfull \hbox (badness 3179) in paragraph at lines 91--91
\TU/NotoSansCJKSC(0)/m/n/9 chain advantages, but the technology carries high

Underfull \hbox (badness 10000) in paragraph at lines 91--91
\TU/NotoSansCJKSC(0)/m/n/9 technical and timeline risk. Source-supported

Underfull \hbox (badness 10000) in paragraph at lines 91--91
\TU/NotoSansCJKSC(0)/m/n/9 uncertainty is high: cost projections for fusion

Underfull \hbox (badness 3375) in paragraph at lines 91--91
\TU/NotoSansCJKSC(0)/m/n/9 electricity range from $50 to $150 per MWh, with

Underfull \hbox (badness 2005) in paragraph at lines 91--91
\TU/NotoSansCJKSC(0)/m/n/9 no validated data from operating plants. The key

Underfull \hbox (badness 2443) in paragraph at lines 91--91
\TU/NotoSansCJKSC(0)/m/n/9 risk is that fusion may be leapfrogged by cheaper

Underfull \hbox (badness 3792) in paragraph at lines 91--91
\TU/NotoSansCJKSC(0)/m/n/9 renewables-plus-storage or advanced fission. The

Underfull \hbox (badness 2111) in paragraph at lines 91--91
\TU/NotoSansCJKSC(0)/m/n/9 a cross-functional fusion intelligence team to track


Underfull \hbox (badness 1377) in paragraph at lines 91--91
\TU/NotoSansCJKSC(0)/m/n/9 technical milestones, regulatory developments, and

Underfull \hbox (badness 4084) in paragraph at lines 93--93
[]\TU/NotoSansCJKSC(0)/m/n/9 The decision to invest now or wait hinges on risk

Underfull \hbox (badness 1292) in paragraph at lines 93--93
\TU/NotoSansCJKSC(0)/m/n/9 tolerance and strategic positioning; current evidenc
e

Underfull \hbox (badness 2608) in paragraph at lines 93--93
\TU/NotoSansCJKSC(0)/m/n/9 shows no commercial fusion plant operating before
[3] [4] [5] [6] [7] [8] [9] [10] [11] [12] [13] [14]
Underfull \hbox (badness 10000) in paragraph at lines 478--478
[]\TU/NotoSansCJKSC(0)/m/n/8 The validation cadence should improve facts before
 escalating resource
[15] [16] [17] [18] [19] [20] [21] [22]
Underfull \hbox (badness 1748) in paragraph at lines 787--787
[]\TU/NotoSansCJKSC(0)/m/n/8 The capital mix should move from learning to commi
tted exposure only as
[23] [24]
Underfull \hbox (badness 1102) in paragraph at lines 888--888
[]\TU/NotoSansCJKSC(0)/m/n/8 Minority option carries the strongest combined acc
ess and risk signal in the
[25] [26] [27] (./report_latex.aux)

LaTeX Warning: Label(s) may have changed. Rerun to get cross-references right.

 )
(see the transcript file for additional information)
Output written on report_latex.pdf (27 pages).
Transcript written on report_latex.log.
ancyhdr.sty)
(/usr/share/texlive/texmf-dist/tex/latex/needspace/needspace.sty)
(/usr/share/texlive/texmf-dist/tex/latex/tools/multicol.sty)
(/usr/share/texlive/texmf-dist/tex/latex/enumitem/enumitem.sty)
(./report_latex.aux) (/usr/share/texlive/texmf-dist/tex/latex/base/ts1cmr.fd)
*geometry* driver: auto-detecting
*geometry* detected driver: xetex
[1] [2]
Underfull \hbox (badness 10000) in paragraph at lines 90--90
[]\TU/NotoSansCJKSC(0)/m/n/17 Fusion commercialization

Underfull \hbox (badness 1147) in paragraph at lines 90--90
\TU/NotoSansCJKSC(0)/m/n/17 is advancing but remains a

Underfull \hbox (badness 2393) in paragraph at lines 91--91
[]\TU/NotoSansCJKSC(0)/m/n/9 Nuclear fusion, long a scientific aspiration, is n
ow

Underfull \hbox (badness 10000) in paragraph at lines 91--91
\TU/NotoSansCJKSC(0)/m/n/9 attracting significant private capital and policy

Underfull \hbox (badness 10000) in paragraph at lines 91--91
\TU/NotoSansCJKSC(0)/m/n/9 attention, with over 30 private ventures globally

Underfull \hbox (badness 5908) in paragraph at lines 91--91
\TU/NotoSansCJKSC(0)/m/n/9 no fusion design has yet demonstrated sustained

Underfull \hbox (badness 1460) in paragraph at lines 91--91
\TU/NotoSansCJKSC(0)/m/n/9 net energy gain at commercial scale, and the path

Underfull \hbox (badness 5008) in paragraph at lines 91--91
\TU/NotoSansCJKSC(0)/m/n/9 to a grid-connected reactor is estimated at 10-15

Underfull \hbox (badness 6708) in paragraph at lines 91--91
\TU/NotoSansCJKSC(0)/m/n/9 years. The commercial implication is that early

Underfull \hbox (badness 3179) in paragraph at lines 91--91
\TU/NotoSansCJKSC(0)/m/n/9 chain advantages, but the technology carries high

Underfull \hbox (badness 10000) in paragraph at lines 91--91
\TU/NotoSansCJKSC(0)/m/n/9 technical and timeline risk. Source-supported

Underfull \hbox (badness 10000) in paragraph at lines 91--91
\TU/NotoSansCJKSC(0)/m/n/9 uncertainty is high: cost projections for fusion

Underfull \hbox (badness 3375) in paragraph at lines 91--91
\TU/NotoSansCJKSC(0)/m/n/9 electricity range from $50 to $150 per MWh, with

Underfull \hbox (badness 2005) in paragraph at lines 91--91
\TU/NotoSansCJKSC(0)/m/n/9 no validated data from operating plants. The key

Underfull \hbox (badness 2443) in paragraph at lines 91--91
\TU/NotoSansCJKSC(0)/m/n/9 risk is that fusion may be leapfrogged by cheaper

Underfull \hbox (badness 3792) in paragraph at lines 91--91
\TU/NotoSansCJKSC(0)/m/n/9 renewables-plus-storage or advanced fission. The

Underfull \hbox (badness 2111) in paragraph at lines 91--91
\TU/NotoSansCJKSC(0)/m/n/9 a cross-functional fusion intelligence team to track


Underfull \hbox (badness 1377) in paragraph at lines 91--91
\TU/NotoSansCJKSC(0)/m/n/9 technical milestones, regulatory developments, and

Underfull \hbox (badness 4084) in paragraph at lines 93--93
[]\TU/NotoSansCJKSC(0)/m/n/9 The decision to invest now or wait hinges on risk

Underfull \hbox (badness 1292) in paragraph at lines 93--93
\TU/NotoSansCJKSC(0)/m/n/9 tolerance and strategic positioning; current evidenc
e

Underfull \hbox (badness 2608) in paragraph at lines 93--93
\TU/NotoSansCJKSC(0)/m/n/9 shows no commercial fusion plant operating before
[3] [4] [5] [6] [7] [8] [9] [10] [11] [12] [13] [14]
Underfull \hbox (badness 10000) in paragraph at lines 478--478
[]\TU/NotoSansCJKSC(0)/m/n/8 The validation cadence should improve facts before
 escalating resource
[15] [16] [17] [18] [19] [20] [21] [22]
Underfull \hbox (badness 1748) in paragraph at lines 787--787
[]\TU/NotoSansCJKSC(0)/m/n/8 The capital mix should move from learning to commi
tted exposure only as
[23] [24]
Underfull \hbox (badness 1102) in paragraph at lines 888--888
[]\TU/NotoSansCJKSC(0)/m/n/8 Minority option carries the strongest combined acc
ess and risk signal in the
[25] [26] [27] (./report_latex.aux) )
(see the transcript file for additional information)
Output written on report_latex.pdf (27 pages).
Transcript written on report_latex.log.
