paragraph at lines 114--114
\TU/NotoSansCJKSC(0)/m/n/9 claims remain unverified at scale. Fusion Industry

Underfull \hbox (badness 2050) in paragraph at lines 114--114
\TU/NotoSansCJKSC(0)/m/n/9 Association reports indicate over $6 billion in priv
ate

Underfull \hbox (badness 1237) in paragraph at lines 114--114
\TU/NotoSansCJKSC(0)/m/n/9 fusion investment since 2015. Companies like Helion

Underfull \hbox (badness 2582) in paragraph at lines 114--114
\TU/NotoSansCJKSC(0)/m/n/9 by the early 2030s, but no private company has yet

Underfull \hbox (badness 7981) in paragraph at lines 114--114
\TU/NotoSansCJKSC(0)/m/n/9 demonstrated net energy gain in a reactor-relevant

Underfull \hbox (badness 1331) in paragraph at lines 114--114
\TU/NotoSansCJKSC(0)/m/n/9 configuration. Due diligence must focus on technical

[4]
Underfull \hbox (badness 2582) in paragraph at lines 127--127
 [][]\TU/NotoSansCJKSC(0)/m/n/7 Customer proof

Underfull \hbox (badness 6252) in paragraph at lines 131--131
 [][]\TU/NotoSansCJKSC(0)/m/n/7 Cost case

Underfull \hbox (badness 1681) in paragraph at lines 135--135
 [][]\TU/NotoSansCJKSC(0)/m/n/7 Technical delivery

Underfull \hbox (badness 2435) in paragraph at lines 139--139
 [][]\TU/NotoSansCJKSC(0)/m/n/7 Regulatory path

Underfull \hbox (badness 3128) in paragraph at lines 143--143
 [][]\TU/NotoSansCJKSC(0)/m/n/7 Partner access
[5]
Underfull \hbox (badness 3189) in paragraph at lines 251--251
 [][]\TU/NotoSansCJKSC(0)/m/n/7 Source checks

Underfull \hbox (badness 3000) in paragraph at lines 255--255
 [][]\TU/NotoSansCJKSC(0)/m/n/7 Customer calls

Underfull \hbox (badness 4872) in paragraph at lines 259--259
 [][]\TU/NotoSansCJKSC(0)/m/n/7 Cost model

Underfull \hbox (badness 3780) in paragraph at lines 263--263
 [][]\TU/NotoSansCJKSC(0)/m/n/7 Policy review

Underfull \hbox (badness 3078) in paragraph at lines 267--267
 [][]\TU/NotoSansCJKSC(0)/m/n/7 Partner screen
[6]
Overfull \hbox (96.3509pt too wide) in paragraph at lines 308--308
\TU/NotoSansCJKSC(0)/m/n/9 gov/science/fusion-energy-sciences/fusion-milestone-
based-development-program 
[7] [8]
Underfull \hbox (badness 4120) in paragraph at lines 374--374
[]\TU/NotoSansCJKSC(0)/m/n/8 The validation cadence should improve facts before
 escalating resource
[9] [10]
Underfull \hbox (badness 10000) in paragraph at lines 449--449
[]\TU/NotoSansCJKSC(0)/m/n/8 The chart separates capital, operating and mainten
ance drivers so

Underfull \hbox (badness 10000) in paragraph at lines 449--449
\TU/NotoSansCJKSC(0)/m/n/8 management can test which cost lever would change th
e investment
[11] [12] [13]
Underfull \hbox (badness 10000) in paragraph at lines 593--593
 [][]\TU/NotoSansCJKSC(0)/m/n/7 Physics

Underfull \hbox (badness 10000) in paragraph at lines 597--597
 [][]\TU/NotoSansCJKSC(0)/m/n/7 Cost

Underfull \hbox (badness 10000) in paragraph at lines 601--601
 [][]\TU/NotoSansCJKSC(0)/m/n/7 Supply

Underfull \hbox (badness 5592) in paragraph at lines 605--605
 [][]\TU/NotoSansCJKSC(0)/m/n/7 Regulation

Underfull \hbox (badness 7415) in paragraph at lines 609--609
 [][]\TU/NotoSansCJKSC(0)/m/n/7 Demand
[14] [15] [16] [17] [18] [19] [20] [21]
Underfull \hbox (badness 10000) in paragraph at lines 921--921
\TU/NotoSansCJKSC(0)/m/n/16 it changes a management

Underfull \hbox (badness 10000) in paragraph at lines 923--923
[]\TU/NotoSansCJKSC(0)/m/n/8 This report draws on Osti, Energy, Iaea, Iter,

Underfull \hbox (badness 10000) in paragraph at lines 927--927
[]|\TU/NotoSansCJKSC(0)/b/n/9 This report was

Underfull \hbox (badness 10000) in paragraph at lines 927--927
\TU/NotoSansCJKSC(0)/b/n/9 prepared by a

Underfull \hbox (badness 10000) in paragraph at lines 927--927
\TU/NotoSansCJKSC(0)/b/n/9 strategic research
[22] [23] (./report_latex.aux)

LaTeX Warning: Label(s) may have changed. Rerun to get cross-references right.

 )
(see the transcript file for additional information)
Output written on report_latex.pdf (23 pages).
Transcript written on report_latex.log.
