s advanced manufacturing, renewable energy, an
d biotech

Underfull \hbox (badness 1946) in paragraph at lines 79--79
\TU/NotoSansCJKSC(0)/m/n/9 have reshaped the operating environment for PE inves
tors. These

Underfull \hbox (badness 1062) in paragraph at lines 79--79
\TU/NotoSansCJKSC(0)/m/n/9 regulations impose stricter requirements on data han
dling, antitrust
[3] [4]
Underfull \hbox (badness 2990) in paragraph at lines 101--101
\TU/NotoSansCJKSC(0)/m/n/9 acute in China due to specific local factors. LPs ar
e increasingly

Underfull \hbox (badness 1292) in paragraph at lines 101--101
\TU/NotoSansCJKSC(0)/m/n/9 China PE, focusing on sectors like technology and he
althcare. The

Underfull \hbox (badness 1881) in paragraph at lines 102--102
\TU/NotoSansCJKSC(0)/m/n/9 funds, which are state-backed investment vehicles, h
ave become a

Underfull \hbox (badness 2245) in paragraph at lines 102--102
\TU/NotoSansCJKSC(0)/m/n/9 development or supporting national priorities, which
 can influence

Underfull \hbox (badness 2111) in paragraph at lines 103--103
\TU/NotoSansCJKSC(0)/m/n/9 their investment periods. The average time to deploy
 a fund has
[5] [6]
Underfull \hbox (badness 1048) in paragraph at lines 125--125
\TU/NotoSansCJKSC(0)/m/n/9 PE investment in China. Within technology, semicondu
ctors and AI

Underfull \hbox (badness 1107) in paragraph at lines 125--125
\TU/NotoSansCJKSC(0)/m/n/9 self-sufficiency and reduce dependence on foreign te
chnology. The

Underfull \hbox (badness 1681) in paragraph at lines 125--125
\TU/NotoSansCJKSC(0)/m/n/9 are co-investing alongside it. AI startups, particul
arly in areas like

Underfull \hbox (badness 1184) in paragraph at lines 126--126
\TU/NotoSansCJKSC(0)/m/n/9 investment. China’s aging population, rising healthc
are spending,

Underfull \hbox (badness 1264) in paragraph at lines 126--126
\TU/NotoSansCJKSC(0)/m/n/9 streamlining drug approvals and encouraging innovati
on. However,

Underfull \hbox (badness 2245) in paragraph at lines 126--126
\TU/NotoSansCJKSC(0)/m/n/9 pricing pressures from government procurement progra
ms and the

Underfull \hbox (badness 1533) in paragraph at lines 126--126
\TU/NotoSansCJKSC(0)/m/n/9 risk of policy changes (e.g., on drug pricing or ins
urance coverage)

Underfull \hbox (badness 1014) in paragraph at lines 126--126
\TU/NotoSansCJKSC(0)/m/n/9 are important considerations. Despite these risks, h
ealthcare offers

Underfull \hbox (badness 2376) in paragraph at lines 127--127
\TU/NotoSansCJKSC(0)/m/n/9 charging infrastructure), and energy storage. China 
is already the
[7] [8]
Underfull \hbox (badness 2088) in paragraph at lines 149--149
\TU/NotoSansCJKSC(0)/m/n/9 approval process to improve market quality. The Chin
a Securities

Underfull \hbox (badness 1259) in paragraph at lines 150--150
\TU/NotoSansCJKSC(0)/m/n/9 an agreement with Chinese regulators in 2022 to allo
w inspections,

Underfull \hbox (badness 5519) in paragraph at lines 151--151
[]\TU/NotoSansCJKSC(0)/m/n/9 Trade sales have become an increasingly important 
exit channel,

Underfull \hbox (badness 6380) in paragraph at lines 151--151
\TU/NotoSansCJKSC(0)/m/n/9 domestic and international corporations, are acquiri
ng PE-backed

Underfull \hbox (badness 3668) in paragraph at lines 151--151
\TU/NotoSansCJKSC(0)/m/n/9 companies to gain access to technology, market share
, or supply

Underfull \hbox (badness 2065) in paragraph at lines 151--151
\TU/NotoSansCJKSC(0)/m/n/9 consuming, requiring alignment on valuation, regulat
ory approvals,

Underfull \hbox (badness 1215) in paragraph at lines 151--151
\TU/NotoSansCJKSC(0)/m/n/9 and integration plans. Secondary transactions, where
 PE firms sell
[9] [10] [11] (./report_latex.aux)

LaTeX Warning: There were undefined references.


LaTeX Warning: Label(s) may have changed. Rerun to get cross-references right.

 )
(see the transcript file for additional information)
Output written on report_latex.pdf (11 pages).
Transcript written on report_latex.log.
ularly among highly l
everaged firms,

Underfull \hbox (badness 5741) in paragraph at lines 78--78
\TU/NotoSansCJKSC(0)/m/n/9 such as advanced manufacturing, renewable energy, an
d biotech

Underfull \hbox (badness 1946) in paragraph at lines 79--79
\TU/NotoSansCJKSC(0)/m/n/9 have reshaped the operating environment for PE inves
tors. These

Underfull \hbox (badness 1062) in paragraph at lines 79--79
\TU/NotoSansCJKSC(0)/m/n/9 regulations impose stricter requirements on data han
dling, antitrust
[3] [4]
Underfull \hbox (badness 2990) in paragraph at lines 101--101
\TU/NotoSansCJKSC(0)/m/n/9 acute in China due to specific local factors. LPs ar
e increasingly

Underfull \hbox (badness 1292) in paragraph at lines 101--101
\TU/NotoSansCJKSC(0)/m/n/9 China PE, focusing on sectors like technology and he
althcare. The

Underfull \hbox (badness 1881) in paragraph at lines 102--102
\TU/NotoSansCJKSC(0)/m/n/9 funds, which are state-backed investment vehicles, h
ave become a

Underfull \hbox (badness 2245) in paragraph at lines 102--102
\TU/NotoSansCJKSC(0)/m/n/9 development or supporting national priorities, which
 can influence

Underfull \hbox (badness 2111) in paragraph at lines 103--103
\TU/NotoSansCJKSC(0)/m/n/9 their investment periods. The average time to deploy
 a fund has
[5] [6]
Underfull \hbox (badness 1048) in paragraph at lines 125--125
\TU/NotoSansCJKSC(0)/m/n/9 PE investment in China. Within technology, semicondu
ctors and AI

Underfull \hbox (badness 1107) in paragraph at lines 125--125
\TU/NotoSansCJKSC(0)/m/n/9 self-sufficiency and reduce dependence on foreign te
chnology. The

Underfull \hbox (badness 1681) in paragraph at lines 125--125
\TU/NotoSansCJKSC(0)/m/n/9 are co-investing alongside it. AI startups, particul
arly in areas like

Underfull \hbox (badness 1184) in paragraph at lines 126--126
\TU/NotoSansCJKSC(0)/m/n/9 investment. China’s aging population, rising healthc
are spending,

Underfull \hbox (badness 1264) in paragraph at lines 126--126
\TU/NotoSansCJKSC(0)/m/n/9 streamlining drug approvals and encouraging innovati
on. However,

Underfull \hbox (badness 2245) in paragraph at lines 126--126
\TU/NotoSansCJKSC(0)/m/n/9 pricing pressures from government procurement progra
ms and the

Underfull \hbox (badness 1533) in paragraph at lines 126--126
\TU/NotoSansCJKSC(0)/m/n/9 risk of policy changes (e.g., on drug pricing or ins
urance coverage)

Underfull \hbox (badness 1014) in paragraph at lines 126--126
\TU/NotoSansCJKSC(0)/m/n/9 are important considerations. Despite these risks, h
ealthcare offers

Underfull \hbox (badness 2376) in paragraph at lines 127--127
\TU/NotoSansCJKSC(0)/m/n/9 charging infrastructure), and energy storage. China 
is already the
[7] [8]
Underfull \hbox (badness 2088) in paragraph at lines 149--149
\TU/NotoSansCJKSC(0)/m/n/9 approval process to improve market quality. The Chin
a Securities

Underfull \hbox (badness 1259) in paragraph at lines 150--150
\TU/NotoSansCJKSC(0)/m/n/9 an agreement with Chinese regulators in 2022 to allo
w inspections,

Underfull \hbox (badness 5519) in paragraph at lines 151--151
[]\TU/NotoSansCJKSC(0)/m/n/9 Trade sales have become an increasingly important 
exit channel,

Underfull \hbox (badness 6380) in paragraph at lines 151--151
\TU/NotoSansCJKSC(0)/m/n/9 domestic and international corporations, are acquiri
ng PE-backed

Underfull \hbox (badness 3668) in paragraph at lines 151--151
\TU/NotoSansCJKSC(0)/m/n/9 companies to gain access to technology, market share
, or supply

Underfull \hbox (badness 2065) in paragraph at lines 151--151
\TU/NotoSansCJKSC(0)/m/n/9 consuming, requiring alignment on valuation, regulat
ory approvals,

Underfull \hbox (badness 1215) in paragraph at lines 151--151
\TU/NotoSansCJKSC(0)/m/n/9 and integration plans. Secondary transactions, where
 PE firms sell
[9] [10] [11] (./report_latex.aux) )
(see the transcript file for additional information)
Output written on report_latex.pdf (11 pages).
Transcript written on report_latex.log.
