fmath.code.tex))
(/usr/share/texlive/texmf-dist/tex/generic/pgf/utilities/pgffor.code.tex))
(/usr/share/texlive/texmf-dist/tex/generic/pgf/frontendlayer/tikz/tikz.code.tex

(/usr/share/texlive/texmf-dist/tex/generic/pgf/libraries/pgflibraryplothandlers
.code.tex)
(/usr/share/texlive/texmf-dist/tex/generic/pgf/modules/pgfmodulematrix.code.tex
)
(/usr/share/texlive/texmf-dist/tex/generic/pgf/frontendlayer/tikz/libraries/tik
zlibrarytopaths.code.tex)))
(/usr/share/texlive/texmf-dist/tex/latex/tools/tabularx.sty
(/usr/share/texlive/texmf-dist/tex/latex/tools/array.sty))
(/usr/share/texlive/texmf-dist/tex/latex/fancyhdr/fancyhdr.sty)
(/usr/share/texlive/texmf-dist/tex/latex/needspace/needspace.sty)
(/usr/share/texlive/texmf-dist/tex/latex/tools/multicol.sty)
(/usr/share/texlive/texmf-dist/tex/latex/enumitem/enumitem.sty)
No file report_latex.aux.
(/usr/share/texlive/texmf-dist/tex/latex/base/ts1cmr.fd)
*geometry* driver: auto-detecting
*geometry* detected driver: xetex
[1] [2]
Underfull \hbox (badness 1264) in paragraph at lines 105--105
\TU/NotoSansCJKSC(0)/m/n/9 targeting net-energy gain and pilot plants by the 20
30s.

Underfull \hbox (badness 2409) in paragraph at lines 105--105
\TU/NotoSansCJKSC(0)/m/n/9 Key risks include tritium supply bottlenecks, regula
tory

Underfull \hbox (badness 2197) in paragraph at lines 105--105
\TU/NotoSansCJKSC(0)/m/n/9 technologies (high-temperature superconductors, trit
ium

Underfull \hbox (badness 2020) in paragraph at lines 109--110
[]\TU/NotoSansCJKSC(0)/m/n/8 Fusion commercialization is accelerating but remai
ns at

Underfull \hbox (badness 2119) in paragraph at lines 110--111
\TU/NotoSansCJKSC(0)/m/n/8 and gas only after multiple deployments; first-of-a-
kind

Underfull \hbox (badness 10000) in paragraph at lines 111--112
\TU/NotoSansCJKSC(0)/m/n/8 and share capital burden; over $5 billion in private

[3] [4] [5] [6] [7]
Underfull \hbox (badness 10000) in paragraph at lines 186--186
[]\TU/NotoSansCJKSC(0)/m/n/17 Should we invest $200

Underfull \hbox (badness 10000) in paragraph at lines 186--186
\TU/NotoSansCJKSC(0)/m/n/17 million now, or wait for

Underfull \hbox (badness 1424) in paragraph at lines 188--188
[]\TU/NotoSansCJKSC(0)/m/n/9 A leading fusion startup offers your company an ex
clusive

Underfull \hbox (badness 10000) in paragraph at lines 188--188
\TU/NotoSansCJKSC(0)/m/n/9 gain by 2028. Your board is divided: some see a

Underfull \hbox (badness 10000) in paragraph at lines 188--188
\TU/NotoSansCJKSC(0)/m/n/9 once-in-a-generation opportunity, others fear a capi
tal
[8] [9] [10] [11] [12] [13] [14] [15] [16] [17] [18] [19]
Underfull \hbox (badness 10000) in paragraph at lines 389--390
[]\TU/NotoSansCJKSC(0)/m/n/9 Form strategic partnerships with leading fusion

Underfull \hbox (badness 3396) in paragraph at lines 389--390
\TU/NotoSansCJKSC(0)/m/n/9 developers and enabling technology suppliers (HTS

Underfull \hbox (badness 2229) in paragraph at lines 390--391
[]\TU/NotoSansCJKSC(0)/m/n/9 Engage with regulators (NRC, IAEA) to shape fusion


Underfull \hbox (badness 2689) in paragraph at lines 391--392
[]\TU/NotoSansCJKSC(0)/m/n/9 Allocate capital for a pilot fusion plant investme
nt,

Underfull \hbox (badness 10000) in paragraph at lines 398--399
[]\TU/NotoSansCJKSC(0)/m/n/9 Regulatory risk: Lack of established licensing

Underfull \hbox (badness 10000) in paragraph at lines 398--399
\TU/NotoSansCJKSC(0)/m/n/9 frameworks could cause multi-year delays for

Underfull \hbox (badness 4454) in paragraph at lines 399--400
\TU/NotoSansCJKSC(0)/m/n/9 production capacity may bottleneck deployment.

Underfull \hbox (badness 1383) in paragraph at lines 399--400
\TU/NotoSansCJKSC(0)/m/n/9 kg by 2030; HTS magnet production capacity <10
[20] [21] [22] (./report_latex.aux)

LaTeX Warning: Label(s) may have changed. Rerun to get cross-references right.

 )
(see the transcript file for additional information)
Output written on report_latex.pdf (22 pages).
Transcript written on report_latex.log.
t/tex/latex/pgf/math/pgfmath.sty
(/usr/share/texlive/texmf-dist/tex/generic/pgf/math/pgfmath.code.tex))
(/usr/share/texlive/texmf-dist/tex/generic/pgf/utilities/pgffor.code.tex))
(/usr/share/texlive/texmf-dist/tex/generic/pgf/frontendlayer/tikz/tikz.code.tex

(/usr/share/texlive/texmf-dist/tex/generic/pgf/libraries/pgflibraryplothandlers
.code.tex)
(/usr/share/texlive/texmf-dist/tex/generic/pgf/modules/pgfmodulematrix.code.tex
)
(/usr/share/texlive/texmf-dist/tex/generic/pgf/frontendlayer/tikz/libraries/tik
zlibrarytopaths.code.tex)))
(/usr/share/texlive/texmf-dist/tex/latex/tools/tabularx.sty
(/usr/share/texlive/texmf-dist/tex/latex/tools/array.sty))
(/usr/share/texlive/texmf-dist/tex/latex/fancyhdr/fancyhdr.sty)
(/usr/share/texlive/texmf-dist/tex/latex/needspace/needspace.sty)
(/usr/share/texlive/texmf-dist/tex/latex/tools/multicol.sty)
(/usr/share/texlive/texmf-dist/tex/latex/enumitem/enumitem.sty)
(./report_latex.aux) (/usr/share/texlive/texmf-dist/tex/latex/base/ts1cmr.fd)
*geometry* driver: auto-detecting
*geometry* detected driver: xetex
[1] [2]
Underfull \hbox (badness 1264) in paragraph at lines 105--105
\TU/NotoSansCJKSC(0)/m/n/9 targeting net-energy gain and pilot plants by the 20
30s.

Underfull \hbox (badness 2409) in paragraph at lines 105--105
\TU/NotoSansCJKSC(0)/m/n/9 Key risks include tritium supply bottlenecks, regula
tory

Underfull \hbox (badness 2197) in paragraph at lines 105--105
\TU/NotoSansCJKSC(0)/m/n/9 technologies (high-temperature superconductors, trit
ium

Underfull \hbox (badness 2020) in paragraph at lines 109--110
[]\TU/NotoSansCJKSC(0)/m/n/8 Fusion commercialization is accelerating but remai
ns at

Underfull \hbox (badness 2119) in paragraph at lines 110--111
\TU/NotoSansCJKSC(0)/m/n/8 and gas only after multiple deployments; first-of-a-
kind

Underfull \hbox (badness 10000) in paragraph at lines 111--112
\TU/NotoSansCJKSC(0)/m/n/8 and share capital burden; over $5 billion in private

[3] [4] [5] [6] [7]
Underfull \hbox (badness 10000) in paragraph at lines 186--186
[]\TU/NotoSansCJKSC(0)/m/n/17 Should we invest $200

Underfull \hbox (badness 10000) in paragraph at lines 186--186
\TU/NotoSansCJKSC(0)/m/n/17 million now, or wait for

Underfull \hbox (badness 1424) in paragraph at lines 188--188
[]\TU/NotoSansCJKSC(0)/m/n/9 A leading fusion startup offers your company an ex
clusive

Underfull \hbox (badness 10000) in paragraph at lines 188--188
\TU/NotoSansCJKSC(0)/m/n/9 gain by 2028. Your board is divided: some see a

Underfull \hbox (badness 10000) in paragraph at lines 188--188
\TU/NotoSansCJKSC(0)/m/n/9 once-in-a-generation opportunity, others fear a capi
tal
[8] [9] [10] [11] [12] [13] [14] [15] [16] [17] [18] [19]
Underfull \hbox (badness 10000) in paragraph at lines 389--390
[]\TU/NotoSansCJKSC(0)/m/n/9 Form strategic partnerships with leading fusion

Underfull \hbox (badness 3396) in paragraph at lines 389--390
\TU/NotoSansCJKSC(0)/m/n/9 developers and enabling technology suppliers (HTS

Underfull \hbox (badness 2229) in paragraph at lines 390--391
[]\TU/NotoSansCJKSC(0)/m/n/9 Engage with regulators (NRC, IAEA) to shape fusion


Underfull \hbox (badness 2689) in paragraph at lines 391--392
[]\TU/NotoSansCJKSC(0)/m/n/9 Allocate capital for a pilot fusion plant investme
nt,

Underfull \hbox (badness 10000) in paragraph at lines 398--399
[]\TU/NotoSansCJKSC(0)/m/n/9 Regulatory risk: Lack of established licensing

Underfull \hbox (badness 10000) in paragraph at lines 398--399
\TU/NotoSansCJKSC(0)/m/n/9 frameworks could cause multi-year delays for

Underfull \hbox (badness 4454) in paragraph at lines 399--400
\TU/NotoSansCJKSC(0)/m/n/9 production capacity may bottleneck deployment.

Underfull \hbox (badness 1383) in paragraph at lines 399--400
\TU/NotoSansCJKSC(0)/m/n/9 kg by 2030; HTS magnet production capacity <10
[20] [21] [22] (./report_latex.aux) )
(see the transcript file for additional information)
Output written on report_latex.pdf (22 pages).
Transcript written on report_latex.log.
