ed on input line 69.


LaTeX Warning: Reference `chap:2:end' on page 2 undefined on input line 69.


LaTeX Warning: Reference `chap:3' on page 2 undefined on input line 69.


LaTeX Warning: Reference `chap:3:end' on page 2 undefined on input line 69.


LaTeX Warning: Reference `chap:4' on page 2 undefined on input line 69.


LaTeX Warning: Reference `chap:4:end' on page 2 undefined on input line 69.


LaTeX Warning: Reference `chap:5' on page 2 undefined on input line 69.


LaTeX Warning: Reference `chap:5:end' on page 2 undefined on input line 69.

[2]
Underfull \hbox (badness 1715) in paragraph at lines 79--79
[]\TU/NotoSansCJKSC(0)/m/n/9 The issue matters because Global Tech M&A Surged L
ast Week: AI

Underfull \hbox (badness 6477) in paragraph at lines 79--79
\TU/NotoSansCJKSC(0)/m/n/9 allocation question. Executives need to know which m
ilestones

Underfull \hbox (badness 1412) in paragraph at lines 79--79
\TU/NotoSansCJKSC(0)/m/n/9 alter decision quality and which milestones merely i
mprove market

Underfull \hbox (badness 3657) in paragraph at lines 80--80
\TU/NotoSansCJKSC(0)/m/n/9 operating performance, because commercial buyers wil
l ultimately
[3] [4]
Underfull \hbox (badness 1715) in paragraph at lines 108--108
[]\TU/NotoSansCJKSC(0)/m/n/9 The issue matters because Global Tech M&A Surged L
ast Week: AI

Underfull \hbox (badness 6477) in paragraph at lines 108--108
\TU/NotoSansCJKSC(0)/m/n/9 allocation question. Executives need to know which m
ilestones

Underfull \hbox (badness 1412) in paragraph at lines 108--108
\TU/NotoSansCJKSC(0)/m/n/9 alter decision quality and which milestones merely i
mprove market

Underfull \hbox (badness 3657) in paragraph at lines 109--109
\TU/NotoSansCJKSC(0)/m/n/9 operating performance, because commercial buyers wil
l ultimately
[5] [6]
Underfull \hbox (badness 1715) in paragraph at lines 137--137
[]\TU/NotoSansCJKSC(0)/m/n/9 The issue matters because Global Tech M&A Surged L
ast Week: AI

Underfull \hbox (badness 6477) in paragraph at lines 137--137
\TU/NotoSansCJKSC(0)/m/n/9 allocation question. Executives need to know which m
ilestones

Underfull \hbox (badness 1412) in paragraph at lines 137--137
\TU/NotoSansCJKSC(0)/m/n/9 alter decision quality and which milestones merely i
mprove market

Underfull \hbox (badness 3657) in paragraph at lines 138--138
\TU/NotoSansCJKSC(0)/m/n/9 operating performance, because commercial buyers wil
l ultimately
[7] [8]
Underfull \hbox (badness 1715) in paragraph at lines 166--166
[]\TU/NotoSansCJKSC(0)/m/n/9 The issue matters because Global Tech M&A Surged L
ast Week: AI

Underfull \hbox (badness 6477) in paragraph at lines 166--166
\TU/NotoSansCJKSC(0)/m/n/9 allocation question. Executives need to know which m
ilestones

Underfull \hbox (badness 1412) in paragraph at lines 166--166
\TU/NotoSansCJKSC(0)/m/n/9 alter decision quality and which milestones merely i
mprove market

Underfull \hbox (badness 3657) in paragraph at lines 167--167
\TU/NotoSansCJKSC(0)/m/n/9 operating performance, because commercial buyers wil
l ultimately
[9] [10]
Underfull \hbox (badness 1715) in paragraph at lines 195--195
[]\TU/NotoSansCJKSC(0)/m/n/9 The issue matters because Global Tech M&A Surged L
ast Week: AI

Underfull \hbox (badness 6477) in paragraph at lines 195--195
\TU/NotoSansCJKSC(0)/m/n/9 allocation question. Executives need to know which m
ilestones

Underfull \hbox (badness 1412) in paragraph at lines 195--195
\TU/NotoSansCJKSC(0)/m/n/9 alter decision quality and which milestones merely i
mprove market

Underfull \hbox (badness 3657) in paragraph at lines 196--196
\TU/NotoSansCJKSC(0)/m/n/9 operating performance, because commercial buyers wil
l ultimately
[11] [12] [13] (./report_latex.aux)

LaTeX Warning: There were undefined references.


LaTeX Warning: Label(s) may have changed. Rerun to get cross-references right.

 )
(see the transcript file for additional information)
Output written on report_latex.pdf (13 pages).
Transcript written on report_latex.log.
de.tex

(/usr/share/texlive/texmf-dist/tex/generic/pgf/libraries/pgflibraryplothandlers
.code.tex)
(/usr/share/texlive/texmf-dist/tex/generic/pgf/modules/pgfmodulematrix.code.tex
)
(/usr/share/texlive/texmf-dist/tex/generic/pgf/frontendlayer/tikz/libraries/tik
zlibrarytopaths.code.tex)))
(/usr/share/texlive/texmf-dist/tex/latex/tools/tabularx.sty
(/usr/share/texlive/texmf-dist/tex/latex/tools/array.sty))
(/usr/share/texlive/texmf-dist/tex/latex/fancyhdr/fancyhdr.sty)
(/usr/share/texlive/texmf-dist/tex/latex/needspace/needspace.sty)
(./report_latex.aux) (/usr/share/texlive/texmf-dist/tex/latex/base/ts1cmr.fd)
*geometry* driver: auto-detecting
*geometry* detected driver: xetex
[1] [2]
Underfull \hbox (badness 1715) in paragraph at lines 79--79
[]\TU/NotoSansCJKSC(0)/m/n/9 The issue matters because Global Tech M&A Surged L
ast Week: AI

Underfull \hbox (badness 6477) in paragraph at lines 79--79
\TU/NotoSansCJKSC(0)/m/n/9 allocation question. Executives need to know which m
ilestones

Underfull \hbox (badness 1412) in paragraph at lines 79--79
\TU/NotoSansCJKSC(0)/m/n/9 alter decision quality and which milestones merely i
mprove market

Underfull \hbox (badness 3657) in paragraph at lines 80--80
\TU/NotoSansCJKSC(0)/m/n/9 operating performance, because commercial buyers wil
l ultimately
[3] [4]
Underfull \hbox (badness 1715) in paragraph at lines 108--108
[]\TU/NotoSansCJKSC(0)/m/n/9 The issue matters because Global Tech M&A Surged L
ast Week: AI

Underfull \hbox (badness 6477) in paragraph at lines 108--108
\TU/NotoSansCJKSC(0)/m/n/9 allocation question. Executives need to know which m
ilestones

Underfull \hbox (badness 1412) in paragraph at lines 108--108
\TU/NotoSansCJKSC(0)/m/n/9 alter decision quality and which milestones merely i
mprove market

Underfull \hbox (badness 3657) in paragraph at lines 109--109
\TU/NotoSansCJKSC(0)/m/n/9 operating performance, because commercial buyers wil
l ultimately
[5] [6]
Underfull \hbox (badness 1715) in paragraph at lines 137--137
[]\TU/NotoSansCJKSC(0)/m/n/9 The issue matters because Global Tech M&A Surged L
ast Week: AI

Underfull \hbox (badness 6477) in paragraph at lines 137--137
\TU/NotoSansCJKSC(0)/m/n/9 allocation question. Executives need to know which m
ilestones

Underfull \hbox (badness 1412) in paragraph at lines 137--137
\TU/NotoSansCJKSC(0)/m/n/9 alter decision quality and which milestones merely i
mprove market

Underfull \hbox (badness 3657) in paragraph at lines 138--138
\TU/NotoSansCJKSC(0)/m/n/9 operating performance, because commercial buyers wil
l ultimately
[7] [8]
Underfull \hbox (badness 1715) in paragraph at lines 166--166
[]\TU/NotoSansCJKSC(0)/m/n/9 The issue matters because Global Tech M&A Surged L
ast Week: AI

Underfull \hbox (badness 6477) in paragraph at lines 166--166
\TU/NotoSansCJKSC(0)/m/n/9 allocation question. Executives need to know which m
ilestones

Underfull \hbox (badness 1412) in paragraph at lines 166--166
\TU/NotoSansCJKSC(0)/m/n/9 alter decision quality and which milestones merely i
mprove market

Underfull \hbox (badness 3657) in paragraph at lines 167--167
\TU/NotoSansCJKSC(0)/m/n/9 operating performance, because commercial buyers wil
l ultimately
[9] [10]
Underfull \hbox (badness 1715) in paragraph at lines 195--195
[]\TU/NotoSansCJKSC(0)/m/n/9 The issue matters because Global Tech M&A Surged L
ast Week: AI

Underfull \hbox (badness 6477) in paragraph at lines 195--195
\TU/NotoSansCJKSC(0)/m/n/9 allocation question. Executives need to know which m
ilestones

Underfull \hbox (badness 1412) in paragraph at lines 195--195
\TU/NotoSansCJKSC(0)/m/n/9 alter decision quality and which milestones merely i
mprove market

Underfull \hbox (badness 3657) in paragraph at lines 196--196
\TU/NotoSansCJKSC(0)/m/n/9 operating performance, because commercial buyers wil
l ultimately
[11] [12] [13] (./report_latex.aux) )
(see the transcript file for additional information)
Output written on report_latex.pdf (13 pages).
Transcript written on report_latex.log.
