[gen_rpt.web] 2026-06-27T11:43:52Z START web report pipeline | topic='Nuclear fusion commercialization outlook and strategic implications' | output_dir=reports_web/2026-06-27-auto-smoke-nuclear-fusion-6b88608
[gen_rpt.web] 2026-06-27T11:43:52Z ETA planning=15-90s, chart_data_needs=10-60s, source_collection=60-300s, evidence=5-15s, synthesis=60-180s, visuals=60-360s
[gen_rpt.web] 2026-06-27T11:43:52Z PHASE planning started | expected 15-90s
[gen_rpt.web] 2026-06-27T11:44:28Z PHASE planning completed | elapsed=35s | queries=18 | outline=6 | hypotheses=7 | sizing_methods=4
[gen_rpt.web] 2026-06-27T11:44:28Z PHASE chart_data_needs started | expected 10-60s
[gen_rpt.web] 2026-06-27T11:44:44Z PHASE chart_data_needs completed | elapsed=15s | needs=7 | chart_queries=21
[gen_rpt.web] 2026-06-27T11:44:44Z PHASE source_collection started | expected 45-240s | queries=24 | per_query=5 | max_sources=32
[gen_rpt.web] 2026-06-27T11:44:44Z PHASE source_collection query_plan | ITER timeline delays 2024 || SPARC fusion commercial operation date || fusion LCOE estimate 2024 || levelized cost of electricity fusion vs solar || Lazard LCOE 2024 solar wind storage || IRENA renewable cost 2024 || fusion energy startup funding 2024 || fusion industry association investment report || DOE fusion budget 2024 || fusion startup list 2024
[gen_rpt.fetch] 2026-06-27T11:44:44Z collect_sources started | queries=24 | per_query=5 | max_sources=32
[gen_rpt.fetch] 2026-06-27T11:44:44Z query 1/24 search started | 'ITER timeline delays 2024'
[gen_rpt.fetch] 2026-06-27T11:44:48Z gdelt request rate-limited | TimelineVolRaw
[gen_rpt.fetch] 2026-06-27T11:44:53Z gdelt request rate-limited | ArtList
[gen_rpt.fetch] 2026-06-27T11:44:53Z query 1/24 search completed | elapsed=9s | candidates=0
[gen_rpt.fetch] 2026-06-27T11:44:53Z query 2/24 search started | 'SPARC fusion commercial operation date'
[gen_rpt.fetch] 2026-06-27T11:44:59Z gdelt request rate-limited | TimelineVolRaw
[gen_rpt.fetch] 2026-06-27T11:45:08Z gdelt request rate-limited | ArtList
[gen_rpt.fetch] 2026-06-27T11:45:08Z query 2/24 search completed | elapsed=14s | candidates=22
[gen_rpt.fetch] 2026-06-27T11:45:08Z source accepted | count=1/32 | domain=energy.gov | type=html | elapsed=0s
[gen_rpt.fetch] 2026-06-27T11:45:09Z source accepted | count=2/32 | domain=science.osti.gov | type=html | elapsed=0s
[gen_rpt.fetch] 2026-06-27T11:45:09Z source accepted | count=3/32 | domain=energy.gov | type=html | elapsed=0s
[gen_rpt.fetch] 2026-06-27T11:45:09Z fetch failed | domain=iaea.org | reason='403 Client Error: Forbidden for url: https://www.iaea.org/topics/energy/fusion'
[gen_rpt.fetch] 2026-06-27T11:45:09Z source accepted | count=4/32 | domain=iaea.org | type=snippet | elapsed=0s
[gen_rpt.fetch] 2026-06-27T11:45:10Z source accepted | count=5/32 | domain=iter.org | type=html | elapsed=1s
[gen_rpt.fetch] 2026-06-27T11:45:12Z source accepted | count=6/32 | domain=nationalacademies.org | type=html | elapsed=1s
[gen_rpt.fetch] 2026-06-27T11:45:13Z source accepted | count=7/32 | domain=nationalacademies.org | type=html | elapsed=1s
[gen_rpt.fetch] 2026-06-27T11:45:13Z source accepted | count=8/32 | domain=fusionindustryassociation.org | type=html | elapsed=0s
[gen_rpt.fetch] 2026-06-27T11:45:14Z source accepted | count=9/32 | domain=fusionindustryassociation.org | type=html | elapsed=0s
[gen_rpt.fetch] 2026-06-27T11:45:14Z source accepted | count=10/32 | domain=fusionindustryassociation.org | type=html | elapsed=0s
[gen_rpt.fetch] 2026-06-27T11:45:17Z source accepted | count=11/32 | domain=llnl.gov | type=html | elapsed=2s
[gen_rpt.fetch] 2026-06-27T11:45:17Z source accepted | count=12/32 | domain=arpa-e.energy.gov | type=snippet | elapsed=0s
[gen_rpt.fetch] 2026-06-27T11:45:17Z source accepted | count=13/32 | domain=energy.gov | type=html | elapsed=0s
[gen_rpt.fetch] 2026-06-27T11:45:18Z source accepted | count=14/32 | domain=energy.gov | type=pdf | elapsed=0s
[gen_rpt.fetch] 2026-06-27T11:45:18Z fetch failed | domain=nrc.gov | reason='404 Client Error: Not Found for url: https://www.nrc.gov/materials/fusion-energy.html'
[gen_rpt.fetch] 2026-06-27T11:45:18Z source accepted | count=15/32 | domain=nrc.gov | type=snippet | elapsed=0s
[gen_rpt.fetch] 2026-06-27T11:45:18Z fetch failed | domain=step.ukaea.uk | reason="HTTPSConnectionPool(host='step.ukaea.uk', port=443): Max retries exceeded with url: / (Caused by SSLError(SSLCertVerificationError(1, '[SSL: CERTIFICATE_VERIFY_FAILED] certificate "
[gen_rpt.fetch] 2026-06-27T11:45:18Z source accepted | count=16/32 | domain=step.ukaea.uk | type=snippet | elapsed=0s
[gen_rpt.fetch] 2026-06-27T11:45:20Z source accepted | count=17/32 | domain=euro-fusion.org | type=html | elapsed=1s
[gen_rpt.fetch] 2026-06-27T11:45:20Z source accepted | count=18/32 | domain=cfs.energy | type=html | elapsed=0s
[gen_rpt.fetch] 2026-06-27T11:45:21Z source accepted | count=19/32 | domain=helionenergy.com | type=html | elapsed=0s
[gen_rpt.fetch] 2026-06-27T11:45:21Z source accepted | count=20/32 | domain=legacy.zapenergy.com | type=html | elapsed=0s
[gen_rpt.fetch] 2026-06-27T11:45:22Z source accepted | count=21/32 | domain=tae.com | type=html | elapsed=1s
[gen_rpt.fetch] 2026-06-27T11:45:22Z fetch failed | domain=generalfusion.com | reason='404 Client Error: Not Found for url: https://generalfusion.com/technology/'
[gen_rpt.fetch] 2026-06-27T11:45:22Z source accepted | count=22/32 | domain=generalfusion.com | type=snippet | elapsed=0s
[gen_rpt.fetch] 2026-06-27T11:45:22Z query 3/24 search started | 'fusion LCOE estimate 2024'
[gen_rpt.fetch] 2026-06-27T11:45:22Z query 3/24 search completed | elapsed=0s | candidates=22
[gen_rpt.fetch] 2026-06-27T11:45:22Z query 4/24 search started | 'levelized cost of electricity fusion vs solar'
[gen_rpt.fetch] 2026-06-27T11:45:23Z query 4/24 search completed | elapsed=0s | candidates=22
[gen_rpt.fetch] 2026-06-27T11:45:23Z query 5/24 search started | 'Lazard LCOE 2024 solar wind storage'
[gen_rpt.fetch] 2026-06-27T11:45:23Z query 5/24 search completed | elapsed=0s | candidates=2
[gen_rpt.fetch] 2026-06-27T11:45:23Z fetch failed | domain=iea.org | reason='403 Client Error: Forbidden for url: https://www.iea.org/energy-system/electricity/grid-scale-storage'
[gen_rpt.fetch] 2026-06-27T11:45:23Z source accepted | count=23/32 | domain=iea.org | type=snippet | elapsed=0s
[gen_rpt.fetch] 2026-06-27T11:45:23Z source accepted | count=24/32 | domain=energy.gov | type=html | elapsed=0s
[gen_rpt.fetch] 2026-06-27T11:45:23Z query 6/24 search started | 'IRENA renewable cost 2024'
[gen_rpt.fetch] 2026-06-27T11:45:24Z query 6/24 search completed | elapsed=0s | candidates=0
[gen_rpt.fetch] 2026-06-27T11:45:24Z query 7/24 search started | 'fusion energy startup funding 2024'
[gen_rpt.fetch] 2026-06-27T11:45:24Z query 7/24 search completed | elapsed=0s | candidates=22
[gen_rpt.fetch] 2026-06-27T11:45:24Z query 8/24 search started | 'fusion industry association investment report'
[gen_rpt.fetch] 2026-06-27T11:45:24Z query 8/24 search completed | elapsed=0s | candidates=22
[gen_rpt.fetch] 2026-06-27T11:45:24Z query 9/24 search started | 'DOE fusion budget 2024'
[gen_rpt.fetch] 2026-06-27T11:45:24Z query 9/24 search completed | elapsed=0s | candidates=22
[gen_rpt.fetch] 2026-06-27T11:45:24Z query 10/24 search started | 'fusion startup list 2024'
[gen_rpt.fetch] 2026-06-27T11:45:25Z query 10/24 search completed | elapsed=0s | candidates=22
[gen_rpt.fetch] 2026-06-27T11:45:25Z query 11/24 search started | 'Commonwealth Fusion Systems funding'
[gen_rpt.fetch] 2026-06-27T11:45:25Z query 11/24 search completed | elapsed=0s | candidates=22
[gen_rpt.fetch] 2026-06-27T11:45:25Z query 12/24 search started | 'TAE Technologies funding'
[gen_rpt.fetch] 2026-06-27T11:45:25Z query 12/24 search completed | elapsed=0s | candidates=0
[gen_rpt.fetch] 2026-06-27T11:45:25Z query 13/24 search started | 'STEP fusion project timeline'
[gen_rpt.fetch] 2026-06-27T11:45:25Z query 13/24 search completed | elapsed=0s | candidates=22
[gen_rpt.fetch] 2026-06-27T11:45:25Z query 14/24 search started | 'tritium supply fusion 2024'
[gen_rpt.fetch] 2026-06-27T11:45:26Z query 14/24 search completed | elapsed=0s | candidates=22
[gen_rpt.fetch] 2026-06-27T11:45:26Z query 15/24 search started | 'tritium demand forecast fusion'
[gen_rpt.fetch] 2026-06-27T11:45:26Z query 15/24 search completed | elapsed=0s | candidates=22
[gen_rpt.fetch] 2026-06-27T11:45:26Z query 16/24 search started | 'CANDU tritium production'
[gen_rpt.fetch] 2026-06-27T11:45:26Z query 16/24 search completed | elapsed=0s | candidates=22
[gen_rpt.fetch] 2026-06-27T11:45:26Z query 17/24 search started | 'IEA world energy investment 2024'
[gen_rpt.fetch] 2026-06-27T11:45:27Z query 17/24 search completed | elapsed=0s | candidates=0
[gen_rpt.fetch] 2026-06-27T11:45:27Z query 18/24 search started | 'BloombergNEF clean energy investment 2024'
[gen_rpt.fetch] 2026-06-27T11:45:27Z query 18/24 search completed | elapsed=0s | candidates=0
[gen_rpt.fetch] 2026-06-27T11:45:27Z query 19/24 search started | 'fusion vs fission investment 2024'
[gen_rpt.fetch] 2026-06-27T11:45:27Z query 19/24 search completed | elapsed=0s | candidates=22
[gen_rpt.fetch] 2026-06-27T11:45:27Z query 20/24 search started | 'fusion LCOE sensitivity analysis'
[gen_rpt.fetch] 2026-06-27T11:45:27Z query 20/24 search completed | elapsed=0s | candidates=22
[gen_rpt.fetch] 2026-06-27T11:45:27Z query 21/24 search started | 'fusion capital cost estimate 2024'
[gen_rpt.fetch] 2026-06-27T11:45:28Z query 21/24 search completed | elapsed=0s | candidates=22
[gen_rpt.fetch] 2026-06-27T11:45:28Z query 22/24 search started | 'fusion capacity factor assumption'
[gen_rpt.fetch] 2026-06-27T11:45:28Z query 22/24 search completed | elapsed=0s | candidates=22
[gen_rpt.fetch] 2026-06-27T11:45:28Z query 23/24 search started | 'fusion reactor construction schedule'
[gen_rpt.fetch] 2026-06-27T11:45:28Z query 23/24 search completed | elapsed=0s | candidates=22
[gen_rpt.fetch] 2026-06-27T11:45:28Z query 24/24 search started | 'Lazard LCOE analysis 2024'
[gen_rpt.fetch] 2026-06-27T11:45:28Z query 24/24 search completed | elapsed=0s | candidates=0
[gen_rpt.fetch] 2026-06-27T11:45:28Z collect_sources completed | accepted=24 | reason=queries_exhausted
[gen_rpt.web] 2026-06-27T11:45:28Z PHASE source_collection completed | elapsed=44s | sources=24 | domains=arpa-e.energy.gov, cfs.energy, energy.gov, euro-fusion.org, fusionindustryassociation.org, generalfusion.com, helionenergy.com, iaea.org
[gen_rpt.web] 2026-06-27T11:45:28Z PHASE fact_pack started | expected <10s
[gen_rpt.web] 2026-06-27T11:45:29Z PHASE fact_pack completed | elapsed=0s | source_count=24 | authoritative=10
[gen_rpt.web] 2026-06-27T11:45:29Z PHASE evidence_ledger_and_storyline started | expected 5-15s
[gen_rpt.web] 2026-06-27T11:45:29Z PHASE evidence_ledger_and_storyline completed | elapsed=0s | evidence_points=36 | families=funding:11, timeline:11, adoption:5, technology:4, market:3, capacity:1
[gen_rpt.web] 2026-06-27T11:45:29Z PHASE synthesis started | expected 60-180s
[gen_rpt.web] 2026-06-27T11:46:24Z PHASE synthesis completed | elapsed=54s | raw_keys=action_steps,authors,category,dek,disclaimer,evidence_quality,exhibits,intro,key_takeaways,methodology,references,sections,title
[gen_rpt.web] 2026-06-27T11:46:24Z PHASE evidence_exhibits started | expected <10s
[gen_rpt.web] 2026-06-27T11:46:24Z PHASE evidence_exhibits completed | elapsed=0s | exhibits=6 | backed_by_ledger=6
[gen_rpt.web] 2026-06-27T11:46:24Z PHASE normalize_and_validate_schema started | expected <10s
[gen_rpt.web] 2026-06-27T11:46:24Z PHASE normalize_and_validate_schema completed | elapsed=0s | takeaways=3 | sections=5 | exhibits=6 | actions=4 | references=12
[gen_rpt.web] 2026-06-27T11:46:24Z PHASE assets started | expected 60-360s when AI images are enabled
[gen_rpt.images] 2026-06-27T11:46:25Z AI image generation started | max_section_images=12 | timeout=45s | retries=3 | section_fallback=True
[gen_rpt.images] 2026-06-27T11:46:25Z AI image cover prompt polishing started | expected 5-30s
[gen_rpt.images] 2026-06-27T11:46:28Z AI image cover download started | expected 10-60s
[gen_rpt.images] 2026-06-27T11:46:30Z AI image cover completed | status=pollinations | reason=
[gen_rpt.images] 2026-06-27T11:46:30Z AI image section 1/5 prompt polishing started | title='Fusion Electricity Will Not Reach the Grid Before 2035'
[gen_rpt.images] 2026-06-27T11:46:32Z AI image section 1/5 download started | expected 10-60s
[gen_rpt.images] 2026-06-27T11:47:16Z AI image section 1/5 completed | status=pollinations | reason=
[gen_rpt.images] 2026-06-27T11:47:16Z AI image section 2/5 prompt polishing started | title='Early Fusion Economics Will Struggle Against Falling Renewables Costs'
[gen_rpt.images] 2026-06-27T11:47:19Z AI image section 2/5 download started | expected 10-60s
[gen_rpt.images] 2026-06-27T11:48:00Z AI image section 2/5 completed | status=pollinations | reason=
[gen_rpt.images] 2026-06-27T11:48:00Z AI image section 3/5 prompt polishing started | title='Niche Applications—Industrial Heat and Marine Propulsion—Offer Earlier Pathways'
[gen_rpt.images] 2026-06-27T11:48:03Z AI image section 3/5 download started | expected 10-60s
[gen_rpt.images] 2026-06-27T11:48:45Z AI image section 3/5 completed | status=pollinations | reason=
[gen_rpt.images] 2026-06-27T11:48:45Z AI image section 4/5 prompt polishing started | title='Policy Support Is Necessary but Not Sufficient for Commercialization Before 2040'
[gen_rpt.images] 2026-06-27T11:48:47Z AI image section 4/5 download started | expected 10-60s
[gen_rpt.images] 2026-06-27T11:49:30Z AI image section 4/5 completed | status=pollinations | reason=
[gen_rpt.images] 2026-06-27T11:49:30Z AI image section 5/5 prompt polishing started | title='Supply Chain Bottlenecks—Tritium and Magnets—Will Delay Scale-Up'
[gen_rpt.images] 2026-06-27T11:49:33Z AI image section 5/5 download started | expected 10-60s
[gen_rpt.images] 2026-06-27T11:50:15Z AI image section 5/5 completed | status=pollinations | reason=
[gen_rpt.images] 2026-06-27T11:50:15Z AI image diversity check started | expected <10s
[gen_rpt.images] 2026-06-27T11:50:15Z AI image generation completed | generated_assets=6 | prompt_records=6
[gen_rpt.web] 2026-06-27T11:50:15Z PHASE assets completed | elapsed=3m51s | asset_keys=brand-logo,cover-background,image-1,image-2,image-3,image-4,image-5
[gen_rpt.web] 2026-06-27T11:50:15Z PHASE render_and_write started | expected <10s
[gen_rpt.web] 2026-06-27T11:50:15Z PHASE render_and_write completed | elapsed=0s | html=reports_web/2026-06-27-auto-smoke-nuclear-fusion-6b88608/index.html | markdown=reports_web/2026-06-27-auto-smoke-nuclear-fusion-6b88608/report.md
[gen_rpt.web] 2026-06-27T11:50:15Z END web report pipeline | total_elapsed=6m23s
HTML web report generated at: reports_web/2026-06-27-auto-smoke-nuclear-fusion-6b88608/index.html
Markdown generated at: reports_web/2026-06-27-auto-smoke-nuclear-fusion-6b88608/report.md
Payload generated at: reports_web/2026-06-27-auto-smoke-nuclear-fusion-6b88608/web_report_payload.json
Analysis framework generated at: reports_web/2026-06-27-auto-smoke-nuclear-fusion-6b88608/analysis_framework.json
Publication contract generated at: reports_web/2026-06-27-auto-smoke-nuclear-fusion-6b88608/publication_contract.json
Research fact pack generated at: reports_web/2026-06-27-auto-smoke-nuclear-fusion-6b88608/research_fact_pack.json
Evidence ledger generated at: reports_web/2026-06-27-auto-smoke-nuclear-fusion-6b88608/evidence_ledger.json
Storyline plan generated at: reports_web/2026-06-27-auto-smoke-nuclear-fusion-6b88608/storyline_plan.json
Sources generated at: reports_web/2026-06-27-auto-smoke-nuclear-fusion-6b88608/sources.json
