[gen_rpt.web] 2026-06-15T10:51:36Z START web report pipeline | topic='Nuclear fusion commercialization outlook and strategic implications' | output_dir=reports_web/2026-06-15-auto-smoke-nuclear-fusion-973bb0d
[gen_rpt.web] 2026-06-15T10:51:36Z ETA planning=15-90s, source_collection=30-150s, evidence=5-15s, synthesis=60-180s, visuals=60-360s
[gen_rpt.web] 2026-06-15T10:51:36Z PHASE planning started | expected 15-90s
[gen_rpt.web] 2026-06-15T10:51:50Z PHASE planning completed | elapsed=13s | queries=10 | outline=5
[gen_rpt.web] 2026-06-15T10:51:50Z PHASE source_collection started | expected 30-150s | per_query=5 | max_sources=20
[gen_rpt.fetch] 2026-06-15T10:51:50Z collect_sources started | queries=8 | per_query=5 | max_sources=20
[gen_rpt.fetch] 2026-06-15T10:51:50Z query 1/8 search started | 'ITER project status 2025 timeline cost overruns'
[gen_rpt.fetch] 2026-06-15T10:51:51Z query 1/8 search completed | elapsed=0s | candidates=0
[gen_rpt.fetch] 2026-06-15T10:51:51Z query 2/8 search started | 'Commonwealth Fusion Systems SPARC progress 2025'
[gen_rpt.fetch] 2026-06-15T10:51:51Z query 2/8 search completed | elapsed=0s | candidates=8
[gen_rpt.fetch] 2026-06-15T10:51:51Z source accepted | count=1/20 | domain=science.osti.gov | type=html | elapsed=0s
[gen_rpt.fetch] 2026-06-15T10:51:52Z fetch failed | domain=energy.gov | reason='404 Client Error: Not Found for url: https://www.energy.gov/science/fusion-energy-sciences/fusion-milestone-based-development-program'
[gen_rpt.fetch] 2026-06-15T10:51:52Z source accepted | count=2/20 | domain=energy.gov | type=snippet | elapsed=0s
[gen_rpt.fetch] 2026-06-15T10:51:52Z fetch failed | domain=iaea.org | reason='403 Client Error: Forbidden for url: https://www.iaea.org/topics/energy/fusion'
[gen_rpt.fetch] 2026-06-15T10:51:52Z source accepted | count=3/20 | domain=iaea.org | type=snippet | elapsed=0s
[gen_rpt.fetch] 2026-06-15T10:51:52Z source accepted | count=4/20 | domain=iter.org | type=html | elapsed=0s
[gen_rpt.fetch] 2026-06-15T10:51:53Z fetch failed | domain=nationalacademies.org | reason='404 Client Error: Not Found for url: https://www.nationalacademies.org/our-work/bringing-fusion-to-the-us-grid'
[gen_rpt.fetch] 2026-06-15T10:51:53Z source accepted | count=5/20 | domain=nationalacademies.org | type=snippet | elapsed=0s
[gen_rpt.fetch] 2026-06-15T10:51:55Z fetch failed | domain=fusionindustryassociation.org | reason='404 Client Error: Not Found for url: https://www.fusionindustryassociation.org/reports/'
[gen_rpt.fetch] 2026-06-15T10:51:55Z source accepted | count=6/20 | domain=fusionindustryassociation.org | type=snippet | elapsed=1s
[gen_rpt.fetch] 2026-06-15T10:51:55Z source accepted | count=7/20 | domain=llnl.gov | type=html | elapsed=0s
[gen_rpt.fetch] 2026-06-15T10:51:55Z fetch failed | domain=arpa-e.energy.gov | reason='404 Client Error: Not Found for url: https://arpa-e.energy.gov/technologies/programs/betthe'
[gen_rpt.fetch] 2026-06-15T10:51:55Z source accepted | count=8/20 | domain=arpa-e.energy.gov | type=snippet | elapsed=0s
[gen_rpt.fetch] 2026-06-15T10:51:55Z query 3/8 search started | 'TAE Technologies fusion reactor commercial timeline'
[gen_rpt.fetch] 2026-06-15T10:51:56Z query 3/8 search completed | elapsed=0s | candidates=8
[gen_rpt.fetch] 2026-06-15T10:51:56Z query 4/8 search started | 'General Fusion demonstration plant 2025'
[gen_rpt.fetch] 2026-06-15T10:51:56Z query 4/8 search completed | elapsed=0s | candidates=8
[gen_rpt.fetch] 2026-06-15T10:51:56Z query 5/8 search started | 'Helion Energy fusion reactor 2025'
[gen_rpt.fetch] 2026-06-15T10:51:56Z query 5/8 search completed | elapsed=0s | candidates=8
[gen_rpt.fetch] 2026-06-15T10:51:56Z query 6/8 search started | 'US Department of Energy fusion funding 2025'
[gen_rpt.fetch] 2026-06-15T10:51:57Z query 6/8 search completed | elapsed=0s | candidates=8
[gen_rpt.fetch] 2026-06-15T10:51:57Z query 7/8 search started | 'IAEA fusion energy regulatory framework'
[gen_rpt.fetch] 2026-06-15T10:51:57Z query 7/8 search completed | elapsed=0s | candidates=8
[gen_rpt.fetch] 2026-06-15T10:51:57Z query 8/8 search started | 'Levelized cost of fusion energy 2025 estimate'
[gen_rpt.fetch] 2026-06-15T10:51:57Z query 8/8 search completed | elapsed=0s | candidates=8
[gen_rpt.fetch] 2026-06-15T10:51:57Z collect_sources completed | accepted=8 | reason=queries_exhausted
[gen_rpt.web] 2026-06-15T10:51:57Z PHASE source_collection completed | elapsed=7s | sources=8 | domains=arpa-e.energy.gov, energy.gov, fusionindustryassociation.org, iaea.org, iter.org, llnl.gov, nationalacademies.org, science.osti.gov
[gen_rpt.web] 2026-06-15T10:51:57Z PHASE fact_pack started | expected <10s
[gen_rpt.web] 2026-06-15T10:51:58Z PHASE fact_pack completed | elapsed=0s | source_count=8 | authoritative=4
[gen_rpt.web] 2026-06-15T10:51:58Z PHASE evidence_ledger_and_storyline started | expected 5-15s
[gen_rpt.web] 2026-06-15T10:51:58Z PHASE evidence_ledger_and_storyline completed | elapsed=0s | evidence_points=14 | families=timeline:7, market:6, funding:1
[gen_rpt.web] 2026-06-15T10:51:58Z PHASE synthesis started | expected 60-180s
[gen_rpt.web] 2026-06-15T10:52:40Z PHASE synthesis completed | elapsed=42s | raw_keys=action_steps,authors,category,dek,disclaimer,evidence_quality,exhibits,intro,key_takeaways,methodology,references,sections,title
[gen_rpt.web] 2026-06-15T10:52:40Z PHASE evidence_exhibits started | expected <10s
[gen_rpt.web] 2026-06-15T10:52:40Z PHASE evidence_exhibits completed | elapsed=0s | exhibits=4 | backed_by_ledger=4
[gen_rpt.web] 2026-06-15T10:52:40Z PHASE normalize_and_validate_schema started | expected <10s
[gen_rpt.web] 2026-06-15T10:52:40Z PHASE normalize_and_validate_schema completed | elapsed=0s | takeaways=3 | sections=4 | exhibits=4 | actions=5 | references=8
[gen_rpt.web] 2026-06-15T10:52:40Z PHASE assets started | expected 60-360s when AI images are enabled
[gen_rpt.images] 2026-06-15T10:52:42Z AI image generation started | max_section_images=12 | timeout=45s | retries=3 | section_fallback=True
[gen_rpt.images] 2026-06-15T10:52:42Z AI image cover prompt polishing started | expected 5-30s
[gen_rpt.images] 2026-06-15T10:52:44Z AI image cover download started | expected 10-60s
[gen_rpt.images] 2026-06-15T10:53:02Z AI image cover completed | status=wikimedia | reason=tokamak control room fusion
[gen_rpt.images] 2026-06-15T10:53:02Z AI image section 1/4 prompt polishing started | title="Fusion's Timeline: Net Energy Gain by 2030, Commercial Power by 2040"
[gen_rpt.images] 2026-06-15T10:53:05Z AI image section 1/4 download started | expected 10-60s
[gen_rpt.images] 2026-06-15T10:53:23Z AI image section 1/4 completed | status=wikimedia | reason=ITER tokamak construction
[gen_rpt.images] 2026-06-15T10:53:23Z AI image section 2/4 prompt polishing started | title='Economic Viability: High Capital Costs and Uncertain LCOE'
[gen_rpt.images] 2026-06-15T10:53:26Z AI image section 2/4 download started | expected 10-60s
[gen_rpt.images] 2026-06-15T10:53:43Z AI image section 2/4 completed | status=wikimedia | reason=ITER tokamak construction
[gen_rpt.images] 2026-06-15T10:53:43Z AI image section 3/4 prompt polishing started | title='Regulatory and Safety Landscape: A Pivotal Classification Decision'
[gen_rpt.images] 2026-06-15T10:53:46Z AI image section 3/4 download started | expected 10-60s
[gen_rpt.images] 2026-06-15T10:54:03Z AI image section 3/4 completed | status=wikimedia | reason=tokamak control room fusion
[gen_rpt.images] 2026-06-15T10:54:03Z AI image section 4/4 prompt polishing started | title='Strategic Implications: Disruption Potential and Competitive Dynamics'
[gen_rpt.images] 2026-06-15T10:54:05Z AI image section 4/4 download started | expected 10-60s
[gen_rpt.images] 2026-06-15T10:54:22Z AI image section 4/4 completed | status=wikimedia | reason=tokamak fusion reactor
[gen_rpt.images] 2026-06-15T10:54:23Z AI image diversity check started | expected <10s
[gen_rpt.images] 2026-06-15T10:54:25Z AI image generation completed | generated_assets=5 | prompt_records=5
[gen_rpt.web] 2026-06-15T10:54:25Z PHASE assets completed | elapsed=1m44s | asset_keys=brand-logo,cover-background,image-1,image-2,image-3,image-4
[gen_rpt.web] 2026-06-15T10:54:25Z PHASE render_and_write started | expected <10s
[gen_rpt.web] 2026-06-15T10:54:25Z PHASE render_and_write completed | elapsed=0s | html=reports_web/2026-06-15-auto-smoke-nuclear-fusion-973bb0d/index.html | markdown=reports_web/2026-06-15-auto-smoke-nuclear-fusion-973bb0d/report.md
[gen_rpt.web] 2026-06-15T10:54:25Z END web report pipeline | total_elapsed=2m48s
HTML web report generated at: reports_web/2026-06-15-auto-smoke-nuclear-fusion-973bb0d/index.html
Markdown generated at: reports_web/2026-06-15-auto-smoke-nuclear-fusion-973bb0d/report.md
Payload generated at: reports_web/2026-06-15-auto-smoke-nuclear-fusion-973bb0d/web_report_payload.json
Research fact pack generated at: reports_web/2026-06-15-auto-smoke-nuclear-fusion-973bb0d/research_fact_pack.json
Evidence ledger generated at: reports_web/2026-06-15-auto-smoke-nuclear-fusion-973bb0d/evidence_ledger.json
Storyline plan generated at: reports_web/2026-06-15-auto-smoke-nuclear-fusion-973bb0d/storyline_plan.json
Sources generated at: reports_web/2026-06-15-auto-smoke-nuclear-fusion-973bb0d/sources.json
