[gen_rpt.web] 2026-06-27T12:51:30Z START web report pipeline | topic='Nuclear fusion commercialization outlook and strategic implications' | output_dir=reports_web/2026-06-27-auto-smoke-nuclear-fusion-045f639
[gen_rpt.web] 2026-06-27T12:51:30Z ETA planning=15-90s, chart_data_needs=10-60s, source_collection=60-300s, evidence=5-15s, synthesis=60-180s, visuals=60-360s
[gen_rpt.web] 2026-06-27T12:51:30Z PHASE planning started | expected 15-90s
[gen_rpt.web] 2026-06-27T12:52:01Z PHASE planning completed | elapsed=30s | queries=18 | outline=5 | hypotheses=7 | sizing_methods=5
[gen_rpt.web] 2026-06-27T12:52:01Z PHASE chart_data_needs started | expected 10-60s
[gen_rpt.web] 2026-06-27T12:52:23Z PHASE chart_data_needs completed | elapsed=21s | needs=7 | chart_queries=22
[gen_rpt.web] 2026-06-27T12:52:23Z PHASE source_collection started | expected 45-240s | queries=24 | per_query=5 | max_sources=32
[gen_rpt.web] 2026-06-27T12:52:23Z PHASE source_collection query_plan | fusion energy market size 2030 2040 2050 || fusion LCOE projection 2050 || fusion private investment 2024 total || ITER schedule update 2024 || IEA LCOE projections 2024 solar wind fusion || IRENA renewable power generation costs 2023 || Lazard LCOE 2023 solar wind || fusion LCOE projection 2050 Commonwealth Fusion || Fusion Industry Association funding report 2024 || fusion startup funding total 2023 Crunchbase
[gen_rpt.fetch] 2026-06-27T12:52:23Z collect_sources started | queries=24 | per_query=5 | max_sources=32
[gen_rpt.fetch] 2026-06-27T12:52:23Z query 1/24 search started | 'fusion energy market size 2030 2040 2050'
[gen_rpt.fetch] 2026-06-27T12:52:29Z gdelt request rate-limited | TimelineVolRaw
[gen_rpt.fetch] 2026-06-27T12:52:35Z gdelt request rate-limited | ArtList
[gen_rpt.fetch] 2026-06-27T12:52:35Z query 1/24 search completed | elapsed=11s | candidates=22
[gen_rpt.fetch] 2026-06-27T12:52:35Z source accepted | count=1/32 | domain=energy.gov | type=html | elapsed=0s
[gen_rpt.fetch] 2026-06-27T12:52:35Z source accepted | count=2/32 | domain=science.osti.gov | type=html | elapsed=0s
[gen_rpt.fetch] 2026-06-27T12:52:35Z source accepted | count=3/32 | domain=energy.gov | type=html | elapsed=0s
[gen_rpt.fetch] 2026-06-27T12:52:35Z fetch failed | domain=iaea.org | reason='403 Client Error: Forbidden for url: https://www.iaea.org/topics/energy/fusion'
[gen_rpt.fetch] 2026-06-27T12:52:35Z source accepted | count=4/32 | domain=iaea.org | type=snippet | elapsed=0s
[gen_rpt.fetch] 2026-06-27T12:52:36Z source accepted | count=5/32 | domain=iter.org | type=html | elapsed=0s
[gen_rpt.fetch] 2026-06-27T12:52:37Z source accepted | count=6/32 | domain=nationalacademies.org | type=html | elapsed=0s
[gen_rpt.fetch] 2026-06-27T12:52:37Z source accepted | count=7/32 | domain=nationalacademies.org | type=html | elapsed=0s
[gen_rpt.fetch] 2026-06-27T12:52:37Z source accepted | count=8/32 | domain=fusionindustryassociation.org | type=snippet | elapsed=0s
[gen_rpt.fetch] 2026-06-27T12:52:38Z source accepted | count=9/32 | domain=fusionindustryassociation.org | type=snippet | elapsed=0s
[gen_rpt.fetch] 2026-06-27T12:52:38Z source accepted | count=10/32 | domain=fusionindustryassociation.org | type=snippet | elapsed=0s
[gen_rpt.fetch] 2026-06-27T12:52:38Z source accepted | count=11/32 | domain=llnl.gov | type=html | elapsed=0s
[gen_rpt.fetch] 2026-06-27T12:52:39Z source accepted | count=12/32 | domain=arpa-e.energy.gov | type=snippet | elapsed=0s
[gen_rpt.fetch] 2026-06-27T12:52:39Z source accepted | count=13/32 | domain=energy.gov | type=html | elapsed=0s
[gen_rpt.fetch] 2026-06-27T12:52:39Z source accepted | count=14/32 | domain=energy.gov | type=pdf | elapsed=0s
[gen_rpt.fetch] 2026-06-27T12:52:39Z fetch failed | domain=nrc.gov | reason='404 Client Error: Not Found for url: https://www.nrc.gov/materials/fusion-energy.html'
[gen_rpt.fetch] 2026-06-27T12:52:39Z source accepted | count=15/32 | domain=nrc.gov | type=snippet | elapsed=0s
[gen_rpt.fetch] 2026-06-27T12:52:39Z fetch failed | domain=step.ukaea.uk | reason="HTTPSConnectionPool(host='step.ukaea.uk', port=443): Max retries exceeded with url: / (Caused by SSLError(SSLCertVerificationError(1, '[SSL: CERTIFICATE_VERIFY_FAILED] certificate "
[gen_rpt.fetch] 2026-06-27T12:52:39Z source accepted | count=16/32 | domain=step.ukaea.uk | type=snippet | elapsed=0s
[gen_rpt.fetch] 2026-06-27T12:52:41Z source accepted | count=17/32 | domain=euro-fusion.org | type=html | elapsed=1s
[gen_rpt.fetch] 2026-06-27T12:52:42Z source accepted | count=18/32 | domain=cfs.energy | type=html | elapsed=0s
[gen_rpt.fetch] 2026-06-27T12:52:42Z source accepted | count=19/32 | domain=helionenergy.com | type=html | elapsed=0s
[gen_rpt.fetch] 2026-06-27T12:52:42Z source accepted | count=20/32 | domain=legacy.zapenergy.com | type=html | elapsed=0s
[gen_rpt.fetch] 2026-06-27T12:52:42Z source accepted | count=21/32 | domain=tae.com | type=html | elapsed=0s
[gen_rpt.fetch] 2026-06-27T12:52:42Z fetch failed | domain=generalfusion.com | reason='404 Client Error: Not Found for url: https://generalfusion.com/technology/'
[gen_rpt.fetch] 2026-06-27T12:52:42Z source accepted | count=22/32 | domain=generalfusion.com | type=snippet | elapsed=0s
[gen_rpt.fetch] 2026-06-27T12:52:42Z query 2/24 search started | 'fusion LCOE projection 2050'
[gen_rpt.fetch] 2026-06-27T12:53:01Z gdelt request rate-limited | ArtList
[gen_rpt.fetch] 2026-06-27T12:53:01Z query 2/24 search completed | elapsed=18s | candidates=22
[gen_rpt.fetch] 2026-06-27T12:53:01Z query 3/24 search started | 'fusion private investment 2024 total'
[gen_rpt.fetch] 2026-06-27T12:53:02Z query 3/24 search completed | elapsed=0s | candidates=27
[gen_rpt.fetch] 2026-06-27T12:53:02Z source accepted | count=23/32 | domain=bing.com | type=snippet | elapsed=0s
[gen_rpt.fetch] 2026-06-27T12:53:02Z source accepted | count=24/32 | domain=bing.com | type=snippet | elapsed=0s
[gen_rpt.fetch] 2026-06-27T12:53:02Z source accepted | count=25/32 | domain=bing.com | type=snippet | elapsed=0s
[gen_rpt.fetch] 2026-06-27T12:53:02Z source accepted | count=26/32 | domain=bing.com | type=snippet | elapsed=0s
[gen_rpt.fetch] 2026-06-27T12:53:02Z source accepted | count=27/32 | domain=bing.com | type=snippet | elapsed=0s
[gen_rpt.fetch] 2026-06-27T12:53:02Z query 4/24 search started | 'ITER schedule update 2024'
[gen_rpt.fetch] 2026-06-27T12:53:02Z query 4/24 search completed | elapsed=0s | candidates=0
[gen_rpt.fetch] 2026-06-27T12:53:02Z query 5/24 search started | 'IEA LCOE projections 2024 solar wind fusion'
[gen_rpt.fetch] 2026-06-27T12:53:03Z query 5/24 search completed | elapsed=0s | candidates=22
[gen_rpt.fetch] 2026-06-27T12:53:03Z query 6/24 search started | 'IRENA renewable power generation costs 2023'
[gen_rpt.fetch] 2026-06-27T12:53:03Z query 6/24 search completed | elapsed=0s | candidates=2
[gen_rpt.fetch] 2026-06-27T12:53:03Z fetch failed | domain=iea.org | reason='403 Client Error: Forbidden for url: https://www.iea.org/energy-system/electricity/grid-scale-storage'
[gen_rpt.fetch] 2026-06-27T12:53:03Z source accepted | count=28/32 | domain=iea.org | type=snippet | elapsed=0s
[gen_rpt.fetch] 2026-06-27T12:53:04Z source accepted | count=29/32 | domain=energy.gov | type=html | elapsed=0s
[gen_rpt.fetch] 2026-06-27T12:53:04Z query 7/24 search started | 'Lazard LCOE 2023 solar wind'
[gen_rpt.fetch] 2026-06-27T12:53:04Z query 7/24 search completed | elapsed=0s | candidates=0
[gen_rpt.fetch] 2026-06-27T12:53:04Z query 8/24 search started | 'fusion LCOE projection 2050 Commonwealth Fusion'
[gen_rpt.fetch] 2026-06-27T12:53:04Z query 8/24 search completed | elapsed=0s | candidates=22
[gen_rpt.fetch] 2026-06-27T12:53:04Z query 9/24 search started | 'Fusion Industry Association funding report 2024'
[gen_rpt.fetch] 2026-06-27T12:53:04Z query 9/24 search completed | elapsed=0s | candidates=22
[gen_rpt.fetch] 2026-06-27T12:53:04Z query 10/24 search started | 'fusion startup funding total 2023 Crunchbase'
[gen_rpt.fetch] 2026-06-27T12:53:05Z query 10/24 search completed | elapsed=0s | candidates=22
[gen_rpt.fetch] 2026-06-27T12:53:05Z query 11/24 search started | 'DOE fusion budget 2024'
[gen_rpt.fetch] 2026-06-27T12:53:05Z query 11/24 search completed | elapsed=0s | candidates=22
[gen_rpt.fetch] 2026-06-27T12:53:05Z query 12/24 search started | 'ITER schedule 2024 first plasma'
[gen_rpt.fetch] 2026-06-27T12:53:05Z query 12/24 search completed | elapsed=0s | candidates=22
[gen_rpt.fetch] 2026-06-27T12:53:05Z query 13/24 search started | 'SPARC net energy gain timeline 2025'
[gen_rpt.fetch] 2026-06-27T12:53:05Z query 13/24 search completed | elapsed=0s | candidates=0
[gen_rpt.fetch] 2026-06-27T12:53:05Z query 14/24 search started | 'fusion pilot plant 2030 announcement'
[gen_rpt.fetch] 2026-06-27T12:53:06Z query 14/24 search completed | elapsed=0s | candidates=22
[gen_rpt.fetch] 2026-06-27T12:53:06Z query 15/24 search started | 'tritium supply fusion 2030 IAEA'
[gen_rpt.fetch] 2026-06-27T12:53:06Z query 15/24 search completed | elapsed=0s | candidates=22
[gen_rpt.fetch] 2026-06-27T12:53:06Z query 16/24 search started | 'tritium demand per fusion plant kg/year'
[gen_rpt.fetch] 2026-06-27T12:53:06Z query 16/24 search completed | elapsed=0s | candidates=22
[gen_rpt.fetch] 2026-06-27T12:53:06Z query 17/24 search started | 'CANDU tritium production capacity'
[gen_rpt.fetch] 2026-06-27T12:53:07Z query 17/24 search completed | elapsed=0s | candidates=22
[gen_rpt.fetch] 2026-06-27T12:53:07Z query 18/24 search started | 'utility interest in fusion survey 2023'
[gen_rpt.fetch] 2026-06-27T12:53:07Z query 18/24 search completed | elapsed=0s | candidates=22
[gen_rpt.fetch] 2026-06-27T12:53:07Z query 19/24 search started | 'BloombergNEF fusion utility survey'
[gen_rpt.fetch] 2026-06-27T12:53:07Z query 19/24 search completed | elapsed=0s | candidates=22
[gen_rpt.fetch] 2026-06-27T12:53:07Z query 20/24 search started | 'fusion power purchase agreement 2024'
[gen_rpt.fetch] 2026-06-27T12:53:07Z query 20/24 search completed | elapsed=0s | candidates=24
[gen_rpt.fetch] 2026-06-27T12:53:07Z query 21/24 search started | 'fusion LCOE sensitivity analysis capital cost'
[gen_rpt.fetch] 2026-06-27T12:53:07Z query 21/24 search completed | elapsed=0s | candidates=22
[gen_rpt.fetch] 2026-06-27T12:53:07Z query 22/24 search started | 'MIT fusion study 2023 LCOE'
[gen_rpt.fetch] 2026-06-27T12:53:08Z query 22/24 search completed | elapsed=0s | candidates=22
[gen_rpt.fetch] 2026-06-27T12:53:08Z query 23/24 search started | 'fusion cost drivers capacity factor'
[gen_rpt.fetch] 2026-06-27T12:53:08Z query 23/24 search completed | elapsed=0s | candidates=22
[gen_rpt.fetch] 2026-06-27T12:53:08Z query 24/24 search started | 'US NRC fusion regulatory framework 2024'
[gen_rpt.fetch] 2026-06-27T12:53:08Z query 24/24 search completed | elapsed=0s | candidates=22
[gen_rpt.fetch] 2026-06-27T12:53:08Z collect_sources completed | accepted=29 | reason=queries_exhausted
[gen_rpt.web] 2026-06-27T12:53:08Z PHASE source_collection completed | elapsed=44s | sources=29 | domains=arpa-e.energy.gov, bing.com, cfs.energy, energy.gov, euro-fusion.org, fusionindustryassociation.org, generalfusion.com, helionenergy.com
[gen_rpt.web] 2026-06-27T12:53:08Z PHASE fact_pack started | expected <10s
[gen_rpt.web] 2026-06-27T12:53:08Z PHASE fact_pack completed | elapsed=0s | source_count=29 | authoritative=10
[gen_rpt.web] 2026-06-27T12:53:08Z PHASE evidence_ledger_and_storyline started | expected 5-15s
[gen_rpt.web] 2026-06-27T12:53:08Z PHASE evidence_ledger_and_storyline completed | elapsed=0s | evidence_points=36 | families=funding:12, timeline:11, adoption:5, technology:4, cost:2, capacity:1
[gen_rpt.web] 2026-06-27T12:53:08Z PHASE synthesis started | expected 60-180s
[gen_rpt.web] 2026-06-27T12:53:58Z PHASE synthesis completed | elapsed=49s | raw_keys=action_steps,authors,category,dek,disclaimer,evidence_quality,exhibits,intro,key_takeaways,methodology,references,sections,title
[gen_rpt.web] 2026-06-27T12:53:58Z PHASE evidence_exhibits started | expected <10s
[gen_rpt.web] 2026-06-27T12:53:58Z PHASE evidence_exhibits completed | elapsed=0s | exhibits=6 | backed_by_ledger=6
[gen_rpt.web] 2026-06-27T12:53:58Z PHASE normalize_and_validate_schema started | expected <10s
[gen_rpt.web] 2026-06-27T12:53:58Z PHASE normalize_and_validate_schema completed | elapsed=0s | takeaways=3 | sections=5 | exhibits=6 | actions=5 | references=10
[gen_rpt.web] 2026-06-27T12:53:58Z PHASE assets started | expected 60-360s when AI images are enabled
[gen_rpt.images] 2026-06-27T12:54:00Z AI image generation started | max_section_images=12 | timeout=45s | retries=3 | section_fallback=True
[gen_rpt.images] 2026-06-27T12:54:00Z AI image cover prompt polishing started | expected 5-30s
[gen_rpt.images] 2026-06-27T12:54:02Z AI image cover download started | expected 10-60s
[gen_rpt.images] 2026-06-27T12:54:04Z AI image cover completed | status=pollinations | reason=
[gen_rpt.images] 2026-06-27T12:54:04Z AI image section 1/5 prompt polishing started | title='Net Energy Gain Is Likely by 2035, but Commercial Electricity Is Decades Away'
[gen_rpt.images] 2026-06-27T12:54:07Z AI image section 1/5 download started | expected 10-60s
[gen_rpt.images] 2026-06-27T12:54:49Z AI image section 1/5 completed | status=pollinations | reason=
[gen_rpt.images] 2026-06-27T12:54:49Z AI image section 2/5 prompt polishing started | title='Fusion LCOE Will Remain Above $50/MWh Through 2050, Struggling to Compete with Solar and W'
[gen_rpt.images] 2026-06-27T12:54:53Z AI image section 2/5 download started | expected 10-60s
[gen_rpt.images] 2026-06-27T12:55:34Z AI image section 2/5 completed | status=pollinations | reason=
[gen_rpt.images] 2026-06-27T12:55:34Z AI image section 3/5 prompt polishing started | title='Private Investment Is Surging, but Public Funding and Regulatory Frameworks Lag'
[gen_rpt.images] 2026-06-27T12:55:37Z AI image section 3/5 download started | expected 10-60s
[gen_rpt.images] 2026-06-27T12:56:19Z AI image section 3/5 completed | status=pollinations | reason=
[gen_rpt.images] 2026-06-27T12:56:19Z AI image section 4/5 prompt polishing started | title='Supply Chain Bottlenecks in Tritium and HTS Magnets Threaten Deployment Timelines'
[gen_rpt.images] 2026-06-27T12:56:21Z AI image section 4/5 download started | expected 10-60s
[gen_rpt.images] 2026-06-27T12:57:04Z AI image section 4/5 completed | status=pollinations | reason=
[gen_rpt.images] 2026-06-27T12:57:05Z AI image section 5/5 prompt polishing started | title='Niche Applications Will Precede Grid Electricity: Industrial Heat and Marine Propulsion Ar'
[gen_rpt.images] 2026-06-27T12:57:07Z AI image section 5/5 download started | expected 10-60s
[gen_rpt.images] 2026-06-27T12:57:49Z AI image section 5/5 completed | status=pollinations | reason=
[gen_rpt.images] 2026-06-27T12:57:49Z AI image diversity check started | expected <10s
[gen_rpt.images] 2026-06-27T12:57:49Z AI image generation completed | generated_assets=6 | prompt_records=6
[gen_rpt.web] 2026-06-27T12:57:49Z PHASE assets completed | elapsed=3m50s | asset_keys=brand-logo,cover-background,image-1,image-2,image-3,image-4,image-5
[gen_rpt.web] 2026-06-27T12:57:49Z PHASE render_and_write started | expected <10s
[gen_rpt.web] 2026-06-27T12:57:49Z PHASE render_and_write completed | elapsed=0s | html=reports_web/2026-06-27-auto-smoke-nuclear-fusion-045f639/index.html | markdown=reports_web/2026-06-27-auto-smoke-nuclear-fusion-045f639/report.md
[gen_rpt.web] 2026-06-27T12:57:49Z END web report pipeline | total_elapsed=6m18s
HTML web report generated at: reports_web/2026-06-27-auto-smoke-nuclear-fusion-045f639/index.html
Markdown generated at: reports_web/2026-06-27-auto-smoke-nuclear-fusion-045f639/report.md
Payload generated at: reports_web/2026-06-27-auto-smoke-nuclear-fusion-045f639/web_report_payload.json
Analysis framework generated at: reports_web/2026-06-27-auto-smoke-nuclear-fusion-045f639/analysis_framework.json
Publication contract generated at: reports_web/2026-06-27-auto-smoke-nuclear-fusion-045f639/publication_contract.json
Research fact pack generated at: reports_web/2026-06-27-auto-smoke-nuclear-fusion-045f639/research_fact_pack.json
Evidence ledger generated at: reports_web/2026-06-27-auto-smoke-nuclear-fusion-045f639/evidence_ledger.json
Storyline plan generated at: reports_web/2026-06-27-auto-smoke-nuclear-fusion-045f639/storyline_plan.json
Sources generated at: reports_web/2026-06-27-auto-smoke-nuclear-fusion-045f639/sources.json
