[gen_rpt.web] 2026-06-15T13:09:10Z START web report pipeline | topic='Nuclear fusion commercialization outlook and strategic implications' | output_dir=reports_web/2026-06-15-auto-smoke-nuclear-fusion-6ddf083
[gen_rpt.web] 2026-06-15T13:09:10Z ETA planning=15-90s, chart_data_needs=10-60s, source_collection=45-240s, evidence=5-15s, synthesis=60-180s, visuals=60-360s
[gen_rpt.web] 2026-06-15T13:09:10Z PHASE planning started | expected 15-90s
[gen_rpt.web] 2026-06-15T13:09:34Z PHASE planning completed | elapsed=23s | queries=10 | outline=5
[gen_rpt.web] 2026-06-15T13:09:34Z PHASE chart_data_needs started | expected 10-60s
[gen_rpt.web] 2026-06-15T13:09:48Z PHASE chart_data_needs completed | elapsed=13s | needs=5 | chart_queries=15
[gen_rpt.web] 2026-06-15T13:09:48Z PHASE source_collection started | expected 45-240s | queries=12 | per_query=5 | max_sources=20
[gen_rpt.web] 2026-06-15T13:09:48Z PHASE source_collection query_plan | ITER project status 2024 timeline delays cost overruns || Commonwealth Fusion Systems SPARC reactor progress 2024 || US Nuclear Regulatory Commission fusion regulation framework 2024 || ITER project timeline 2024 milestones first plasma || Commonwealth Fusion Systems SPARC timeline 2024 net energy || Helion Energy commercial reactor timeline 2024 || Lazard levelized cost of energy 2024 fusion projection || BloombergNEF fusion LCOE 2024 2030 || IEA World Energy Outlook 2024 fusion cost || Fusion Industry Association investment report 2024 cumulative funding
[gen_rpt.fetch] 2026-06-15T13:09:48Z collect_sources started | queries=12 | per_query=5 | max_sources=20
[gen_rpt.fetch] 2026-06-15T13:09:48Z query 1/12 search started | 'ITER project status 2024 timeline delays cost overruns'
[gen_rpt.fetch] 2026-06-15T13:09:48Z query 1/12 search completed | elapsed=0s | candidates=0
[gen_rpt.fetch] 2026-06-15T13:09:48Z query 2/12 search started | 'Commonwealth Fusion Systems SPARC reactor progress 2024'
[gen_rpt.fetch] 2026-06-15T13:09:48Z query 2/12 search completed | elapsed=0s | candidates=8
[gen_rpt.fetch] 2026-06-15T13:09:49Z source accepted | count=1/20 | domain=science.osti.gov | type=html | elapsed=0s
[gen_rpt.fetch] 2026-06-15T13:09:49Z fetch failed | domain=energy.gov | reason='404 Client Error: Not Found for url: https://www.energy.gov/science/fusion-energy-sciences/fusion-milestone-based-development-program'
[gen_rpt.fetch] 2026-06-15T13:09:49Z source accepted | count=2/20 | domain=energy.gov | type=snippet | elapsed=0s
[gen_rpt.fetch] 2026-06-15T13:09:49Z fetch failed | domain=iaea.org | reason='403 Client Error: Forbidden for url: https://www.iaea.org/topics/energy/fusion'
[gen_rpt.fetch] 2026-06-15T13:09:49Z source accepted | count=3/20 | domain=iaea.org | type=snippet | elapsed=0s
[gen_rpt.fetch] 2026-06-15T13:09:50Z source accepted | count=4/20 | domain=iter.org | type=html | elapsed=0s
[gen_rpt.fetch] 2026-06-15T13:09:50Z fetch failed | domain=nationalacademies.org | reason='404 Client Error: Not Found for url: https://www.nationalacademies.org/our-work/bringing-fusion-to-the-us-grid'
[gen_rpt.fetch] 2026-06-15T13:09:50Z source accepted | count=5/20 | domain=nationalacademies.org | type=snippet | elapsed=0s
[gen_rpt.fetch] 2026-06-15T13:09:51Z fetch failed | domain=fusionindustryassociation.org | reason='404 Client Error: Not Found for url: https://www.fusionindustryassociation.org/reports/'
[gen_rpt.fetch] 2026-06-15T13:09:51Z source accepted | count=6/20 | domain=fusionindustryassociation.org | type=snippet | elapsed=0s
[gen_rpt.fetch] 2026-06-15T13:09:51Z source accepted | count=7/20 | domain=llnl.gov | type=html | elapsed=0s
[gen_rpt.fetch] 2026-06-15T13:09:51Z fetch failed | domain=arpa-e.energy.gov | reason='404 Client Error: Not Found for url: https://arpa-e.energy.gov/technologies/programs/betthe'
[gen_rpt.fetch] 2026-06-15T13:09:51Z source accepted | count=8/20 | domain=arpa-e.energy.gov | type=snippet | elapsed=0s
[gen_rpt.fetch] 2026-06-15T13:09:51Z query 3/12 search started | 'US Nuclear Regulatory Commission fusion regulation framework 2024'
[gen_rpt.fetch] 2026-06-15T13:09:51Z query 3/12 search completed | elapsed=0s | candidates=8
[gen_rpt.fetch] 2026-06-15T13:09:51Z query 4/12 search started | 'ITER project timeline 2024 milestones first plasma'
[gen_rpt.fetch] 2026-06-15T13:09:52Z query 4/12 search completed | elapsed=0s | candidates=8
[gen_rpt.fetch] 2026-06-15T13:09:52Z query 5/12 search started | 'Commonwealth Fusion Systems SPARC timeline 2024 net energy'
[gen_rpt.fetch] 2026-06-15T13:09:52Z query 5/12 search completed | elapsed=0s | candidates=8
[gen_rpt.fetch] 2026-06-15T13:09:52Z query 6/12 search started | 'Helion Energy commercial reactor timeline 2024'
[gen_rpt.fetch] 2026-06-15T13:09:52Z query 6/12 search completed | elapsed=0s | candidates=8
[gen_rpt.fetch] 2026-06-15T13:09:52Z query 7/12 search started | 'Lazard levelized cost of energy 2024 fusion projection'
[gen_rpt.fetch] 2026-06-15T13:09:52Z query 7/12 search completed | elapsed=0s | candidates=8
[gen_rpt.fetch] 2026-06-15T13:09:52Z query 8/12 search started | 'BloombergNEF fusion LCOE 2024 2030'
[gen_rpt.fetch] 2026-06-15T13:09:53Z query 8/12 search completed | elapsed=0s | candidates=8
[gen_rpt.fetch] 2026-06-15T13:09:53Z query 9/12 search started | 'IEA World Energy Outlook 2024 fusion cost'
[gen_rpt.fetch] 2026-06-15T13:09:53Z query 9/12 search completed | elapsed=0s | candidates=8
[gen_rpt.fetch] 2026-06-15T13:09:53Z query 10/12 search started | 'Fusion Industry Association investment report 2024 cumulative funding'
[gen_rpt.fetch] 2026-06-15T13:09:53Z query 10/12 search completed | elapsed=0s | candidates=8
[gen_rpt.fetch] 2026-06-15T13:09:53Z query 11/12 search started | 'US DOE fusion budget 2024'
[gen_rpt.fetch] 2026-06-15T13:09:53Z query 11/12 search completed | elapsed=0s | candidates=8
[gen_rpt.fetch] 2026-06-15T13:09:53Z query 12/12 search started | 'private fusion investment 2024 venture capital total'
[gen_rpt.fetch] 2026-06-15T13:09:54Z query 12/12 search completed | elapsed=0s | candidates=8
[gen_rpt.fetch] 2026-06-15T13:09:54Z collect_sources completed | accepted=8 | reason=queries_exhausted
[gen_rpt.web] 2026-06-15T13:09:54Z PHASE source_collection completed | elapsed=6s | sources=8 | domains=arpa-e.energy.gov, energy.gov, fusionindustryassociation.org, iaea.org, iter.org, llnl.gov, nationalacademies.org, science.osti.gov
[gen_rpt.web] 2026-06-15T13:09:54Z PHASE fact_pack started | expected <10s
[gen_rpt.web] 2026-06-15T13:09:54Z PHASE fact_pack completed | elapsed=0s | source_count=8 | authoritative=4
[gen_rpt.web] 2026-06-15T13:09:54Z PHASE evidence_ledger_and_storyline started | expected 5-15s
[gen_rpt.web] 2026-06-15T13:09:54Z PHASE evidence_ledger_and_storyline completed | elapsed=0s | evidence_points=7 | families=technology:4, timeline:2, funding:1
[gen_rpt.web] 2026-06-15T13:09:54Z PHASE synthesis started | expected 60-180s
[gen_rpt.web] 2026-06-15T13:10:50Z PHASE synthesis completed | elapsed=56s | raw_keys=action_steps,authors,category,dek,disclaimer,evidence_quality,exhibits,intro,key_takeaways,methodology,references,sections,title
[gen_rpt.web] 2026-06-15T13:10:50Z PHASE evidence_exhibits started | expected <10s
[gen_rpt.web] 2026-06-15T13:10:50Z PHASE evidence_exhibits completed | elapsed=0s | exhibits=5 | backed_by_ledger=5
[gen_rpt.web] 2026-06-15T13:10:50Z PHASE normalize_and_validate_schema started | expected <10s
[gen_rpt.web] 2026-06-15T13:10:50Z PHASE normalize_and_validate_schema completed | elapsed=0s | takeaways=3 | sections=5 | exhibits=5 | actions=5 | references=8
[gen_rpt.web] 2026-06-15T13:10:50Z PHASE assets started | expected 60-360s when AI images are enabled
[gen_rpt.images] 2026-06-15T13:10:52Z AI image generation started | max_section_images=12 | timeout=45s | retries=3 | section_fallback=True
[gen_rpt.images] 2026-06-15T13:10:52Z AI image cover prompt polishing started | expected 5-30s
[gen_rpt.images] 2026-06-15T13:10:55Z AI image cover download started | expected 10-60s
[gen_rpt.images] 2026-06-15T13:11:12Z AI image cover completed | status=wikimedia | reason=tokamak control room fusion
[gen_rpt.images] 2026-06-15T13:11:12Z AI image section 1/5 prompt polishing started | title='Fusion Ignition Is a Scientific Milestone, Not a Commercial One'
[gen_rpt.images] 2026-06-15T13:11:16Z AI image section 1/5 download started | expected 10-60s
[gen_rpt.images] 2026-06-15T13:11:34Z AI image section 1/5 completed | status=wikimedia | reason=business meeting technology
[gen_rpt.images] 2026-06-15T13:11:34Z AI image section 2/5 prompt polishing started | title='Regulatory Frameworks Are Being Built Now—Early Movers Will Set the Standards'
[gen_rpt.images] 2026-06-15T13:11:38Z AI image section 2/5 download started | expected 10-60s
[gen_rpt.images] 2026-06-15T13:11:54Z AI image section 2/5 completed | status=wikimedia | reason=ITER tokamak construction
[gen_rpt.images] 2026-06-15T13:11:55Z AI image section 3/5 prompt polishing started | title='Economics Favor Fusion as a Baseload Complement, Not a Replacement for Renewables'
[gen_rpt.images] 2026-06-15T13:11:57Z AI image section 3/5 download started | expected 10-60s
[gen_rpt.images] 2026-06-15T13:12:15Z AI image section 3/5 completed | status=wikimedia | reason=tokamak control room fusion
[gen_rpt.images] 2026-06-15T13:12:15Z AI image section 4/5 prompt polishing started | title='Private Capital Is Driving the Timeline, but a Funding Gap Looms'
[gen_rpt.images] 2026-06-15T13:12:18Z AI image section 4/5 download started | expected 10-60s
[gen_rpt.images] 2026-06-15T13:12:35Z AI image section 4/5 completed | status=wikimedia | reason=ITER tokamak construction
[gen_rpt.images] 2026-06-15T13:12:35Z AI image section 5/5 prompt polishing started | title='Strategic Positioning Requires Patience, Partnerships, and Infrastructure Investment'
[gen_rpt.images] 2026-06-15T13:12:38Z AI image section 5/5 download started | expected 10-60s
[gen_rpt.images] 2026-06-15T13:12:56Z AI image section 5/5 completed | status=wikimedia | reason=tokamak fusion reactor
[gen_rpt.images] 2026-06-15T13:12:56Z AI image diversity check started | expected <10s
[gen_rpt.images] 2026-06-15T13:12:58Z AI image generation completed | generated_assets=6 | prompt_records=6
[gen_rpt.web] 2026-06-15T13:12:58Z PHASE assets completed | elapsed=2m08s | asset_keys=brand-logo,cover-background,image-1,image-2,image-3,image-4,image-5
[gen_rpt.web] 2026-06-15T13:12:58Z PHASE render_and_write started | expected <10s
[gen_rpt.web] 2026-06-15T13:12:58Z PHASE render_and_write completed | elapsed=0s | html=reports_web/2026-06-15-auto-smoke-nuclear-fusion-6ddf083/index.html | markdown=reports_web/2026-06-15-auto-smoke-nuclear-fusion-6ddf083/report.md
[gen_rpt.web] 2026-06-15T13:12:58Z END web report pipeline | total_elapsed=3m47s
HTML web report generated at: reports_web/2026-06-15-auto-smoke-nuclear-fusion-6ddf083/index.html
Markdown generated at: reports_web/2026-06-15-auto-smoke-nuclear-fusion-6ddf083/report.md
Payload generated at: reports_web/2026-06-15-auto-smoke-nuclear-fusion-6ddf083/web_report_payload.json
Research fact pack generated at: reports_web/2026-06-15-auto-smoke-nuclear-fusion-6ddf083/research_fact_pack.json
Evidence ledger generated at: reports_web/2026-06-15-auto-smoke-nuclear-fusion-6ddf083/evidence_ledger.json
Storyline plan generated at: reports_web/2026-06-15-auto-smoke-nuclear-fusion-6ddf083/storyline_plan.json
Sources generated at: reports_web/2026-06-15-auto-smoke-nuclear-fusion-6ddf083/sources.json
