[gen_rpt.web] 2026-06-27T08:16:14Z START web report pipeline | topic='Nuclear fusion commercialization outlook and strategic implications' | output_dir=reports_web/2026-06-27-auto-smoke-nuclear-fusion-34ae296
[gen_rpt.web] 2026-06-27T08:16:14Z ETA planning=15-90s, chart_data_needs=10-60s, source_collection=60-300s, evidence=5-15s, synthesis=60-180s, visuals=60-360s
[gen_rpt.web] 2026-06-27T08:16:14Z PHASE planning started | expected 15-90s
[gen_rpt.web] 2026-06-27T08:16:41Z PHASE planning completed | elapsed=27s | queries=18 | outline=5 | hypotheses=7 | sizing_methods=5
[gen_rpt.web] 2026-06-27T08:16:41Z PHASE chart_data_needs started | expected 10-60s
[gen_rpt.web] 2026-06-27T08:16:57Z PHASE chart_data_needs completed | elapsed=15s | needs=7 | chart_queries=21
[gen_rpt.web] 2026-06-27T08:16:57Z PHASE source_collection started | expected 45-240s | queries=24 | per_query=5 | max_sources=32
[gen_rpt.web] 2026-06-27T08:16:57Z PHASE source_collection query_plan | IEA World Energy Outlook 2024 electricity generation || IRENA renewable power generation costs 2024 || Fusion Industry Association annual report 2024 || ITER project schedule 2024 delays || IEA World Energy Outlook 2024 LCOE solar wind nuclear || IRENA renewable power generation costs 2024 LCOE || Lazard levelized cost of energy 2024 fusion estimate || fusion startup funding total 2024 Crunchbase || Commonwealth Fusion Systems funding round 2024 || Helion Energy commercial plant target date
[gen_rpt.fetch] 2026-06-27T08:16:57Z collect_sources started | queries=24 | per_query=5 | max_sources=32
[gen_rpt.fetch] 2026-06-27T08:16:57Z query 1/24 search started | 'IEA World Energy Outlook 2024 electricity generation'
[gen_rpt.fetch] 2026-06-27T08:17:10Z gdelt request rate-limited | ArtList
[gen_rpt.fetch] 2026-06-27T08:17:10Z query 1/24 search completed | elapsed=13s | candidates=0
[gen_rpt.fetch] 2026-06-27T08:17:10Z query 2/24 search started | 'IRENA renewable power generation costs 2024'
[gen_rpt.fetch] 2026-06-27T08:17:17Z gdelt request rate-limited | TimelineVolRaw
[gen_rpt.fetch] 2026-06-27T08:17:23Z gdelt request rate-limited | ArtList
[gen_rpt.fetch] 2026-06-27T08:17:23Z query 2/24 search completed | elapsed=13s | candidates=2
[gen_rpt.fetch] 2026-06-27T08:17:24Z fetch failed | domain=iea.org | reason='403 Client Error: Forbidden for url: https://www.iea.org/energy-system/electricity/grid-scale-storage'
[gen_rpt.fetch] 2026-06-27T08:17:24Z source accepted | count=1/32 | domain=iea.org | type=snippet | elapsed=0s
[gen_rpt.fetch] 2026-06-27T08:17:24Z source accepted | count=2/32 | domain=energy.gov | type=html | elapsed=0s
[gen_rpt.fetch] 2026-06-27T08:17:24Z query 3/24 search started | 'Fusion Industry Association annual report 2024'
[gen_rpt.fetch] 2026-06-27T08:17:24Z query 3/24 search completed | elapsed=0s | candidates=22
[gen_rpt.fetch] 2026-06-27T08:17:24Z source accepted | count=3/32 | domain=energy.gov | type=html | elapsed=0s
[gen_rpt.fetch] 2026-06-27T08:17:24Z source accepted | count=4/32 | domain=science.osti.gov | type=html | elapsed=0s
[gen_rpt.fetch] 2026-06-27T08:17:25Z source accepted | count=5/32 | domain=energy.gov | type=html | elapsed=0s
[gen_rpt.fetch] 2026-06-27T08:17:25Z fetch failed | domain=iaea.org | reason='403 Client Error: Forbidden for url: https://www.iaea.org/topics/energy/fusion'
[gen_rpt.fetch] 2026-06-27T08:17:25Z source accepted | count=6/32 | domain=iaea.org | type=snippet | elapsed=0s
[gen_rpt.fetch] 2026-06-27T08:17:26Z source accepted | count=7/32 | domain=iter.org | type=html | elapsed=0s
[gen_rpt.fetch] 2026-06-27T08:17:27Z source accepted | count=8/32 | domain=nationalacademies.org | type=html | elapsed=1s
[gen_rpt.fetch] 2026-06-27T08:17:28Z source accepted | count=9/32 | domain=nationalacademies.org | type=html | elapsed=0s
[gen_rpt.fetch] 2026-06-27T08:17:28Z source accepted | count=10/32 | domain=fusionindustryassociation.org | type=html | elapsed=0s
[gen_rpt.fetch] 2026-06-27T08:17:28Z source accepted | count=11/32 | domain=fusionindustryassociation.org | type=html | elapsed=0s
[gen_rpt.fetch] 2026-06-27T08:17:29Z source accepted | count=12/32 | domain=fusionindustryassociation.org | type=html | elapsed=0s
[gen_rpt.fetch] 2026-06-27T08:17:29Z source accepted | count=13/32 | domain=llnl.gov | type=html | elapsed=0s
[gen_rpt.fetch] 2026-06-27T08:17:29Z source accepted | count=14/32 | domain=arpa-e.energy.gov | type=snippet | elapsed=0s
[gen_rpt.fetch] 2026-06-27T08:17:29Z source accepted | count=15/32 | domain=energy.gov | type=html | elapsed=0s
[gen_rpt.fetch] 2026-06-27T08:17:29Z source accepted | count=16/32 | domain=energy.gov | type=pdf | elapsed=0s
[gen_rpt.fetch] 2026-06-27T08:17:30Z fetch failed | domain=nrc.gov | reason='404 Client Error: Not Found for url: https://www.nrc.gov/materials/fusion-energy.html'
[gen_rpt.fetch] 2026-06-27T08:17:30Z source accepted | count=17/32 | domain=nrc.gov | type=snippet | elapsed=0s
[gen_rpt.fetch] 2026-06-27T08:17:30Z fetch failed | domain=step.ukaea.uk | reason="HTTPSConnectionPool(host='step.ukaea.uk', port=443): Max retries exceeded with url: / (Caused by SSLError(SSLCertVerificationError(1, '[SSL: CERTIFICATE_VERIFY_FAILED] certificate "
[gen_rpt.fetch] 2026-06-27T08:17:30Z source accepted | count=18/32 | domain=step.ukaea.uk | type=snippet | elapsed=0s
[gen_rpt.fetch] 2026-06-27T08:17:32Z source accepted | count=19/32 | domain=euro-fusion.org | type=html | elapsed=1s
[gen_rpt.fetch] 2026-06-27T08:17:32Z source accepted | count=20/32 | domain=cfs.energy | type=html | elapsed=0s
[gen_rpt.fetch] 2026-06-27T08:17:32Z source accepted | count=21/32 | domain=helionenergy.com | type=html | elapsed=0s
[gen_rpt.fetch] 2026-06-27T08:17:33Z source accepted | count=22/32 | domain=legacy.zapenergy.com | type=html | elapsed=0s
[gen_rpt.fetch] 2026-06-27T08:17:33Z source accepted | count=23/32 | domain=tae.com | type=html | elapsed=0s
[gen_rpt.fetch] 2026-06-27T08:17:33Z fetch failed | domain=generalfusion.com | reason='404 Client Error: Not Found for url: https://generalfusion.com/technology/'
[gen_rpt.fetch] 2026-06-27T08:17:33Z source accepted | count=24/32 | domain=generalfusion.com | type=snippet | elapsed=0s
[gen_rpt.fetch] 2026-06-27T08:17:33Z query 4/24 search started | 'ITER project schedule 2024 delays'
[gen_rpt.fetch] 2026-06-27T08:17:33Z query 4/24 search completed | elapsed=0s | candidates=0
[gen_rpt.fetch] 2026-06-27T08:17:33Z query 5/24 search started | 'IEA World Energy Outlook 2024 LCOE solar wind nuclear'
[gen_rpt.fetch] 2026-06-27T08:17:34Z query 5/24 search completed | elapsed=0s | candidates=0
[gen_rpt.fetch] 2026-06-27T08:17:34Z query 6/24 search started | 'IRENA renewable power generation costs 2024 LCOE'
[gen_rpt.fetch] 2026-06-27T08:17:34Z query 6/24 search completed | elapsed=0s | candidates=2
[gen_rpt.fetch] 2026-06-27T08:17:34Z query 7/24 search started | 'Lazard levelized cost of energy 2024 fusion estimate'
[gen_rpt.fetch] 2026-06-27T08:17:34Z query 7/24 search completed | elapsed=0s | candidates=22
[gen_rpt.fetch] 2026-06-27T08:17:34Z query 8/24 search started | 'fusion startup funding total 2024 Crunchbase'
[gen_rpt.fetch] 2026-06-27T08:17:34Z query 8/24 search completed | elapsed=0s | candidates=22
[gen_rpt.fetch] 2026-06-27T08:17:34Z query 9/24 search started | 'Commonwealth Fusion Systems funding round 2024'
[gen_rpt.fetch] 2026-06-27T08:17:35Z query 9/24 search completed | elapsed=0s | candidates=22
[gen_rpt.fetch] 2026-06-27T08:17:35Z query 10/24 search started | 'Helion Energy commercial plant target date'
[gen_rpt.fetch] 2026-06-27T08:17:35Z query 10/24 search completed | elapsed=0s | candidates=0
[gen_rpt.fetch] 2026-06-27T08:17:35Z query 11/24 search started | 'global electricity market value 2050 IEA'
[gen_rpt.fetch] 2026-06-27T08:17:35Z query 11/24 search completed | elapsed=0s | candidates=0
[gen_rpt.fetch] 2026-06-27T08:17:35Z query 12/24 search started | 'industrial heat market size 2050 Grand View Research'
[gen_rpt.fetch] 2026-06-27T08:17:35Z query 12/24 search completed | elapsed=0s | candidates=0
[gen_rpt.fetch] 2026-06-27T08:17:35Z query 13/24 search started | 'hydrogen market size 2050 Hydrogen Council'
[gen_rpt.fetch] 2026-06-27T08:17:36Z query 13/24 search completed | elapsed=0s | candidates=2
[gen_rpt.fetch] 2026-06-27T08:17:36Z query 14/24 search started | 'tritium supply fusion reactors IAEA 2024'
[gen_rpt.fetch] 2026-06-27T08:17:36Z query 14/24 search completed | elapsed=0s | candidates=22
[gen_rpt.fetch] 2026-06-27T08:17:36Z query 15/24 search started | 'tritium consumption per fusion reactor kg/year'
[gen_rpt.fetch] 2026-06-27T08:17:36Z query 15/24 search completed | elapsed=0s | candidates=22
[gen_rpt.fetch] 2026-06-27T08:17:36Z query 16/24 search started | 'CANDU tritium production 2024'
[gen_rpt.fetch] 2026-06-27T08:17:36Z query 16/24 search completed | elapsed=0s | candidates=22
[gen_rpt.fetch] 2026-06-27T08:17:36Z query 17/24 search started | 'NRC fusion regulatory framework proposed rule 2024'
[gen_rpt.fetch] 2026-06-27T08:17:36Z query 17/24 search completed | elapsed=0s | candidates=22
[gen_rpt.fetch] 2026-06-27T08:17:36Z query 18/24 search started | 'IAEA fusion safety standards 2023'
[gen_rpt.fetch] 2026-06-27T08:17:37Z query 18/24 search completed | elapsed=0s | candidates=22
[gen_rpt.fetch] 2026-06-27T08:17:37Z query 19/24 search started | 'China fusion regulatory policy 2024'
[gen_rpt.fetch] 2026-06-27T08:17:37Z query 19/24 search completed | elapsed=0s | candidates=22
[gen_rpt.fetch] 2026-06-27T08:17:37Z query 20/24 search started | 'fusion LCOE estimate 2050 MIT'
[gen_rpt.fetch] 2026-06-27T08:17:37Z query 20/24 search completed | elapsed=0s | candidates=22
[gen_rpt.fetch] 2026-06-27T08:17:37Z query 21/24 search started | 'fusion levelized cost of energy range 2040'
[gen_rpt.fetch] 2026-06-27T08:17:37Z query 21/24 search completed | elapsed=0s | candidates=22
[gen_rpt.fetch] 2026-06-27T08:17:37Z query 22/24 search started | 'BloombergNEF fusion cost 2024'
[gen_rpt.fetch] 2026-06-27T08:17:38Z query 22/24 search completed | elapsed=0s | candidates=22
[gen_rpt.fetch] 2026-06-27T08:17:38Z query 23/24 search started | 'ITER project status 2024 capacity'
[gen_rpt.fetch] 2026-06-27T08:17:38Z query 23/24 search completed | elapsed=0s | candidates=0
[gen_rpt.fetch] 2026-06-27T08:17:38Z query 24/24 search started | 'SPARC fusion plant capacity MW'
[gen_rpt.fetch] 2026-06-27T08:17:38Z query 24/24 search completed | elapsed=0s | candidates=22
[gen_rpt.fetch] 2026-06-27T08:17:38Z collect_sources completed | accepted=24 | reason=queries_exhausted
[gen_rpt.web] 2026-06-27T08:17:38Z PHASE source_collection completed | elapsed=41s | sources=24 | domains=arpa-e.energy.gov, cfs.energy, energy.gov, euro-fusion.org, fusionindustryassociation.org, generalfusion.com, helionenergy.com, iaea.org
[gen_rpt.web] 2026-06-27T08:17:38Z PHASE fact_pack started | expected <10s
[gen_rpt.web] 2026-06-27T08:17:38Z PHASE fact_pack completed | elapsed=0s | source_count=24 | authoritative=10
[gen_rpt.web] 2026-06-27T08:17:38Z PHASE evidence_ledger_and_storyline started | expected 5-15s
[gen_rpt.web] 2026-06-27T08:17:38Z PHASE evidence_ledger_and_storyline completed | elapsed=0s | evidence_points=36 | families=funding:12, timeline:10, adoption:5, technology:4, market:3, capacity:1
[gen_rpt.web] 2026-06-27T08:17:38Z PHASE synthesis started | expected 60-180s
[gen_rpt.web] 2026-06-27T08:18:34Z PHASE synthesis completed | elapsed=56s | raw_keys=action_steps,authors,category,dek,disclaimer,evidence_quality,exhibits,intro,key_takeaways,methodology,references,sections,title
[gen_rpt.web] 2026-06-27T08:18:34Z PHASE evidence_exhibits started | expected <10s
[gen_rpt.web] 2026-06-27T08:18:34Z PHASE evidence_exhibits completed | elapsed=0s | exhibits=6 | backed_by_ledger=6
[gen_rpt.web] 2026-06-27T08:18:34Z PHASE normalize_and_validate_schema started | expected <10s
[gen_rpt.web] 2026-06-27T08:18:34Z PHASE normalize_and_validate_schema completed | elapsed=0s | takeaways=3 | sections=5 | exhibits=6 | actions=5 | references=15
[gen_rpt.web] 2026-06-27T08:18:34Z PHASE assets started | expected 60-360s when AI images are enabled
[gen_rpt.images] 2026-06-27T08:18:36Z AI image generation started | max_section_images=12 | timeout=45s | retries=3 | section_fallback=True
[gen_rpt.images] 2026-06-27T08:18:36Z AI image cover prompt polishing started | expected 5-30s
[gen_rpt.images] 2026-06-27T08:18:38Z AI image cover download started | expected 10-60s
[gen_rpt.images] 2026-06-27T08:18:40Z AI image cover completed | status=pollinations | reason=
[gen_rpt.images] 2026-06-27T08:18:40Z AI image section 1/5 prompt polishing started | title='Fusion Will Not Reach the Grid Before 2035—And Likely Later'
[gen_rpt.images] 2026-06-27T08:18:42Z AI image section 1/5 download started | expected 10-60s
[gen_rpt.images] 2026-06-27T08:19:25Z AI image section 1/5 completed | status=pollinations | reason=
[gen_rpt.images] 2026-06-27T08:19:25Z AI image section 2/5 prompt polishing started | title='Fusion LCOE Will Struggle to Compete with Solar and Wind Through 2050'
[gen_rpt.images] 2026-06-27T08:19:28Z AI image section 2/5 download started | expected 10-60s
[gen_rpt.images] 2026-06-27T08:20:10Z AI image section 2/5 completed | status=pollinations | reason=
[gen_rpt.images] 2026-06-27T08:20:10Z AI image section 3/5 prompt polishing started | title='First Fusion Plants Will Likely Serve Industrial Heat and Hydrogen, Not the Grid'
[gen_rpt.images] 2026-06-27T08:20:13Z AI image section 3/5 download started | expected 10-60s
[gen_rpt.images] 2026-06-27T08:20:54Z AI image section 3/5 completed | status=pollinations | reason=
[gen_rpt.images] 2026-06-27T08:20:55Z AI image section 4/5 prompt polishing started | title='China Is Poised to Lead Fusion Commercialization'
[gen_rpt.images] 2026-06-27T08:20:58Z AI image section 4/5 download started | expected 10-60s
[gen_rpt.images] 2026-06-27T08:21:40Z AI image section 4/5 completed | status=pollinations | reason=
[gen_rpt.images] 2026-06-27T08:21:41Z AI image section 5/5 prompt polishing started | title='Investment Risk Remains High: $50 Billion Needed Before First Commercial Plant'
[gen_rpt.images] 2026-06-27T08:21:44Z AI image section 5/5 download started | expected 10-60s
[gen_rpt.images] 2026-06-27T08:22:25Z AI image section 5/5 completed | status=pollinations | reason=
[gen_rpt.images] 2026-06-27T08:22:25Z AI image diversity check started | expected <10s
[gen_rpt.images] 2026-06-27T08:22:25Z AI image generation completed | generated_assets=6 | prompt_records=6
[gen_rpt.web] 2026-06-27T08:22:25Z PHASE assets completed | elapsed=3m50s | asset_keys=brand-logo,cover-background,image-1,image-2,image-3,image-4,image-5
[gen_rpt.web] 2026-06-27T08:22:25Z PHASE render_and_write started | expected <10s
[gen_rpt.web] 2026-06-27T08:22:25Z PHASE render_and_write completed | elapsed=0s | html=reports_web/2026-06-27-auto-smoke-nuclear-fusion-34ae296/index.html | markdown=reports_web/2026-06-27-auto-smoke-nuclear-fusion-34ae296/report.md
[gen_rpt.web] 2026-06-27T08:22:25Z END web report pipeline | total_elapsed=6m11s
HTML web report generated at: reports_web/2026-06-27-auto-smoke-nuclear-fusion-34ae296/index.html
Markdown generated at: reports_web/2026-06-27-auto-smoke-nuclear-fusion-34ae296/report.md
Payload generated at: reports_web/2026-06-27-auto-smoke-nuclear-fusion-34ae296/web_report_payload.json
Analysis framework generated at: reports_web/2026-06-27-auto-smoke-nuclear-fusion-34ae296/analysis_framework.json
Publication contract generated at: reports_web/2026-06-27-auto-smoke-nuclear-fusion-34ae296/publication_contract.json
Research fact pack generated at: reports_web/2026-06-27-auto-smoke-nuclear-fusion-34ae296/research_fact_pack.json
Evidence ledger generated at: reports_web/2026-06-27-auto-smoke-nuclear-fusion-34ae296/evidence_ledger.json
Storyline plan generated at: reports_web/2026-06-27-auto-smoke-nuclear-fusion-34ae296/storyline_plan.json
Sources generated at: reports_web/2026-06-27-auto-smoke-nuclear-fusion-34ae296/sources.json
