[gen_rpt.web] 2026-06-15T13:16:50Z START web report pipeline | topic='Nuclear fusion commercialization outlook and strategic implications' | output_dir=reports_web/2026-06-15-auto-smoke-nuclear-fusion-e919cea
[gen_rpt.web] 2026-06-15T13:16:50Z ETA planning=15-90s, chart_data_needs=10-60s, source_collection=45-240s, evidence=5-15s, synthesis=60-180s, visuals=60-360s
[gen_rpt.web] 2026-06-15T13:16:50Z PHASE planning started | expected 15-90s
[gen_rpt.web] 2026-06-15T13:17:03Z PHASE planning completed | elapsed=13s | queries=10 | outline=6
[gen_rpt.web] 2026-06-15T13:17:03Z PHASE chart_data_needs started | expected 10-60s
[gen_rpt.web] 2026-06-15T13:17:18Z PHASE chart_data_needs completed | elapsed=15s | needs=5 | chart_queries=15
[gen_rpt.web] 2026-06-15T13:17:18Z PHASE source_collection started | expected 45-240s | queries=12 | per_query=5 | max_sources=20
[gen_rpt.web] 2026-06-15T13:17:18Z PHASE source_collection query_plan | ITER project status 2025 budget timeline || Commonwealth Fusion Systems SPARC timeline 2025 || TAE Technologies fusion reactor progress 2025 || ITER project status 2025 first plasma date || STEP UKAEA fusion reactor timeline 2025 || Lazard LCOE 2025 solar wind nuclear || fusion energy LCOE projection 2030 2040 DOE || IEA World Energy Outlook 2024 LCOE projections || Fusion Industry Association 2025 investment report || fusion energy private investment 2024 2025 Crunchbase
[gen_rpt.fetch] 2026-06-15T13:17:18Z collect_sources started | queries=12 | per_query=5 | max_sources=20
[gen_rpt.fetch] 2026-06-15T13:17:18Z query 1/12 search started | 'ITER project status 2025 budget timeline'
[gen_rpt.fetch] 2026-06-15T13:17:19Z query 1/12 search completed | elapsed=0s | candidates=0
[gen_rpt.fetch] 2026-06-15T13:17:19Z query 2/12 search started | 'Commonwealth Fusion Systems SPARC timeline 2025'
[gen_rpt.fetch] 2026-06-15T13:17:19Z query 2/12 search completed | elapsed=0s | candidates=8
[gen_rpt.fetch] 2026-06-15T13:17:19Z source accepted | count=1/20 | domain=science.osti.gov | type=html | elapsed=0s
[gen_rpt.fetch] 2026-06-15T13:17:20Z fetch failed | domain=energy.gov | reason='404 Client Error: Not Found for url: https://www.energy.gov/science/fusion-energy-sciences/fusion-milestone-based-development-program'
[gen_rpt.fetch] 2026-06-15T13:17:20Z source accepted | count=2/20 | domain=energy.gov | type=snippet | elapsed=0s
[gen_rpt.fetch] 2026-06-15T13:17:20Z fetch failed | domain=iaea.org | reason='403 Client Error: Forbidden for url: https://www.iaea.org/topics/energy/fusion'
[gen_rpt.fetch] 2026-06-15T13:17:20Z source accepted | count=3/20 | domain=iaea.org | type=snippet | elapsed=0s
[gen_rpt.fetch] 2026-06-15T13:17:21Z source accepted | count=4/20 | domain=iter.org | type=html | elapsed=1s
[gen_rpt.fetch] 2026-06-15T13:17:22Z fetch failed | domain=nationalacademies.org | reason='404 Client Error: Not Found for url: https://www.nationalacademies.org/our-work/bringing-fusion-to-the-us-grid'
[gen_rpt.fetch] 2026-06-15T13:17:22Z source accepted | count=5/20 | domain=nationalacademies.org | type=snippet | elapsed=0s
[gen_rpt.fetch] 2026-06-15T13:17:22Z fetch failed | domain=fusionindustryassociation.org | reason='404 Client Error: Not Found for url: https://www.fusionindustryassociation.org/reports/'
[gen_rpt.fetch] 2026-06-15T13:17:22Z source accepted | count=6/20 | domain=fusionindustryassociation.org | type=snippet | elapsed=0s
[gen_rpt.fetch] 2026-06-15T13:17:22Z source accepted | count=7/20 | domain=llnl.gov | type=html | elapsed=0s
[gen_rpt.fetch] 2026-06-15T13:17:23Z fetch failed | domain=arpa-e.energy.gov | reason='404 Client Error: Not Found for url: https://arpa-e.energy.gov/technologies/programs/betthe'
[gen_rpt.fetch] 2026-06-15T13:17:23Z source accepted | count=8/20 | domain=arpa-e.energy.gov | type=snippet | elapsed=0s
[gen_rpt.fetch] 2026-06-15T13:17:23Z query 3/12 search started | 'TAE Technologies fusion reactor progress 2025'
[gen_rpt.fetch] 2026-06-15T13:17:23Z query 3/12 search completed | elapsed=0s | candidates=8
[gen_rpt.fetch] 2026-06-15T13:17:23Z query 4/12 search started | 'ITER project status 2025 first plasma date'
[gen_rpt.fetch] 2026-06-15T13:17:24Z query 4/12 search completed | elapsed=0s | candidates=8
[gen_rpt.fetch] 2026-06-15T13:17:24Z query 5/12 search started | 'STEP UKAEA fusion reactor timeline 2025'
[gen_rpt.fetch] 2026-06-15T13:17:24Z query 5/12 search completed | elapsed=0s | candidates=8
[gen_rpt.fetch] 2026-06-15T13:17:24Z query 6/12 search started | 'Lazard LCOE 2025 solar wind nuclear'
[gen_rpt.fetch] 2026-06-15T13:17:25Z query 6/12 search completed | elapsed=0s | candidates=0
[gen_rpt.fetch] 2026-06-15T13:17:25Z query 7/12 search started | 'fusion energy LCOE projection 2030 2040 DOE'
[gen_rpt.fetch] 2026-06-15T13:17:25Z query 7/12 search completed | elapsed=0s | candidates=8
[gen_rpt.fetch] 2026-06-15T13:17:25Z query 8/12 search started | 'IEA World Energy Outlook 2024 LCOE projections'
[gen_rpt.fetch] 2026-06-15T13:17:25Z query 8/12 search completed | elapsed=0s | candidates=0
[gen_rpt.fetch] 2026-06-15T13:17:25Z query 9/12 search started | 'Fusion Industry Association 2025 investment report'
[gen_rpt.fetch] 2026-06-15T13:17:26Z query 9/12 search completed | elapsed=0s | candidates=8
[gen_rpt.fetch] 2026-06-15T13:17:26Z query 10/12 search started | 'fusion energy private investment 2024 2025 Crunchbase'
[gen_rpt.fetch] 2026-06-15T13:17:26Z query 10/12 search completed | elapsed=0s | candidates=8
[gen_rpt.fetch] 2026-06-15T13:17:26Z query 11/12 search started | 'DOE fusion budget 2025'
[gen_rpt.fetch] 2026-06-15T13:17:26Z query 11/12 search completed | elapsed=0s | candidates=8
[gen_rpt.fetch] 2026-06-15T13:17:26Z query 12/12 search started | 'Eni fusion investment Commonwealth Fusion Systems'
[gen_rpt.fetch] 2026-06-15T13:17:27Z query 12/12 search completed | elapsed=0s | candidates=8
[gen_rpt.fetch] 2026-06-15T13:17:27Z collect_sources completed | accepted=8 | reason=queries_exhausted
[gen_rpt.web] 2026-06-15T13:17:27Z PHASE source_collection completed | elapsed=8s | sources=8 | domains=arpa-e.energy.gov, energy.gov, fusionindustryassociation.org, iaea.org, iter.org, llnl.gov, nationalacademies.org, science.osti.gov
[gen_rpt.web] 2026-06-15T13:17:27Z PHASE fact_pack started | expected <10s
[gen_rpt.web] 2026-06-15T13:17:27Z PHASE fact_pack completed | elapsed=0s | source_count=8 | authoritative=4
[gen_rpt.web] 2026-06-15T13:17:27Z PHASE evidence_ledger_and_storyline started | expected 5-15s
[gen_rpt.web] 2026-06-15T13:17:27Z PHASE evidence_ledger_and_storyline completed | elapsed=0s | evidence_points=7 | families=technology:4, timeline:2, funding:1
[gen_rpt.web] 2026-06-15T13:17:27Z PHASE synthesis started | expected 60-180s
[gen_rpt.web] 2026-06-15T13:18:17Z PHASE synthesis completed | elapsed=49s | raw_keys=action_steps,authors,category,dek,disclaimer,evidence_quality,exhibits,intro,key_takeaways,methodology,references,sections,title
[gen_rpt.web] 2026-06-15T13:18:17Z PHASE evidence_exhibits started | expected <10s
[gen_rpt.web] 2026-06-15T13:18:17Z PHASE evidence_exhibits completed | elapsed=0s | exhibits=5 | backed_by_ledger=5
[gen_rpt.web] 2026-06-15T13:18:17Z PHASE normalize_and_validate_schema started | expected <10s
[gen_rpt.web] 2026-06-15T13:18:17Z PHASE normalize_and_validate_schema completed | elapsed=0s | takeaways=3 | sections=5 | exhibits=5 | actions=5 | references=8
[gen_rpt.web] 2026-06-15T13:18:17Z PHASE assets started | expected 60-360s when AI images are enabled
[gen_rpt.images] 2026-06-15T13:18:18Z AI image generation started | max_section_images=12 | timeout=45s | retries=3 | section_fallback=True
[gen_rpt.images] 2026-06-15T13:18:18Z AI image cover prompt polishing started | expected 5-30s
[gen_rpt.images] 2026-06-15T13:18:21Z AI image cover download started | expected 10-60s
[gen_rpt.images] 2026-06-15T13:18:40Z AI image cover completed | status=wikimedia | reason=tokamak control room fusion
[gen_rpt.images] 2026-06-15T13:18:40Z AI image section 1/5 prompt polishing started | title="Fusion's Long-Awaited Threshold: Why 2025–2030 Could Be Different"
[gen_rpt.images] 2026-06-15T13:18:42Z AI image section 1/5 download started | expected 10-60s
[gen_rpt.images] 2026-06-15T13:19:00Z AI image section 1/5 completed | status=wikimedia | reason=tokamak control room fusion
[gen_rpt.images] 2026-06-15T13:19:00Z AI image section 2/5 prompt polishing started | title='The Technology Race: ITER, SPARC, and the Private Sector Surge'
[gen_rpt.images] 2026-06-15T13:19:03Z AI image section 2/5 download started | expected 10-60s
[gen_rpt.images] 2026-06-15T13:19:21Z AI image section 2/5 completed | status=wikimedia | reason=tokamak control room fusion
[gen_rpt.images] 2026-06-15T13:19:21Z AI image section 3/5 prompt polishing started | title='Economics of Fusion: When Will It Compete with Renewables and Fission?'
[gen_rpt.images] 2026-06-15T13:19:24Z AI image section 3/5 download started | expected 10-60s
[gen_rpt.images] 2026-06-15T13:19:42Z AI image section 3/5 completed | status=wikimedia | reason=nuclear fusion research facility
[gen_rpt.images] 2026-06-15T13:19:42Z AI image section 4/5 prompt polishing started | title='Strategic Stakes: Energy Security, Geopolitics, and Incumbent Disruption'
[gen_rpt.images] 2026-06-15T13:19:45Z AI image section 4/5 download started | expected 10-60s
[gen_rpt.images] 2026-06-15T13:20:03Z AI image section 4/5 completed | status=wikimedia | reason=tokamak control room fusion
[gen_rpt.images] 2026-06-15T13:20:03Z AI image section 5/5 prompt polishing started | title='Investment Calculus: Who Is Betting Big and What Returns Are Expected?'
[gen_rpt.images] 2026-06-15T13:20:06Z AI image section 5/5 download started | expected 10-60s
[gen_rpt.images] 2026-06-15T13:20:24Z AI image section 5/5 completed | status=wikimedia | reason=tokamak control room fusion
[gen_rpt.images] 2026-06-15T13:20:25Z AI image diversity check started | expected <10s
[gen_rpt.images] 2026-06-15T13:20:29Z AI image generation completed | generated_assets=6 | prompt_records=6
[gen_rpt.web] 2026-06-15T13:20:29Z PHASE assets completed | elapsed=2m12s | asset_keys=brand-logo,cover-background,image-1,image-2,image-3,image-4,image-5
[gen_rpt.web] 2026-06-15T13:20:29Z PHASE render_and_write started | expected <10s
[gen_rpt.web] 2026-06-15T13:20:29Z PHASE render_and_write completed | elapsed=0s | html=reports_web/2026-06-15-auto-smoke-nuclear-fusion-e919cea/index.html | markdown=reports_web/2026-06-15-auto-smoke-nuclear-fusion-e919cea/report.md
[gen_rpt.web] 2026-06-15T13:20:29Z END web report pipeline | total_elapsed=3m39s
HTML web report generated at: reports_web/2026-06-15-auto-smoke-nuclear-fusion-e919cea/index.html
Markdown generated at: reports_web/2026-06-15-auto-smoke-nuclear-fusion-e919cea/report.md
Payload generated at: reports_web/2026-06-15-auto-smoke-nuclear-fusion-e919cea/web_report_payload.json
Research fact pack generated at: reports_web/2026-06-15-auto-smoke-nuclear-fusion-e919cea/research_fact_pack.json
Evidence ledger generated at: reports_web/2026-06-15-auto-smoke-nuclear-fusion-e919cea/evidence_ledger.json
Storyline plan generated at: reports_web/2026-06-15-auto-smoke-nuclear-fusion-e919cea/storyline_plan.json
Sources generated at: reports_web/2026-06-15-auto-smoke-nuclear-fusion-e919cea/sources.json
