abularx.sty
(/usr/share/texlive/texmf-dist/tex/latex/tools/array.sty))
(/usr/share/texlive/texmf-dist/tex/latex/fancyhdr/fancyhdr.sty)
(/usr/share/texlive/texmf-dist/tex/latex/needspace/needspace.sty)
(/usr/share/texlive/texmf-dist/tex/latex/tools/multicol.sty)
(/usr/share/texlive/texmf-dist/tex/latex/enumitem/enumitem.sty)
No file report_latex.aux.
(/usr/share/texlive/texmf-dist/tex/latex/base/ts1cmr.fd)
*geometry* driver: auto-detecting
*geometry* detected driver: xetex
[1] [2]
Underfull \hbox (badness 4621) in paragraph at lines 88--88
[]\TU/NotoSansCJKSC(0)/m/n/9 Nuclear fusion is approaching technical feasibilit
y, but

Underfull \hbox (badness 2547) in paragraph at lines 88--88
\TU/NotoSansCJKSC(0)/m/n/9 commercialization remains a decade away. Private in-


Underfull \hbox (badness 4556) in paragraph at lines 88--88
\TU/NotoSansCJKSC(0)/m/n/9 key engineering challenges-such as tritium supply an
d

Underfull \hbox (badness 1540) in paragraph at lines 88--88
\TU/NotoSansCJKSC(0)/m/n/9 sive regulatory framework exists. The evidence base 
is

Underfull \hbox (badness 3364) in paragraph at lines 88--88
\TU/NotoSansCJKSC(0)/m/n/9 focusing on technical milestones, funding runway, an
d

Underfull \hbox (badness 5548) in paragraph at lines 93--94
[]\TU/NotoSansCJKSC(0)/m/n/8 The CEO-level question is not whether Nuclear fusi
on

Underfull \hbox (badness 4132) in paragraph at lines 93--94
\TU/NotoSansCJKSC(0)/m/n/8 commercialization outlook and strategic implications
 is

Underfull \hbox (badness 4940) in paragraph at lines 94--95
[]\TU/NotoSansCJKSC(0)/m/n/8 Management should separate verified facts, directi
onal
[3] [4] [5]
Underfull \hbox (badness 2635) in paragraph at lines 156--156
[]\TU/NotoSansCJKSC(0)/m/n/17 Should we commit capital

Underfull \hbox (badness 7012) in paragraph at lines 156--156
\TU/NotoSansCJKSC(0)/m/n/17 technical and market sig-

Underfull \hbox (badness 1163) in paragraph at lines 159--159
[]\TU/NotoSansCJKSC(0)/b/n/9 Proceed with a staged investment: commit $50 milli
on

Underfull \hbox (badness 1014) in paragraph at lines 159--159
\TU/NotoSansCJKSC(0)/b/n/9 initially for a strategic partnership and option to 
invest

Underfull \hbox (badness 2635) in paragraph at lines 159--159
\TU/NotoSansCJKSC(0)/b/n/9 further upon achievement of key milestones (e.g., ne
t

Underfull \hbox (badness 2521) in paragraph at lines 159--159
\TU/NotoSansCJKSC(0)/b/n/9 energy gain, sustained plasma operation). This limit
s
[6] [7]
Underfull \hbox (badness 2582) in paragraph at lines 194--195
[]\TU/NotoSansCJKSC(0)/m/n/9 Engage with regulators (NRC, UK Office for Nuclear


Underfull \hbox (badness 3333) in paragraph at lines 196--197
\TU/NotoSansCJKSC(0)/m/n/9 ment, including potential partnerships with CANDU

Underfull \hbox (badness 1394) in paragraph at lines 201--202
[]\TU/NotoSansCJKSC(0)/m/n/9 Technical risk: Key physics and engineering chal-

Underfull \hbox (badness 1997) in paragraph at lines 201--202
\TU/NotoSansCJKSC(0)/m/n/9 be solved within projected timelines.. Watch for

Underfull \hbox (badness 3088) in paragraph at lines 202--203
[]\TU/NotoSansCJKSC(0)/m/n/9 Market risk: Fusion may not achieve cost parity

Underfull \hbox (badness 2932) in paragraph at lines 203--204
\TU/NotoSansCJKSC(0)/m/n/9 Watch for nRC rulemaking delayed beyond 2027;

Underfull \hbox (badness 3302) in paragraph at lines 204--205
[]\TU/NotoSansCJKSC(0)/m/n/9 Geopolitical risk: Concentration of fusion supply

Underfull \hbox (badness 2735) in paragraph at lines 204--205
\TU/NotoSansCJKSC(0)/m/n/9 chains (rare earths, tritium, high-temperature su-

Underfull \hbox (badness 3229) in paragraph at lines 204--205
\TU/NotoSansCJKSC(0)/m/n/9 nerabilities.. Watch for export controls or trade
[8] [9] [10] (./report_latex.aux)

LaTeX Warning: Label(s) may have changed. Rerun to get cross-references right.

 )
(see the transcript file for additional information)
Output written on report_latex.pdf (10 pages).
Transcript written on report_latex.log.
raries/tik
zlibrarytopaths.code.tex)))
(/usr/share/texlive/texmf-dist/tex/latex/tools/tabularx.sty
(/usr/share/texlive/texmf-dist/tex/latex/tools/array.sty))
(/usr/share/texlive/texmf-dist/tex/latex/fancyhdr/fancyhdr.sty)
(/usr/share/texlive/texmf-dist/tex/latex/needspace/needspace.sty)
(/usr/share/texlive/texmf-dist/tex/latex/tools/multicol.sty)
(/usr/share/texlive/texmf-dist/tex/latex/enumitem/enumitem.sty)
(./report_latex.aux) (/usr/share/texlive/texmf-dist/tex/latex/base/ts1cmr.fd)
*geometry* driver: auto-detecting
*geometry* detected driver: xetex
[1] [2]
Underfull \hbox (badness 4621) in paragraph at lines 88--88
[]\TU/NotoSansCJKSC(0)/m/n/9 Nuclear fusion is approaching technical feasibilit
y, but

Underfull \hbox (badness 2547) in paragraph at lines 88--88
\TU/NotoSansCJKSC(0)/m/n/9 commercialization remains a decade away. Private in-


Underfull \hbox (badness 4556) in paragraph at lines 88--88
\TU/NotoSansCJKSC(0)/m/n/9 key engineering challenges-such as tritium supply an
d

Underfull \hbox (badness 1540) in paragraph at lines 88--88
\TU/NotoSansCJKSC(0)/m/n/9 sive regulatory framework exists. The evidence base 
is

Underfull \hbox (badness 3364) in paragraph at lines 88--88
\TU/NotoSansCJKSC(0)/m/n/9 focusing on technical milestones, funding runway, an
d

Underfull \hbox (badness 5548) in paragraph at lines 93--94
[]\TU/NotoSansCJKSC(0)/m/n/8 The CEO-level question is not whether Nuclear fusi
on

Underfull \hbox (badness 4132) in paragraph at lines 93--94
\TU/NotoSansCJKSC(0)/m/n/8 commercialization outlook and strategic implications
 is

Underfull \hbox (badness 4940) in paragraph at lines 94--95
[]\TU/NotoSansCJKSC(0)/m/n/8 Management should separate verified facts, directi
onal
[3] [4] [5]
Underfull \hbox (badness 2635) in paragraph at lines 156--156
[]\TU/NotoSansCJKSC(0)/m/n/17 Should we commit capital

Underfull \hbox (badness 7012) in paragraph at lines 156--156
\TU/NotoSansCJKSC(0)/m/n/17 technical and market sig-

Underfull \hbox (badness 1163) in paragraph at lines 159--159
[]\TU/NotoSansCJKSC(0)/b/n/9 Proceed with a staged investment: commit $50 milli
on

Underfull \hbox (badness 1014) in paragraph at lines 159--159
\TU/NotoSansCJKSC(0)/b/n/9 initially for a strategic partnership and option to 
invest

Underfull \hbox (badness 2635) in paragraph at lines 159--159
\TU/NotoSansCJKSC(0)/b/n/9 further upon achievement of key milestones (e.g., ne
t

Underfull \hbox (badness 2521) in paragraph at lines 159--159
\TU/NotoSansCJKSC(0)/b/n/9 energy gain, sustained plasma operation). This limit
s
[6] [7]
Underfull \hbox (badness 2582) in paragraph at lines 194--195
[]\TU/NotoSansCJKSC(0)/m/n/9 Engage with regulators (NRC, UK Office for Nuclear


Underfull \hbox (badness 3333) in paragraph at lines 196--197
\TU/NotoSansCJKSC(0)/m/n/9 ment, including potential partnerships with CANDU

Underfull \hbox (badness 1394) in paragraph at lines 201--202
[]\TU/NotoSansCJKSC(0)/m/n/9 Technical risk: Key physics and engineering chal-

Underfull \hbox (badness 1997) in paragraph at lines 201--202
\TU/NotoSansCJKSC(0)/m/n/9 be solved within projected timelines.. Watch for

Underfull \hbox (badness 3088) in paragraph at lines 202--203
[]\TU/NotoSansCJKSC(0)/m/n/9 Market risk: Fusion may not achieve cost parity

Underfull \hbox (badness 2932) in paragraph at lines 203--204
\TU/NotoSansCJKSC(0)/m/n/9 Watch for nRC rulemaking delayed beyond 2027;

Underfull \hbox (badness 3302) in paragraph at lines 204--205
[]\TU/NotoSansCJKSC(0)/m/n/9 Geopolitical risk: Concentration of fusion supply

Underfull \hbox (badness 2735) in paragraph at lines 204--205
\TU/NotoSansCJKSC(0)/m/n/9 chains (rare earths, tritium, high-temperature su-

Underfull \hbox (badness 3229) in paragraph at lines 204--205
\TU/NotoSansCJKSC(0)/m/n/9 nerabilities.. Watch for export controls or trade
[8] [9] [10] (./report_latex.aux) )
(see the transcript file for additional information)
Output written on report_latex.pdf (10 pages).
Transcript written on report_latex.log.
