
LaTeX Warning: Reference `chap:3:end' on page 2 undefined on input line 69.


LaTeX Warning: Reference `chap:4' on page 2 undefined on input line 69.


LaTeX Warning: Reference `chap:4:end' on page 2 undefined on input line 69.


LaTeX Warning: Reference `chap:5' on page 2 undefined on input line 69.


LaTeX Warning: Reference `chap:5:end' on page 2 undefined on input line 69.

[2]
Underfull \hbox (badness 2707) in paragraph at lines 78--78
[]\TU/NotoSansCJKSC(0)/m/n/9 China’s defense capabilities have undergone a prof
ound transfor-

Underfull \hbox (badness 3000) in paragraph at lines 78--78
\TU/NotoSansCJKSC(0)/m/n/9 mation over the past decade, driven by sustained bud
get growth,

Underfull \hbox (badness 2582) in paragraph at lines 79--79
[]\TU/NotoSansCJKSC(0)/m/n/9 The issue matters because China’s Defense Strength
: A Strategic

Underfull \hbox (badness 1412) in paragraph at lines 79--79
\TU/NotoSansCJKSC(0)/m/n/9 alter decision quality and which milestones merely i
mprove market

Underfull \hbox (badness 3657) in paragraph at lines 80--80
\TU/NotoSansCJKSC(0)/m/n/9 operating performance, because commercial buyers wil
l ultimately
[3] [4]
Underfull \hbox (badness 1147) in paragraph at lines 107--107
[]\TU/NotoSansCJKSC(0)/m/n/9 Key findings include: (1) China’s defense budget h
as grown at an

Underfull \hbox (badness 2582) in paragraph at lines 108--108
[]\TU/NotoSansCJKSC(0)/m/n/9 The issue matters because China’s Defense Strength
: A Strategic

Underfull \hbox (badness 1412) in paragraph at lines 108--108
\TU/NotoSansCJKSC(0)/m/n/9 alter decision quality and which milestones merely i
mprove market

Underfull \hbox (badness 3657) in paragraph at lines 109--109
\TU/NotoSansCJKSC(0)/m/n/9 operating performance, because commercial buyers wil
l ultimately
[5] [6]
Underfull \hbox (badness 1365) in paragraph at lines 136--136
[]\TU/NotoSansCJKSC(0)/m/n/9 Navy in total hulls, and in missile technology, in
cluding hypersonic

Underfull \hbox (badness 2582) in paragraph at lines 137--137
[]\TU/NotoSansCJKSC(0)/m/n/9 The issue matters because China’s Defense Strength
: A Strategic

Underfull \hbox (badness 1412) in paragraph at lines 137--137
\TU/NotoSansCJKSC(0)/m/n/9 alter decision quality and which milestones merely i
mprove market

Underfull \hbox (badness 3657) in paragraph at lines 138--138
\TU/NotoSansCJKSC(0)/m/n/9 operating performance, because commercial buyers wil
l ultimately
[7]
Underfull \hbox (badness 2582) in paragraph at lines 166--166
[]\TU/NotoSansCJKSC(0)/m/n/9 The issue matters because China’s Defense Strength
: A Strategic

Underfull \hbox (badness 1412) in paragraph at lines 166--166
\TU/NotoSansCJKSC(0)/m/n/9 alter decision quality and which milestones merely i
mprove market

Underfull \hbox (badness 3657) in paragraph at lines 167--167
\TU/NotoSansCJKSC(0)/m/n/9 operating performance, because commercial buyers wil
l ultimately
[8] [9]
Underfull \hbox (badness 2707) in paragraph at lines 194--194
[]\TU/NotoSansCJKSC(0)/m/n/9 China’s defense capabilities have undergone a prof
ound transfor-

Underfull \hbox (badness 3000) in paragraph at lines 194--194
\TU/NotoSansCJKSC(0)/m/n/9 mation over the past decade, driven by sustained bud
get growth,

Underfull \hbox (badness 2582) in paragraph at lines 195--195
[]\TU/NotoSansCJKSC(0)/m/n/9 The issue matters because China’s Defense Strength
: A Strategic

Underfull \hbox (badness 1412) in paragraph at lines 195--195
\TU/NotoSansCJKSC(0)/m/n/9 alter decision quality and which milestones merely i
mprove market

Underfull \hbox (badness 3657) in paragraph at lines 196--196
\TU/NotoSansCJKSC(0)/m/n/9 operating performance, because commercial buyers wil
l ultimately
[10] [11] (./report_latex.aux)

LaTeX Warning: There were undefined references.


LaTeX Warning: Label(s) may have changed. Rerun to get cross-references right.

 )
(see the transcript file for additional information)
Output written on report_latex.pdf (11 pages).
Transcript written on report_latex.log.
.tex
)
(/usr/share/texlive/texmf-dist/tex/generic/pgf/frontendlayer/tikz/libraries/tik
zlibrarytopaths.code.tex)))
(/usr/share/texlive/texmf-dist/tex/latex/tools/tabularx.sty
(/usr/share/texlive/texmf-dist/tex/latex/tools/array.sty))
(/usr/share/texlive/texmf-dist/tex/latex/fancyhdr/fancyhdr.sty)
(/usr/share/texlive/texmf-dist/tex/latex/needspace/needspace.sty)
(./report_latex.aux) (/usr/share/texlive/texmf-dist/tex/latex/base/ts1cmr.fd)
*geometry* driver: auto-detecting
*geometry* detected driver: xetex
[1] [2]
Underfull \hbox (badness 2707) in paragraph at lines 78--78
[]\TU/NotoSansCJKSC(0)/m/n/9 China’s defense capabilities have undergone a prof
ound transfor-

Underfull \hbox (badness 3000) in paragraph at lines 78--78
\TU/NotoSansCJKSC(0)/m/n/9 mation over the past decade, driven by sustained bud
get growth,

Underfull \hbox (badness 2582) in paragraph at lines 79--79
[]\TU/NotoSansCJKSC(0)/m/n/9 The issue matters because China’s Defense Strength
: A Strategic

Underfull \hbox (badness 1412) in paragraph at lines 79--79
\TU/NotoSansCJKSC(0)/m/n/9 alter decision quality and which milestones merely i
mprove market

Underfull \hbox (badness 3657) in paragraph at lines 80--80
\TU/NotoSansCJKSC(0)/m/n/9 operating performance, because commercial buyers wil
l ultimately
[3] [4]
Underfull \hbox (badness 1147) in paragraph at lines 107--107
[]\TU/NotoSansCJKSC(0)/m/n/9 Key findings include: (1) China’s defense budget h
as grown at an

Underfull \hbox (badness 2582) in paragraph at lines 108--108
[]\TU/NotoSansCJKSC(0)/m/n/9 The issue matters because China’s Defense Strength
: A Strategic

Underfull \hbox (badness 1412) in paragraph at lines 108--108
\TU/NotoSansCJKSC(0)/m/n/9 alter decision quality and which milestones merely i
mprove market

Underfull \hbox (badness 3657) in paragraph at lines 109--109
\TU/NotoSansCJKSC(0)/m/n/9 operating performance, because commercial buyers wil
l ultimately
[5] [6]
Underfull \hbox (badness 1365) in paragraph at lines 136--136
[]\TU/NotoSansCJKSC(0)/m/n/9 Navy in total hulls, and in missile technology, in
cluding hypersonic

Underfull \hbox (badness 2582) in paragraph at lines 137--137
[]\TU/NotoSansCJKSC(0)/m/n/9 The issue matters because China’s Defense Strength
: A Strategic

Underfull \hbox (badness 1412) in paragraph at lines 137--137
\TU/NotoSansCJKSC(0)/m/n/9 alter decision quality and which milestones merely i
mprove market

Underfull \hbox (badness 3657) in paragraph at lines 138--138
\TU/NotoSansCJKSC(0)/m/n/9 operating performance, because commercial buyers wil
l ultimately
[7]
Underfull \hbox (badness 2582) in paragraph at lines 166--166
[]\TU/NotoSansCJKSC(0)/m/n/9 The issue matters because China’s Defense Strength
: A Strategic

Underfull \hbox (badness 1412) in paragraph at lines 166--166
\TU/NotoSansCJKSC(0)/m/n/9 alter decision quality and which milestones merely i
mprove market

Underfull \hbox (badness 3657) in paragraph at lines 167--167
\TU/NotoSansCJKSC(0)/m/n/9 operating performance, because commercial buyers wil
l ultimately
[8] [9]
Underfull \hbox (badness 2707) in paragraph at lines 194--194
[]\TU/NotoSansCJKSC(0)/m/n/9 China’s defense capabilities have undergone a prof
ound transfor-

Underfull \hbox (badness 3000) in paragraph at lines 194--194
\TU/NotoSansCJKSC(0)/m/n/9 mation over the past decade, driven by sustained bud
get growth,

Underfull \hbox (badness 2582) in paragraph at lines 195--195
[]\TU/NotoSansCJKSC(0)/m/n/9 The issue matters because China’s Defense Strength
: A Strategic

Underfull \hbox (badness 1412) in paragraph at lines 195--195
\TU/NotoSansCJKSC(0)/m/n/9 alter decision quality and which milestones merely i
mprove market

Underfull \hbox (badness 3657) in paragraph at lines 196--196
\TU/NotoSansCJKSC(0)/m/n/9 operating performance, because commercial buyers wil
l ultimately
[10] [11] (./report_latex.aux) )
(see the transcript file for additional information)
Output written on report_latex.pdf (11 pages).
Transcript written on report_latex.log.
