ph at lines 183--183
\TU/NotoSansCJKSC(0)/m/n/9 by decoupling energy supply from resource endowments
. Unlike

Underfull \hbox (badness 1728) in paragraph at lines 183--183
\TU/NotoSansCJKSC(0)/m/n/9 fossil fuels, fusion fuel (deuterium and tritium) is
 widely available:

Underfull \hbox (badness 1910) in paragraph at lines 183--183
\TU/NotoSansCJKSC(0)/m/n/9 tensions in regions like the Middle East and the Sou
th China Sea.

Underfull \hbox (badness 2080) in paragraph at lines 184--184
\TU/NotoSansCJKSC(0)/m/n/9 source with high capacity factor (>90%), fusion coul
d complement

Underfull \hbox (badness 1383) in paragraph at lines 184--184
\TU/NotoSansCJKSC(0)/m/n/9 (steel, cement, chemicals) and hydrogen production, 
decarbonizing
[7]
Underfull \hbox (badness 1168) in paragraph at lines 213--213
\TU/NotoSansCJKSC(0)/m/n/9 Systems ($2 billion), and TAE Technologies ($1.2 bil
lion). Investors

Underfull \hbox (badness 3260) in paragraph at lines 213--213
\TU/NotoSansCJKSC(0)/m/n/9 has accelerated development timelines and fostered i
nnovation in

Underfull \hbox (badness 1062) in paragraph at lines 213--213
\TU/NotoSansCJKSC(0)/m/n/9 between demonstration and commercial deployment, whe
re capital

Underfull \hbox (badness 1168) in paragraph at lines 213--213
\TU/NotoSansCJKSC(0)/m/n/9 backstops, such as loan guarantees or offtake agreem
ents, may be

Underfull \hbox (badness 3260) in paragraph at lines 214--214
[]\TU/NotoSansCJKSC(0)/m/n/9 Government funding remains substantial. The US Dep
artment of

Underfull \hbox (badness 3746) in paragraph at lines 214--214
\TU/NotoSansCJKSC(0)/m/n/9 annually, with additional support from the Infrastru
cture Bill and

Underfull \hbox (badness 2941) in paragraph at lines 214--214
\TU/NotoSansCJKSC(0)/m/n/9 Inflation Reduction Act. The EU’s Horizon Europe and
 Euratom

Underfull \hbox (badness 1377) in paragraph at lines 214--214
\TU/NotoSansCJKSC(0)/m/n/9 programs allocate €1.2 billion for fusion research. 
China’s fusion
[8] [9]
Underfull \hbox (badness 1024) in paragraph at lines 244--244
\TU/NotoSansCJKSC(0)/m/n/9 high electricity costs. Cost reduction roadmaps, inc
luding modular
[10]
Underfull \hbox (badness 1596) in paragraph at lines 273--273
\TU/NotoSansCJKSC(0)/m/n/9 operating costs. Early fusion plants will likely be 
more expensive,

Underfull \hbox (badness 1742) in paragraph at lines 273--273
\TU/NotoSansCJKSC(0)/m/n/9 requiring subsidies or premium markets (e.g., high e
lectricity price
[11]
Underfull \hbox (badness 1231) in paragraph at lines 303--303
\TU/NotoSansCJKSC(0)/m/n/9 private companies and large government projects. Com
monwealth

Underfull \hbox (badness 8094) in paragraph at lines 303--303
\TU/NotoSansCJKSC(0)/m/n/9 Fusion Systems (CFS) leads with its SPARC tokamak, l
everaging

Underfull \hbox (badness 1163) in paragraph at lines 303--303
\TU/NotoSansCJKSC(0)/m/n/9 a pulsed-field reversed configuration with a target 
of 2024 for Q>1.

Underfull \hbox (badness 1178) in paragraph at lines 303--303
\TU/NotoSansCJKSC(0)/m/n/9 injection. General Fusion is developing a magnetized
 target fusion

Underfull \hbox (badness 1622) in paragraph at lines 304--304
\TU/NotoSansCJKSC(0)/m/n/9 Milestone-Based Fusion Development Program provides 
$50 million

Underfull \hbox (badness 1253) in paragraph at lines 304--304
\TU/NotoSansCJKSC(0)/m/n/9 fusion roadmap is more conservative, focusing on ITE
R and DEMO.
[12]
Underfull \hbox (badness 1163) in paragraph at lines 333--333
[]\TU/NotoSansCJKSC(0)/m/n/9 Nuclear fusion is on the cusp of technical breakev
en, but the road

Underfull \hbox (badness 4779) in paragraph at lines 334--334
\TU/NotoSansCJKSC(0)/m/n/9 post-2040, especially for baseload and industrial he
at. Strategic
[13] [14] [15] (./report_latex.aux)

LaTeX Warning: Label(s) may have changed. Rerun to get cross-references right.

 )
(see the transcript file for additional information)
Output written on report_latex.pdf (15 pages).
Transcript written on report_latex.log.
ntally alter global ene
rgy geopolitics

Underfull \hbox (badness 3219) in paragraph at lines 183--183
\TU/NotoSansCJKSC(0)/m/n/9 by decoupling energy supply from resource endowments
. Unlike

Underfull \hbox (badness 1728) in paragraph at lines 183--183
\TU/NotoSansCJKSC(0)/m/n/9 fossil fuels, fusion fuel (deuterium and tritium) is
 widely available:

Underfull \hbox (badness 1910) in paragraph at lines 183--183
\TU/NotoSansCJKSC(0)/m/n/9 tensions in regions like the Middle East and the Sou
th China Sea.

Underfull \hbox (badness 2080) in paragraph at lines 184--184
\TU/NotoSansCJKSC(0)/m/n/9 source with high capacity factor (>90%), fusion coul
d complement

Underfull \hbox (badness 1383) in paragraph at lines 184--184
\TU/NotoSansCJKSC(0)/m/n/9 (steel, cement, chemicals) and hydrogen production, 
decarbonizing
[7]
Underfull \hbox (badness 1168) in paragraph at lines 213--213
\TU/NotoSansCJKSC(0)/m/n/9 Systems ($2 billion), and TAE Technologies ($1.2 bil
lion). Investors

Underfull \hbox (badness 3260) in paragraph at lines 213--213
\TU/NotoSansCJKSC(0)/m/n/9 has accelerated development timelines and fostered i
nnovation in

Underfull \hbox (badness 1062) in paragraph at lines 213--213
\TU/NotoSansCJKSC(0)/m/n/9 between demonstration and commercial deployment, whe
re capital

Underfull \hbox (badness 1168) in paragraph at lines 213--213
\TU/NotoSansCJKSC(0)/m/n/9 backstops, such as loan guarantees or offtake agreem
ents, may be

Underfull \hbox (badness 3260) in paragraph at lines 214--214
[]\TU/NotoSansCJKSC(0)/m/n/9 Government funding remains substantial. The US Dep
artment of

Underfull \hbox (badness 3746) in paragraph at lines 214--214
\TU/NotoSansCJKSC(0)/m/n/9 annually, with additional support from the Infrastru
cture Bill and

Underfull \hbox (badness 2941) in paragraph at lines 214--214
\TU/NotoSansCJKSC(0)/m/n/9 Inflation Reduction Act. The EU’s Horizon Europe and
 Euratom

Underfull \hbox (badness 1377) in paragraph at lines 214--214
\TU/NotoSansCJKSC(0)/m/n/9 programs allocate €1.2 billion for fusion research. 
China’s fusion
[8] [9]
Underfull \hbox (badness 1024) in paragraph at lines 244--244
\TU/NotoSansCJKSC(0)/m/n/9 high electricity costs. Cost reduction roadmaps, inc
luding modular
[10]
Underfull \hbox (badness 1596) in paragraph at lines 273--273
\TU/NotoSansCJKSC(0)/m/n/9 operating costs. Early fusion plants will likely be 
more expensive,

Underfull \hbox (badness 1742) in paragraph at lines 273--273
\TU/NotoSansCJKSC(0)/m/n/9 requiring subsidies or premium markets (e.g., high e
lectricity price
[11]
Underfull \hbox (badness 1231) in paragraph at lines 303--303
\TU/NotoSansCJKSC(0)/m/n/9 private companies and large government projects. Com
monwealth

Underfull \hbox (badness 8094) in paragraph at lines 303--303
\TU/NotoSansCJKSC(0)/m/n/9 Fusion Systems (CFS) leads with its SPARC tokamak, l
everaging

Underfull \hbox (badness 1163) in paragraph at lines 303--303
\TU/NotoSansCJKSC(0)/m/n/9 a pulsed-field reversed configuration with a target 
of 2024 for Q>1.

Underfull \hbox (badness 1178) in paragraph at lines 303--303
\TU/NotoSansCJKSC(0)/m/n/9 injection. General Fusion is developing a magnetized
 target fusion

Underfull \hbox (badness 1622) in paragraph at lines 304--304
\TU/NotoSansCJKSC(0)/m/n/9 Milestone-Based Fusion Development Program provides 
$50 million

Underfull \hbox (badness 1253) in paragraph at lines 304--304
\TU/NotoSansCJKSC(0)/m/n/9 fusion roadmap is more conservative, focusing on ITE
R and DEMO.
[12]
Underfull \hbox (badness 1163) in paragraph at lines 333--333
[]\TU/NotoSansCJKSC(0)/m/n/9 Nuclear fusion is on the cusp of technical breakev
en, but the road

Underfull \hbox (badness 4779) in paragraph at lines 334--334
\TU/NotoSansCJKSC(0)/m/n/9 post-2040, especially for baseload and industrial he
at. Strategic
[13] [14] [15] (./report_latex.aux) )
(see the transcript file for additional information)
Output written on report_latex.pdf (15 pages).
Transcript written on report_latex.log.
