/n/7 Onshore wind

Underfull \hbox (badness 4752) in paragraph at lines 225--225
 [][]\TU/NotoSansCJKSC(0)/m/n/7 Utility solar

Underfull \hbox (badness 10000) in paragraph at lines 229--229
 [][]\TU/NotoSansCJKSC(0)/m/n/7 Gas CC

Underfull \hbox (badness 4168) in paragraph at lines 233--233
 [][]\TU/NotoSansCJKSC(0)/m/n/7 New nuclear

Underfull \hbox (badness 3826) in paragraph at lines 237--237
 [][]\TU/NotoSansCJKSC(0)/m/n/7 Fusion target
[6] [7]
Underfull \hbox (badness 1320) in paragraph at lines 292--292
 [][]\TU/NotoSansCJKSC(0)/m/n/7 Current production

Underfull \hbox (badness 3623) in paragraph at lines 296--296
 [][]\TU/NotoSansCJKSC(0)/m/n/7 1 GWth plant

Underfull \hbox (badness 2894) in paragraph at lines 300--300
 [][]\TU/NotoSansCJKSC(0)/m/n/7 Plant low case

Underfull \hbox (badness 2556) in paragraph at lines 304--304
 [][]\TU/NotoSansCJKSC(0)/m/n/7 Plant high case
[8] [9] [10] [11] [12]
Underfull \hbox (badness 1348) in paragraph at lines 464--464
 [][]\TU/NotoSansCJKSC(0)/m/n/7 2024 supply spend

Underfull \hbox (badness 3078) in paragraph at lines 468--468
 [][]\TU/NotoSansCJKSC(0)/m/n/7 Public funding

Underfull \hbox (badness 1609) in paragraph at lines 472--472
 [][]\TU/NotoSansCJKSC(0)/m/n/7 2025 new funding

Underfull \hbox (badness 3758) in paragraph at lines 476--476
 [][]\TU/NotoSansCJKSC(0)/m/n/7 Total funding
[13] [14] [15]
Underfull \hbox (badness 7133) in paragraph at lines 554--554
 [][]\TU/NotoSansCJKSC(0)/m/n/7 Solar PV

Underfull \hbox (badness 3364) in paragraph at lines 558--558
 [][]\TU/NotoSansCJKSC(0)/m/n/7 Onshore wind

Underfull \hbox (badness 10000) in paragraph at lines 562--562
 [][]\TU/NotoSansCJKSC(0)/m/n/7 Gas CC

Underfull \hbox (badness 2856) in paragraph at lines 566--566
 [][]\TU/NotoSansCJKSC(0)/m/n/7 Fission nuclear

Underfull \hbox (badness 3826) in paragraph at lines 570--570
 [][]\TU/NotoSansCJKSC(0)/m/n/7 Fusion target
[16] [17] [18] [19]
Underfull \hbox (badness 10000) in paragraph at lines 690--690
[]\TU/NotoSansCJKSC(0)/m/n/15 Public materials support a

Underfull \hbox (badness 3168) in paragraph at lines 690--690
\TU/NotoSansCJKSC(0)/m/n/15 strategic view, not a transaction

Underfull \hbox (badness 7433) in paragraph at lines 691--691
[]\TU/NotoSansCJKSC(0)/m/n/8 This report has been prepared for strategy discuss
ion and

Underfull \hbox (badness 1675) in paragraph at lines 691--691
\TU/NotoSansCJKSC(0)/m/n/8 are directional and should be independently validate
d before

Underfull \hbox (badness 1412) in paragraph at lines 691--691
\TU/NotoSansCJKSC(0)/m/n/8 or operational decisions. Forward-looking views may 
change
[20]
Underfull \hbox (badness 10000) in paragraph at lines 715--715
\TU/NotoSansCJKSC(0)/m/n/16 it changes a management

Underfull \hbox (badness 10000) in paragraph at lines 717--717
[]\TU/NotoSansCJKSC(0)/m/n/8 This report draws on Osti, Energy, Iaea, Iter,

Underfull \hbox (badness 10000) in paragraph at lines 731--731
[]|\TU/NotoSansCJKSC(0)/b/n/9 Senior Energy

Underfull \hbox (badness 10000) in paragraph at lines 731--731
\TU/NotoSansCJKSC(0)/b/n/9 Strategist with 15

Underfull \hbox (badness 10000) in paragraph at lines 731--731
\TU/NotoSansCJKSC(0)/b/n/9 years experience

Underfull \hbox (badness 10000) in paragraph at lines 731--731
\TU/NotoSansCJKSC(0)/b/n/9 in clean energy

Underfull \hbox (badness 10000) in paragraph at lines 731--731
\TU/NotoSansCJKSC(0)/b/n/9 engineering,

Underfull \hbox (badness 10000) in paragraph at lines 731--731
[]|\TU/NotoSansCJKSC(0)/b/n/9 Advisory board

Underfull \hbox (badness 10000) in paragraph at lines 731--731
\TU/NotoSansCJKSC(0)/b/n/9 member of a

Underfull \hbox (badness 10000) in paragraph at lines 731--731
\TU/NotoSansCJKSC(0)/b/n/9 fusion industry
[21] [22] (./report_latex.aux)

LaTeX Warning: Label(s) may have changed. Rerun to get cross-references right.

 )
(see the transcript file for additional information)
Output written on report_latex.pdf (22 pages).
Transcript written on report_latex.log.
