(/usr/share/texlive/texmf-dist/tex/latex/pgf/compatibility/pgfcomp-version-0-65
.sty)
(/usr/share/texlive/texmf-dist/tex/latex/pgf/compatibility/pgfcomp-version-1-18
.sty)) (/usr/share/texlive/texmf-dist/tex/latex/pgf/utilities/pgffor.sty
(/usr/share/texlive/texmf-dist/tex/latex/pgf/utilities/pgfkeys.sty
(/usr/share/texlive/texmf-dist/tex/generic/pgf/utilities/pgfkeys.code.tex))
(/usr/share/texlive/texmf-dist/tex/latex/pgf/math/pgfmath.sty
(/usr/share/texlive/texmf-dist/tex/generic/pgf/math/pgfmath.code.tex))
(/usr/share/texlive/texmf-dist/tex/generic/pgf/utilities/pgffor.code.tex))
(/usr/share/texlive/texmf-dist/tex/generic/pgf/frontendlayer/tikz/tikz.code.tex

(/usr/share/texlive/texmf-dist/tex/generic/pgf/libraries/pgflibraryplothandlers
.code.tex)
(/usr/share/texlive/texmf-dist/tex/generic/pgf/modules/pgfmodulematrix.code.tex
)
(/usr/share/texlive/texmf-dist/tex/generic/pgf/frontendlayer/tikz/libraries/tik
zlibrarytopaths.code.tex)))
(/usr/share/texlive/texmf-dist/tex/latex/tools/tabularx.sty
(/usr/share/texlive/texmf-dist/tex/latex/tools/array.sty))
(/usr/share/texlive/texmf-dist/tex/latex/fancyhdr/fancyhdr.sty)
(/usr/share/texlive/texmf-dist/tex/latex/needspace/needspace.sty)
(/usr/share/texlive/texmf-dist/tex/latex/tools/multicol.sty)
(/usr/share/texlive/texmf-dist/tex/latex/enumitem/enumitem.sty)
No file report_latex.aux.
(/usr/share/texlive/texmf-dist/tex/latex/base/ts1cmr.fd)
*geometry* driver: auto-detecting
*geometry* detected driver: xetex
[1] [2]
Underfull \hbox (badness 10000) in paragraph at lines 90--90
[]\TU/NotoSansCJKSC(0)/m/n/17 Nuclear fusion energy

Underfull \hbox (badness 10000) in paragraph at lines 90--90
\TU/NotoSansCJKSC(0)/m/n/17 is approaching a pivotal

Underfull \hbox (badness 10000) in paragraph at lines 91--91
[]\TU/NotoSansCJKSC(0)/m/n/9 Nuclear fusion energy is approaching a pivotal

Underfull \hbox (badness 7907) in paragraph at lines 91--91
\TU/NotoSansCJKSC(0)/m/n/9 inflection point, with private and public projects

Underfull \hbox (badness 4846) in paragraph at lines 91--91
\TU/NotoSansCJKSC(0)/m/n/9 converging on similar technological pathways and

Underfull \hbox (badness 4341) in paragraph at lines 91--91
\TU/NotoSansCJKSC(0)/m/n/9 significant capital inflows. The decision for your

Underfull \hbox (badness 10000) in paragraph at lines 91--91
\TU/NotoSansCJKSC(0)/m/n/9 Key risks include technological hurdles, timeline

Underfull \hbox (badness 1609) in paragraph at lines 91--91
\TU/NotoSansCJKSC(0)/m/n/9 slippage, and nascent regulatory frameworks. The

Underfull \hbox (badness 3780) in paragraph at lines 91--91
\TU/NotoSansCJKSC(0)/m/n/9 monitoring team to track milestones from leading

Underfull \hbox (badness 2608) in paragraph at lines 91--91
\TU/NotoSansCJKSC(0)/m/n/9 projects (ITER, SPARC, Helion) and engage in pilot

Underfull \hbox (badness 2293) in paragraph at lines 91--91
\TU/NotoSansCJKSC(0)/m/n/9 partnerships with select private ventures to secure

Underfull \hbox (badness 1769) in paragraph at lines 93--93
\TU/NotoSansCJKSC(0)/m/n/9 commercialization outlook and strategic implications


Underfull \hbox (badness 10000) in paragraph at lines 93--93
\TU/NotoSansCJKSC(0)/m/n/9 separate verified facts, directional scenarios and

Underfull \hbox (badness 10000) in paragraph at lines 93--93
\TU/NotoSansCJKSC(0)/m/n/9 missing diligence items before committing capital,

Underfull \hbox (badness 2213) in paragraph at lines 93--93
\TU/NotoSansCJKSC(0)/m/n/9 partnerships or market-entry resources. The report

Underfull \hbox (badness 10000) in paragraph at lines 93--93
\TU/NotoSansCJKSC(0)/m/n/9 should translate technical evidence into revenue
[3] [4] [5] [6] [7] [8] [9] [10] [11] [12] [13] [14] [15] [16] [17] [18]
[19] [20] [21] [22] [23] (./report_latex.aux)

LaTeX Warning: Label(s) may have changed. Rerun to get cross-references right.

 )
(see the transcript file for additional information)
Output written on report_latex.pdf (23 pages).
Transcript written on report_latex.log.
.tex
) (/usr/share/texlive/texmf-dist/tex/generic/pgf/modules/pgfmoduleplot.code.tex
)
(/usr/share/texlive/texmf-dist/tex/latex/pgf/compatibility/pgfcomp-version-0-65
.sty)
(/usr/share/texlive/texmf-dist/tex/latex/pgf/compatibility/pgfcomp-version-1-18
.sty)) (/usr/share/texlive/texmf-dist/tex/latex/pgf/utilities/pgffor.sty
(/usr/share/texlive/texmf-dist/tex/latex/pgf/utilities/pgfkeys.sty
(/usr/share/texlive/texmf-dist/tex/generic/pgf/utilities/pgfkeys.code.tex))
(/usr/share/texlive/texmf-dist/tex/latex/pgf/math/pgfmath.sty
(/usr/share/texlive/texmf-dist/tex/generic/pgf/math/pgfmath.code.tex))
(/usr/share/texlive/texmf-dist/tex/generic/pgf/utilities/pgffor.code.tex))
(/usr/share/texlive/texmf-dist/tex/generic/pgf/frontendlayer/tikz/tikz.code.tex

(/usr/share/texlive/texmf-dist/tex/generic/pgf/libraries/pgflibraryplothandlers
.code.tex)
(/usr/share/texlive/texmf-dist/tex/generic/pgf/modules/pgfmodulematrix.code.tex
)
(/usr/share/texlive/texmf-dist/tex/generic/pgf/frontendlayer/tikz/libraries/tik
zlibrarytopaths.code.tex)))
(/usr/share/texlive/texmf-dist/tex/latex/tools/tabularx.sty
(/usr/share/texlive/texmf-dist/tex/latex/tools/array.sty))
(/usr/share/texlive/texmf-dist/tex/latex/fancyhdr/fancyhdr.sty)
(/usr/share/texlive/texmf-dist/tex/latex/needspace/needspace.sty)
(/usr/share/texlive/texmf-dist/tex/latex/tools/multicol.sty)
(/usr/share/texlive/texmf-dist/tex/latex/enumitem/enumitem.sty)
(./report_latex.aux) (/usr/share/texlive/texmf-dist/tex/latex/base/ts1cmr.fd)
*geometry* driver: auto-detecting
*geometry* detected driver: xetex
[1] [2]
Underfull \hbox (badness 10000) in paragraph at lines 90--90
[]\TU/NotoSansCJKSC(0)/m/n/17 Nuclear fusion energy

Underfull \hbox (badness 10000) in paragraph at lines 90--90
\TU/NotoSansCJKSC(0)/m/n/17 is approaching a pivotal

Underfull \hbox (badness 10000) in paragraph at lines 91--91
[]\TU/NotoSansCJKSC(0)/m/n/9 Nuclear fusion energy is approaching a pivotal

Underfull \hbox (badness 7907) in paragraph at lines 91--91
\TU/NotoSansCJKSC(0)/m/n/9 inflection point, with private and public projects

Underfull \hbox (badness 4846) in paragraph at lines 91--91
\TU/NotoSansCJKSC(0)/m/n/9 converging on similar technological pathways and

Underfull \hbox (badness 4341) in paragraph at lines 91--91
\TU/NotoSansCJKSC(0)/m/n/9 significant capital inflows. The decision for your

Underfull \hbox (badness 10000) in paragraph at lines 91--91
\TU/NotoSansCJKSC(0)/m/n/9 Key risks include technological hurdles, timeline

Underfull \hbox (badness 1609) in paragraph at lines 91--91
\TU/NotoSansCJKSC(0)/m/n/9 slippage, and nascent regulatory frameworks. The

Underfull \hbox (badness 3780) in paragraph at lines 91--91
\TU/NotoSansCJKSC(0)/m/n/9 monitoring team to track milestones from leading

Underfull \hbox (badness 2608) in paragraph at lines 91--91
\TU/NotoSansCJKSC(0)/m/n/9 projects (ITER, SPARC, Helion) and engage in pilot

Underfull \hbox (badness 2293) in paragraph at lines 91--91
\TU/NotoSansCJKSC(0)/m/n/9 partnerships with select private ventures to secure

Underfull \hbox (badness 1769) in paragraph at lines 93--93
\TU/NotoSansCJKSC(0)/m/n/9 commercialization outlook and strategic implications


Underfull \hbox (badness 10000) in paragraph at lines 93--93
\TU/NotoSansCJKSC(0)/m/n/9 separate verified facts, directional scenarios and

Underfull \hbox (badness 10000) in paragraph at lines 93--93
\TU/NotoSansCJKSC(0)/m/n/9 missing diligence items before committing capital,

Underfull \hbox (badness 2213) in paragraph at lines 93--93
\TU/NotoSansCJKSC(0)/m/n/9 partnerships or market-entry resources. The report

Underfull \hbox (badness 10000) in paragraph at lines 93--93
\TU/NotoSansCJKSC(0)/m/n/9 should translate technical evidence into revenue
[3] [4] [5] [6] [7] [8] [9] [10] [11] [12] [13] [14] [15] [16] [17] [18]
[19] [20] [21] [22] [23] (./report_latex.aux) )
(see the transcript file for additional information)
Output written on report_latex.pdf (23 pages).
Transcript written on report_latex.log.
