hare/texlive/texmf-dist/tex/generic/pgf/basiclayer/pgfcoreobjects.code.t
ex)
(/usr/share/texlive/texmf-dist/tex/generic/pgf/basiclayer/pgfcorepathprocessing
.code.tex)
(/usr/share/texlive/texmf-dist/tex/generic/pgf/basiclayer/pgfcorearrows.code.te
x)
(/usr/share/texlive/texmf-dist/tex/generic/pgf/basiclayer/pgfcoreshade.code.tex
)
(/usr/share/texlive/texmf-dist/tex/generic/pgf/basiclayer/pgfcoreimage.code.tex
)
(/usr/share/texlive/texmf-dist/tex/generic/pgf/basiclayer/pgfcoreexternal.code.
tex)
(/usr/share/texlive/texmf-dist/tex/generic/pgf/basiclayer/pgfcorelayers.code.te
x)
(/usr/share/texlive/texmf-dist/tex/generic/pgf/basiclayer/pgfcoretransparency.c
ode.tex)
(/usr/share/texlive/texmf-dist/tex/generic/pgf/basiclayer/pgfcorepatterns.code.
tex)
(/usr/share/texlive/texmf-dist/tex/generic/pgf/basiclayer/pgfcorerdf.code.tex))
)
(/usr/share/texlive/texmf-dist/tex/generic/pgf/modules/pgfmoduleshapes.code.tex
) (/usr/share/texlive/texmf-dist/tex/generic/pgf/modules/pgfmoduleplot.code.tex
)
(/usr/share/texlive/texmf-dist/tex/latex/pgf/compatibility/pgfcomp-version-0-65
.sty)
(/usr/share/texlive/texmf-dist/tex/latex/pgf/compatibility/pgfcomp-version-1-18
.sty)) (/usr/share/texlive/texmf-dist/tex/latex/pgf/utilities/pgffor.sty
(/usr/share/texlive/texmf-dist/tex/latex/pgf/utilities/pgfkeys.sty
(/usr/share/texlive/texmf-dist/tex/generic/pgf/utilities/pgfkeys.code.tex))
(/usr/share/texlive/texmf-dist/tex/latex/pgf/math/pgfmath.sty
(/usr/share/texlive/texmf-dist/tex/generic/pgf/math/pgfmath.code.tex))
(/usr/share/texlive/texmf-dist/tex/generic/pgf/utilities/pgffor.code.tex))
(/usr/share/texlive/texmf-dist/tex/generic/pgf/frontendlayer/tikz/tikz.code.tex

(/usr/share/texlive/texmf-dist/tex/generic/pgf/libraries/pgflibraryplothandlers
.code.tex)
(/usr/share/texlive/texmf-dist/tex/generic/pgf/modules/pgfmodulematrix.code.tex
)
(/usr/share/texlive/texmf-dist/tex/generic/pgf/frontendlayer/tikz/libraries/tik
zlibrarytopaths.code.tex)))
(/usr/share/texlive/texmf-dist/tex/latex/tools/tabularx.sty
(/usr/share/texlive/texmf-dist/tex/latex/tools/array.sty))
(/usr/share/texlive/texmf-dist/tex/latex/fancyhdr/fancyhdr.sty)
(/usr/share/texlive/texmf-dist/tex/latex/needspace/needspace.sty)
(/usr/share/texlive/texmf-dist/tex/latex/tools/multicol.sty)
(/usr/share/texlive/texmf-dist/tex/latex/enumitem/enumitem.sty)
No file report_latex.aux.
(/usr/share/texlive/texmf-dist/tex/latex/base/ts1cmr.fd)
*geometry* driver: auto-detecting
*geometry* detected driver: xetex
[1] [2]
Underfull \hbox (badness 10000) in paragraph at lines 90--90
[]\TU/NotoSansCJKSC(0)/m/n/17 Nuclear fusion

Underfull \hbox (badness 10000) in paragraph at lines 90--90
\TU/NotoSansCJKSC(0)/m/n/17 commercialization is

Underfull \hbox (badness 5446) in paragraph at lines 91--91
\TU/NotoSansCJKSC(0)/m/n/9 generation are projected but unverified, and cost

Underfull \hbox (badness 10000) in paragraph at lines 91--91
\TU/NotoSansCJKSC(0)/m/n/9 cost parity before 2050, given rapid renewables

Underfull \hbox (badness 10000) in paragraph at lines 91--91
\TU/NotoSansCJKSC(0)/m/n/9 cost declines. Management should immediately

Underfull \hbox (badness 1831) in paragraph at lines 93--93
[]\TU/NotoSansCJKSC(0)/m/n/9 Commercial viability hinges on achieving cost pari
ty

Underfull \hbox (badness 4556) in paragraph at lines 93--93
\TU/NotoSansCJKSC(0)/m/n/9 due to engineering challenges in materials, tritium

Underfull \hbox (badness 2582) in paragraph at lines 93--93
\TU/NotoSansCJKSC(0)/m/n/9 are nascent, posing approval risks that could delay

Underfull \hbox (badness 7832) in paragraph at lines 93--93
\TU/NotoSansCJKSC(0)/m/n/9 monitoring key milestones from ITER, SPARC, and
[3] [4] [5] [6] [7] [8] [9] [10] [11] [12] [13] [14] [15] [16] [17] [18]
[19] [20] (./report_latex.aux)

LaTeX Warning: Label(s) may have changed. Rerun to get cross-references right.

 )
(see the transcript file for additional information)
Output written on report_latex.pdf (20 pages).
Transcript written on report_latex.log.
usr/share/texlive/texmf-dist/tex/generic/pgf/basiclayer/pgfcorequick.code.tex
)
(/usr/share/texlive/texmf-dist/tex/generic/pgf/basiclayer/pgfcoreobjects.code.t
ex)
(/usr/share/texlive/texmf-dist/tex/generic/pgf/basiclayer/pgfcorepathprocessing
.code.tex)
(/usr/share/texlive/texmf-dist/tex/generic/pgf/basiclayer/pgfcorearrows.code.te
x)
(/usr/share/texlive/texmf-dist/tex/generic/pgf/basiclayer/pgfcoreshade.code.tex
)
(/usr/share/texlive/texmf-dist/tex/generic/pgf/basiclayer/pgfcoreimage.code.tex
)
(/usr/share/texlive/texmf-dist/tex/generic/pgf/basiclayer/pgfcoreexternal.code.
tex)
(/usr/share/texlive/texmf-dist/tex/generic/pgf/basiclayer/pgfcorelayers.code.te
x)
(/usr/share/texlive/texmf-dist/tex/generic/pgf/basiclayer/pgfcoretransparency.c
ode.tex)
(/usr/share/texlive/texmf-dist/tex/generic/pgf/basiclayer/pgfcorepatterns.code.
tex)
(/usr/share/texlive/texmf-dist/tex/generic/pgf/basiclayer/pgfcorerdf.code.tex))
)
(/usr/share/texlive/texmf-dist/tex/generic/pgf/modules/pgfmoduleshapes.code.tex
) (/usr/share/texlive/texmf-dist/tex/generic/pgf/modules/pgfmoduleplot.code.tex
)
(/usr/share/texlive/texmf-dist/tex/latex/pgf/compatibility/pgfcomp-version-0-65
.sty)
(/usr/share/texlive/texmf-dist/tex/latex/pgf/compatibility/pgfcomp-version-1-18
.sty)) (/usr/share/texlive/texmf-dist/tex/latex/pgf/utilities/pgffor.sty
(/usr/share/texlive/texmf-dist/tex/latex/pgf/utilities/pgfkeys.sty
(/usr/share/texlive/texmf-dist/tex/generic/pgf/utilities/pgfkeys.code.tex))
(/usr/share/texlive/texmf-dist/tex/latex/pgf/math/pgfmath.sty
(/usr/share/texlive/texmf-dist/tex/generic/pgf/math/pgfmath.code.tex))
(/usr/share/texlive/texmf-dist/tex/generic/pgf/utilities/pgffor.code.tex))
(/usr/share/texlive/texmf-dist/tex/generic/pgf/frontendlayer/tikz/tikz.code.tex

(/usr/share/texlive/texmf-dist/tex/generic/pgf/libraries/pgflibraryplothandlers
.code.tex)
(/usr/share/texlive/texmf-dist/tex/generic/pgf/modules/pgfmodulematrix.code.tex
)
(/usr/share/texlive/texmf-dist/tex/generic/pgf/frontendlayer/tikz/libraries/tik
zlibrarytopaths.code.tex)))
(/usr/share/texlive/texmf-dist/tex/latex/tools/tabularx.sty
(/usr/share/texlive/texmf-dist/tex/latex/tools/array.sty))
(/usr/share/texlive/texmf-dist/tex/latex/fancyhdr/fancyhdr.sty)
(/usr/share/texlive/texmf-dist/tex/latex/needspace/needspace.sty)
(/usr/share/texlive/texmf-dist/tex/latex/tools/multicol.sty)
(/usr/share/texlive/texmf-dist/tex/latex/enumitem/enumitem.sty)
(./report_latex.aux) (/usr/share/texlive/texmf-dist/tex/latex/base/ts1cmr.fd)
*geometry* driver: auto-detecting
*geometry* detected driver: xetex
[1] [2]
Underfull \hbox (badness 10000) in paragraph at lines 90--90
[]\TU/NotoSansCJKSC(0)/m/n/17 Nuclear fusion

Underfull \hbox (badness 10000) in paragraph at lines 90--90
\TU/NotoSansCJKSC(0)/m/n/17 commercialization is

Underfull \hbox (badness 5446) in paragraph at lines 91--91
\TU/NotoSansCJKSC(0)/m/n/9 generation are projected but unverified, and cost

Underfull \hbox (badness 10000) in paragraph at lines 91--91
\TU/NotoSansCJKSC(0)/m/n/9 cost parity before 2050, given rapid renewables

Underfull \hbox (badness 10000) in paragraph at lines 91--91
\TU/NotoSansCJKSC(0)/m/n/9 cost declines. Management should immediately

Underfull \hbox (badness 1831) in paragraph at lines 93--93
[]\TU/NotoSansCJKSC(0)/m/n/9 Commercial viability hinges on achieving cost pari
ty

Underfull \hbox (badness 4556) in paragraph at lines 93--93
\TU/NotoSansCJKSC(0)/m/n/9 due to engineering challenges in materials, tritium

Underfull \hbox (badness 2582) in paragraph at lines 93--93
\TU/NotoSansCJKSC(0)/m/n/9 are nascent, posing approval risks that could delay

Underfull \hbox (badness 7832) in paragraph at lines 93--93
\TU/NotoSansCJKSC(0)/m/n/9 monitoring key milestones from ITER, SPARC, and
[3] [4] [5] [6] [7] [8] [9] [10] [11] [12] [13] [14] [15] [16] [17] [18]
[19] [20] (./report_latex.aux) )
(see the transcript file for additional information)
Output written on report_latex.pdf (20 pages).
Transcript written on report_latex.log.
