ive/texmf-dist/tex/latex/pgf/math/pgfmath.sty
(/usr/share/texlive/texmf-dist/tex/generic/pgf/math/pgfmath.code.tex))
(/usr/share/texlive/texmf-dist/tex/generic/pgf/utilities/pgffor.code.tex))
(/usr/share/texlive/texmf-dist/tex/generic/pgf/frontendlayer/tikz/tikz.code.tex

(/usr/share/texlive/texmf-dist/tex/generic/pgf/libraries/pgflibraryplothandlers
.code.tex)
(/usr/share/texlive/texmf-dist/tex/generic/pgf/modules/pgfmodulematrix.code.tex
)
(/usr/share/texlive/texmf-dist/tex/generic/pgf/frontendlayer/tikz/libraries/tik
zlibrarytopaths.code.tex)))
(/usr/share/texlive/texmf-dist/tex/latex/tools/tabularx.sty
(/usr/share/texlive/texmf-dist/tex/latex/tools/array.sty))
(/usr/share/texlive/texmf-dist/tex/latex/fancyhdr/fancyhdr.sty)
(/usr/share/texlive/texmf-dist/tex/latex/needspace/needspace.sty)
(/usr/share/texlive/texmf-dist/tex/latex/tools/multicol.sty)
(/usr/share/texlive/texmf-dist/tex/latex/enumitem/enumitem.sty)
No file report_latex.aux.
(/usr/share/texlive/texmf-dist/tex/latex/base/ts1cmr.fd)
*geometry* driver: auto-detecting
*geometry* detected driver: xetex
[1] [2]
Underfull \hbox (badness 2818) in paragraph at lines 90--90
[]\TU/NotoSansCJKSC(0)/m/n/17 Private fusion ventures are

Underfull \hbox (badness 10000) in paragraph at lines 90--90
\TU/NotoSansCJKSC(0)/m/n/17 accelerating faster than

Underfull \hbox (badness 10000) in paragraph at lines 91--91
[]\TU/NotoSansCJKSC(0)/m/n/9 Private fusion ventures are accelerating faster

Underfull \hbox (badness 1831) in paragraph at lines 91--91
\TU/NotoSansCJKSC(0)/m/n/9 than public projects, but no verified data confirms

Underfull \hbox (badness 7168) in paragraph at lines 91--91
\TU/NotoSansCJKSC(0)/m/n/9 net-positive energy milestones before 2030; early

Underfull \hbox (badness 7291) in paragraph at lines 91--91
\TU/NotoSansCJKSC(0)/m/n/9 cost of energy (LCOE) parity with renewables by

Underfull \hbox (badness 1024) in paragraph at lines 91--91
\TU/NotoSansCJKSC(0)/m/n/9 and hydrogen where baseload reliability commands

Underfull \hbox (badness 10000) in paragraph at lines 91--91
\TU/NotoSansCJKSC(0)/m/n/9 bottleneck, with no commercial fusion licensing

Underfull \hbox (badness 4518) in paragraph at lines 91--91
\TU/NotoSansCJKSC(0)/m/n/9 Tritium supply is a hidden bottleneck, as current

Underfull \hbox (badness 10000) in paragraph at lines 91--91
\TU/NotoSansCJKSC(0)/m/n/9 global production is insufficient for commercial

Underfull \hbox (badness 10000) in paragraph at lines 91--91
\TU/NotoSansCJKSC(0)/m/n/9 reactors; investment in breeding technology and

Underfull \hbox (badness 1400) in paragraph at lines 91--91
\TU/NotoSansCJKSC(0)/m/n/9 alternative fuel cycles is needed to mitigate supply


Underfull \hbox (badness 1762) in paragraph at lines 91--91
\TU/NotoSansCJKSC(0)/m/n/9 China, UK, and Japan leading fusion development;

Underfull \hbox (badness 6141) in paragraph at lines 91--91
\TU/NotoSansCJKSC(0)/m/n/9 forming international consortia can secure supply

Underfull \hbox (badness 2726) in paragraph at lines 93--93
\TU/NotoSansCJKSC(0)/m/n/9 focus on high-value applications like industrial hea
t

Underfull \hbox (badness 3271) in paragraph at lines 93--93
\TU/NotoSansCJKSC(0)/m/n/9 and hydrogen where baseload reliability commands

Underfull \hbox (badness 10000) in paragraph at lines 93--93
\TU/NotoSansCJKSC(0)/m/n/9 bottleneck, with no commercial fusion licensing

Underfull \hbox (badness 1874) in paragraph at lines 93--93
\TU/NotoSansCJKSC(0)/m/n/9 regulators is essential to reduce deployment delays.


Underfull \hbox (badness 10000) in paragraph at lines 93--93
\TU/NotoSansCJKSC(0)/m/n/9 production is insufficient for commercial reactors;
[3] [4] [5] [6] [7] [8] [9] [10] [11] [12] [13] [14] [15] [16] [17] [18]
[19] (./report_latex.aux)

LaTeX Warning: Label(s) may have changed. Rerun to get cross-references right.

 )
(see the transcript file for additional information)
Output written on report_latex.pdf (19 pages).
Transcript written on report_latex.log.
/share/texlive/texmf-dist/tex/generic/pgf/utilities/pgfkeys.code.tex))
(/usr/share/texlive/texmf-dist/tex/latex/pgf/math/pgfmath.sty
(/usr/share/texlive/texmf-dist/tex/generic/pgf/math/pgfmath.code.tex))
(/usr/share/texlive/texmf-dist/tex/generic/pgf/utilities/pgffor.code.tex))
(/usr/share/texlive/texmf-dist/tex/generic/pgf/frontendlayer/tikz/tikz.code.tex

(/usr/share/texlive/texmf-dist/tex/generic/pgf/libraries/pgflibraryplothandlers
.code.tex)
(/usr/share/texlive/texmf-dist/tex/generic/pgf/modules/pgfmodulematrix.code.tex
)
(/usr/share/texlive/texmf-dist/tex/generic/pgf/frontendlayer/tikz/libraries/tik
zlibrarytopaths.code.tex)))
(/usr/share/texlive/texmf-dist/tex/latex/tools/tabularx.sty
(/usr/share/texlive/texmf-dist/tex/latex/tools/array.sty))
(/usr/share/texlive/texmf-dist/tex/latex/fancyhdr/fancyhdr.sty)
(/usr/share/texlive/texmf-dist/tex/latex/needspace/needspace.sty)
(/usr/share/texlive/texmf-dist/tex/latex/tools/multicol.sty)
(/usr/share/texlive/texmf-dist/tex/latex/enumitem/enumitem.sty)
(./report_latex.aux) (/usr/share/texlive/texmf-dist/tex/latex/base/ts1cmr.fd)
*geometry* driver: auto-detecting
*geometry* detected driver: xetex
[1] [2]
Underfull \hbox (badness 2818) in paragraph at lines 90--90
[]\TU/NotoSansCJKSC(0)/m/n/17 Private fusion ventures are

Underfull \hbox (badness 10000) in paragraph at lines 90--90
\TU/NotoSansCJKSC(0)/m/n/17 accelerating faster than

Underfull \hbox (badness 10000) in paragraph at lines 91--91
[]\TU/NotoSansCJKSC(0)/m/n/9 Private fusion ventures are accelerating faster

Underfull \hbox (badness 1831) in paragraph at lines 91--91
\TU/NotoSansCJKSC(0)/m/n/9 than public projects, but no verified data confirms

Underfull \hbox (badness 7168) in paragraph at lines 91--91
\TU/NotoSansCJKSC(0)/m/n/9 net-positive energy milestones before 2030; early

Underfull \hbox (badness 7291) in paragraph at lines 91--91
\TU/NotoSansCJKSC(0)/m/n/9 cost of energy (LCOE) parity with renewables by

Underfull \hbox (badness 1024) in paragraph at lines 91--91
\TU/NotoSansCJKSC(0)/m/n/9 and hydrogen where baseload reliability commands

Underfull \hbox (badness 10000) in paragraph at lines 91--91
\TU/NotoSansCJKSC(0)/m/n/9 bottleneck, with no commercial fusion licensing

Underfull \hbox (badness 4518) in paragraph at lines 91--91
\TU/NotoSansCJKSC(0)/m/n/9 Tritium supply is a hidden bottleneck, as current

Underfull \hbox (badness 10000) in paragraph at lines 91--91
\TU/NotoSansCJKSC(0)/m/n/9 global production is insufficient for commercial

Underfull \hbox (badness 10000) in paragraph at lines 91--91
\TU/NotoSansCJKSC(0)/m/n/9 reactors; investment in breeding technology and

Underfull \hbox (badness 1400) in paragraph at lines 91--91
\TU/NotoSansCJKSC(0)/m/n/9 alternative fuel cycles is needed to mitigate supply


Underfull \hbox (badness 1762) in paragraph at lines 91--91
\TU/NotoSansCJKSC(0)/m/n/9 China, UK, and Japan leading fusion development;

Underfull \hbox (badness 6141) in paragraph at lines 91--91
\TU/NotoSansCJKSC(0)/m/n/9 forming international consortia can secure supply

Underfull \hbox (badness 2726) in paragraph at lines 93--93
\TU/NotoSansCJKSC(0)/m/n/9 focus on high-value applications like industrial hea
t

Underfull \hbox (badness 3271) in paragraph at lines 93--93
\TU/NotoSansCJKSC(0)/m/n/9 and hydrogen where baseload reliability commands

Underfull \hbox (badness 10000) in paragraph at lines 93--93
\TU/NotoSansCJKSC(0)/m/n/9 bottleneck, with no commercial fusion licensing

Underfull \hbox (badness 1874) in paragraph at lines 93--93
\TU/NotoSansCJKSC(0)/m/n/9 regulators is essential to reduce deployment delays.


Underfull \hbox (badness 10000) in paragraph at lines 93--93
\TU/NotoSansCJKSC(0)/m/n/9 production is insufficient for commercial reactors;
[3] [4] [5] [6] [7] [8] [9] [10] [11] [12] [13] [14] [15] [16] [17] [18]
[19] (./report_latex.aux) )
(see the transcript file for additional information)
Output written on report_latex.pdf (19 pages).
Transcript written on report_latex.log.
