c/pgf/basiclayer/pgfcoretransparency.c
ode.tex)
(/usr/share/texlive/texmf-dist/tex/generic/pgf/basiclayer/pgfcorepatterns.code.
tex)
(/usr/share/texlive/texmf-dist/tex/generic/pgf/basiclayer/pgfcorerdf.code.tex))
)
(/usr/share/texlive/texmf-dist/tex/generic/pgf/modules/pgfmoduleshapes.code.tex
) (/usr/share/texlive/texmf-dist/tex/generic/pgf/modules/pgfmoduleplot.code.tex
)
(/usr/share/texlive/texmf-dist/tex/latex/pgf/compatibility/pgfcomp-version-0-65
.sty)
(/usr/share/texlive/texmf-dist/tex/latex/pgf/compatibility/pgfcomp-version-1-18
.sty)) (/usr/share/texlive/texmf-dist/tex/latex/pgf/utilities/pgffor.sty
(/usr/share/texlive/texmf-dist/tex/latex/pgf/utilities/pgfkeys.sty
(/usr/share/texlive/texmf-dist/tex/generic/pgf/utilities/pgfkeys.code.tex))
(/usr/share/texlive/texmf-dist/tex/latex/pgf/math/pgfmath.sty
(/usr/share/texlive/texmf-dist/tex/generic/pgf/math/pgfmath.code.tex))
(/usr/share/texlive/texmf-dist/tex/generic/pgf/utilities/pgffor.code.tex))
(/usr/share/texlive/texmf-dist/tex/generic/pgf/frontendlayer/tikz/tikz.code.tex

(/usr/share/texlive/texmf-dist/tex/generic/pgf/libraries/pgflibraryplothandlers
.code.tex)
(/usr/share/texlive/texmf-dist/tex/generic/pgf/modules/pgfmodulematrix.code.tex
)
(/usr/share/texlive/texmf-dist/tex/generic/pgf/frontendlayer/tikz/libraries/tik
zlibrarytopaths.code.tex)))
(/usr/share/texlive/texmf-dist/tex/latex/tools/tabularx.sty
(/usr/share/texlive/texmf-dist/tex/latex/tools/array.sty))
(/usr/share/texlive/texmf-dist/tex/latex/fancyhdr/fancyhdr.sty)
(/usr/share/texlive/texmf-dist/tex/latex/needspace/needspace.sty)
(/usr/share/texlive/texmf-dist/tex/latex/tools/multicol.sty)
(/usr/share/texlive/texmf-dist/tex/latex/enumitem/enumitem.sty)
No file report_latex.aux.
(/usr/share/texlive/texmf-dist/tex/latex/base/ts1cmr.fd)
*geometry* driver: auto-detecting
*geometry* detected driver: xetex
[1] [2]
Underfull \hbox (badness 5862) in paragraph at lines 103--103
\TU/NotoSansCJKSC(0)/m/n/9 but the path to commercial power remains long and
[3] [4] [5] [6] [7]
Underfull \hbox (badness 10000) in paragraph at lines 186--186
[]\TU/NotoSansCJKSC(0)/m/n/17 Should we commit $200

Underfull \hbox (badness 10000) in paragraph at lines 186--186
\TU/NotoSansCJKSC(0)/m/n/17 is demonstrated and risk

Underfull \hbox (badness 1394) in paragraph at lines 188--188
[]\TU/NotoSansCJKSC(0)/m/n/9 Your organization is a major energy utility with a
 growing

Underfull \hbox (badness 2229) in paragraph at lines 189--189
[]\TU/NotoSansCJKSC(0)/b/n/9 Proceed with a scaled-down investment of $50 milli
on

Underfull \hbox (badness 5970) in paragraph at lines 189--189
\TU/NotoSansCJKSC(0)/b/n/9 with clear milestones and a right of first refusal f
or
[8] [9] [10] [11] [12] [13] [14] [15] [16] [17] [18]
Underfull \hbox (badness 1019) in paragraph at lines 386--387
\TU/NotoSansCJKSC(0)/m/n/9 track technical milestones, regulatory developments,


Underfull \hbox (badness 4229) in paragraph at lines 387--388
\TU/NotoSansCJKSC(0)/m/n/9 on your organization’s energy portfolio, including

Underfull \hbox (badness 2951) in paragraph at lines 394--395
[]\TU/NotoSansCJKSC(0)/m/n/9 Technical failure or significant delay in achievin
g

Underfull \hbox (badness 2343) in paragraph at lines 395--396
\TU/NotoSansCJKSC(0)/m/n/9 for solar or wind LCOE falls below $20 per MWh

Underfull \hbox (badness 3557) in paragraph at lines 395--396
\TU/NotoSansCJKSC(0)/m/n/9 with 24/7 availability via storage.. Focus fusion

Underfull \hbox (badness 3635) in paragraph at lines 397--398
[]\TU/NotoSansCJKSC(0)/m/n/9 Geopolitical tensions disrupt international collab
-

Underfull \hbox (badness 3039) in paragraph at lines 397--398
\TU/NotoSansCJKSC(0)/m/n/9 oration on fusion projects like ITER.. Watch for
[19] [20] [21] (./report_latex.aux)

LaTeX Warning: Label(s) may have changed. Rerun to get cross-references right.

 )
(see the transcript file for additional information)
Output written on report_latex.pdf (21 pages).
Transcript written on report_latex.log.
neric/pgf/basiclayer/pgfcorelayers.code.te
x)
(/usr/share/texlive/texmf-dist/tex/generic/pgf/basiclayer/pgfcoretransparency.c
ode.tex)
(/usr/share/texlive/texmf-dist/tex/generic/pgf/basiclayer/pgfcorepatterns.code.
tex)
(/usr/share/texlive/texmf-dist/tex/generic/pgf/basiclayer/pgfcorerdf.code.tex))
)
(/usr/share/texlive/texmf-dist/tex/generic/pgf/modules/pgfmoduleshapes.code.tex
) (/usr/share/texlive/texmf-dist/tex/generic/pgf/modules/pgfmoduleplot.code.tex
)
(/usr/share/texlive/texmf-dist/tex/latex/pgf/compatibility/pgfcomp-version-0-65
.sty)
(/usr/share/texlive/texmf-dist/tex/latex/pgf/compatibility/pgfcomp-version-1-18
.sty)) (/usr/share/texlive/texmf-dist/tex/latex/pgf/utilities/pgffor.sty
(/usr/share/texlive/texmf-dist/tex/latex/pgf/utilities/pgfkeys.sty
(/usr/share/texlive/texmf-dist/tex/generic/pgf/utilities/pgfkeys.code.tex))
(/usr/share/texlive/texmf-dist/tex/latex/pgf/math/pgfmath.sty
(/usr/share/texlive/texmf-dist/tex/generic/pgf/math/pgfmath.code.tex))
(/usr/share/texlive/texmf-dist/tex/generic/pgf/utilities/pgffor.code.tex))
(/usr/share/texlive/texmf-dist/tex/generic/pgf/frontendlayer/tikz/tikz.code.tex

(/usr/share/texlive/texmf-dist/tex/generic/pgf/libraries/pgflibraryplothandlers
.code.tex)
(/usr/share/texlive/texmf-dist/tex/generic/pgf/modules/pgfmodulematrix.code.tex
)
(/usr/share/texlive/texmf-dist/tex/generic/pgf/frontendlayer/tikz/libraries/tik
zlibrarytopaths.code.tex)))
(/usr/share/texlive/texmf-dist/tex/latex/tools/tabularx.sty
(/usr/share/texlive/texmf-dist/tex/latex/tools/array.sty))
(/usr/share/texlive/texmf-dist/tex/latex/fancyhdr/fancyhdr.sty)
(/usr/share/texlive/texmf-dist/tex/latex/needspace/needspace.sty)
(/usr/share/texlive/texmf-dist/tex/latex/tools/multicol.sty)
(/usr/share/texlive/texmf-dist/tex/latex/enumitem/enumitem.sty)
(./report_latex.aux) (/usr/share/texlive/texmf-dist/tex/latex/base/ts1cmr.fd)
*geometry* driver: auto-detecting
*geometry* detected driver: xetex
[1] [2]
Underfull \hbox (badness 5862) in paragraph at lines 103--103
\TU/NotoSansCJKSC(0)/m/n/9 but the path to commercial power remains long and
[3] [4] [5] [6] [7]
Underfull \hbox (badness 10000) in paragraph at lines 186--186
[]\TU/NotoSansCJKSC(0)/m/n/17 Should we commit $200

Underfull \hbox (badness 10000) in paragraph at lines 186--186
\TU/NotoSansCJKSC(0)/m/n/17 is demonstrated and risk

Underfull \hbox (badness 1394) in paragraph at lines 188--188
[]\TU/NotoSansCJKSC(0)/m/n/9 Your organization is a major energy utility with a
 growing

Underfull \hbox (badness 2229) in paragraph at lines 189--189
[]\TU/NotoSansCJKSC(0)/b/n/9 Proceed with a scaled-down investment of $50 milli
on

Underfull \hbox (badness 5970) in paragraph at lines 189--189
\TU/NotoSansCJKSC(0)/b/n/9 with clear milestones and a right of first refusal f
or
[8] [9] [10] [11] [12] [13] [14] [15] [16] [17] [18]
Underfull \hbox (badness 1019) in paragraph at lines 386--387
\TU/NotoSansCJKSC(0)/m/n/9 track technical milestones, regulatory developments,


Underfull \hbox (badness 4229) in paragraph at lines 387--388
\TU/NotoSansCJKSC(0)/m/n/9 on your organization’s energy portfolio, including

Underfull \hbox (badness 2951) in paragraph at lines 394--395
[]\TU/NotoSansCJKSC(0)/m/n/9 Technical failure or significant delay in achievin
g

Underfull \hbox (badness 2343) in paragraph at lines 395--396
\TU/NotoSansCJKSC(0)/m/n/9 for solar or wind LCOE falls below $20 per MWh

Underfull \hbox (badness 3557) in paragraph at lines 395--396
\TU/NotoSansCJKSC(0)/m/n/9 with 24/7 availability via storage.. Focus fusion

Underfull \hbox (badness 3635) in paragraph at lines 397--398
[]\TU/NotoSansCJKSC(0)/m/n/9 Geopolitical tensions disrupt international collab
-

Underfull \hbox (badness 3039) in paragraph at lines 397--398
\TU/NotoSansCJKSC(0)/m/n/9 oration on fusion projects like ITER.. Watch for
[19] [20] [21] (./report_latex.aux) )
(see the transcript file for additional information)
Output written on report_latex.pdf (21 pages).
Transcript written on report_latex.log.
