/texlive/texmf-dist/tex/generic/pgf/modules/pgfmodulematrix.code.tex
)
(/usr/share/texlive/texmf-dist/tex/generic/pgf/frontendlayer/tikz/libraries/tik
zlibrarytopaths.code.tex)))
(/usr/share/texlive/texmf-dist/tex/latex/tools/tabularx.sty
(/usr/share/texlive/texmf-dist/tex/latex/tools/array.sty))
(/usr/share/texlive/texmf-dist/tex/latex/fancyhdr/fancyhdr.sty)
(/usr/share/texlive/texmf-dist/tex/latex/needspace/needspace.sty)
(/usr/share/texlive/texmf-dist/tex/latex/tools/multicol.sty)
(/usr/share/texlive/texmf-dist/tex/latex/enumitem/enumitem.sty)
No file report_latex.aux.
(/usr/share/texlive/texmf-dist/tex/latex/base/ts1cmr.fd)
*geometry* driver: auto-detecting
*geometry* detected driver: xetex
[1] [2]
Underfull \hbox (badness 2189) in paragraph at lines 103--103
\TU/NotoSansCJKSC(0)/m/n/9 engineering demonstration, with private capital acce
ler-

Underfull \hbox (badness 6268) in paragraph at lines 103--103
\TU/NotoSansCJKSC(0)/m/n/9 ating timelines that were once solely government-led
.

Underfull \hbox (badness 7397) in paragraph at lines 103--103
\TU/NotoSansCJKSC(0)/m/n/9 The commercial case hinges on achieving cost parity

Underfull \hbox (badness 1087) in paragraph at lines 103--103
\TU/NotoSansCJKSC(0)/m/n/9 The available public record is limited by the early 
stage

Underfull \hbox (badness 7186) in paragraph at lines 103--103
\TU/NotoSansCJKSC(0)/m/n/9 of the industry and the scarcity of verified cost an
d

Underfull \hbox (badness 3547) in paragraph at lines 103--103
\TU/NotoSansCJKSC(0)/m/n/9 performance data. Key risks include technical delays
,

Underfull \hbox (badness 1052) in paragraph at lines 103--103
\TU/NotoSansCJKSC(0)/m/n/9 cost overruns, and competition from other clean ener
gy

Underfull \hbox (badness 4819) in paragraph at lines 109--110
[]\TU/NotoSansCJKSC(0)/m/n/8 Key risks include technical delays, cost overruns,
 and
[3] [4] [5] [6] [7]
Underfull \hbox (badness 10000) in paragraph at lines 184--184
[]\TU/NotoSansCJKSC(0)/m/n/17 Should we invest $200

Underfull \hbox (badness 6608) in paragraph at lines 184--184
\TU/NotoSansCJKSC(0)/m/n/17 million in fusion now, or

Underfull \hbox (badness 10000) in paragraph at lines 184--184
\TU/NotoSansCJKSC(0)/m/n/17 demonstrated, potentially

Underfull \hbox (badness 1584) in paragraph at lines 187--187
[]\TU/NotoSansCJKSC(0)/b/n/9 Invest a smaller amount ($20-50 million) as a stra
tegic

Underfull \hbox (badness 1648) in paragraph at lines 188--188
[]\TU/NotoSansCJKSC(0)/m/n/8 Ensure the investment does not create a conflict o
f interest with

Underfull \hbox (badness 1158) in paragraph at lines 188--188
\TU/NotoSansCJKSC(0)/m/n/8 rate and technical progress closely. Be prepared to 
write off the
[8] [9] [10] [11] [12] [13] [14] [15] [16] [17] [18]
Underfull \hbox (badness 4846) in paragraph at lines 382--383
[]\TU/NotoSansCJKSC(0)/m/n/9 Build an evidence ledger for Nuclear Fusion Com-

Underfull \hbox (badness 3977) in paragraph at lines 387--388
[]\TU/NotoSansCJKSC(0)/m/n/9 Technical risk: Fusion may fail to achieve com-

Underfull \hbox (badness 2521) in paragraph at lines 387--388
\TU/NotoSansCJKSC(0)/m/n/9 mercially viable net energy gain within projected

Underfull \hbox (badness 1715) in paragraph at lines 387--388
\TU/NotoSansCJKSC(0)/m/n/9 timelines.. Watch for delays in ITER first plasma

Underfull \hbox (badness 4479) in paragraph at lines 388--389
[]\TU/NotoSansCJKSC(0)/m/n/9 Economic risk: Fusion costs may remain higher

Underfull \hbox (badness 7888) in paragraph at lines 388--389
\TU/NotoSansCJKSC(0)/m/n/9 market adoption.. Watch for levelized cost of

Underfull \hbox (badness 7030) in paragraph at lines 390--391
\TU/NotoSansCJKSC(0)/m/n/9 ities if only a few nations control the technol-
[19] [20] [21] (./report_latex.aux)

LaTeX Warning: Label(s) may have changed. Rerun to get cross-references right.

 )
(see the transcript file for additional information)
Output written on report_latex.pdf (21 pages).
Transcript written on report_latex.log.
live/texmf-dist/tex/generic/pgf/libraries/pgflibraryplothandlers
.code.tex)
(/usr/share/texlive/texmf-dist/tex/generic/pgf/modules/pgfmodulematrix.code.tex
)
(/usr/share/texlive/texmf-dist/tex/generic/pgf/frontendlayer/tikz/libraries/tik
zlibrarytopaths.code.tex)))
(/usr/share/texlive/texmf-dist/tex/latex/tools/tabularx.sty
(/usr/share/texlive/texmf-dist/tex/latex/tools/array.sty))
(/usr/share/texlive/texmf-dist/tex/latex/fancyhdr/fancyhdr.sty)
(/usr/share/texlive/texmf-dist/tex/latex/needspace/needspace.sty)
(/usr/share/texlive/texmf-dist/tex/latex/tools/multicol.sty)
(/usr/share/texlive/texmf-dist/tex/latex/enumitem/enumitem.sty)
(./report_latex.aux) (/usr/share/texlive/texmf-dist/tex/latex/base/ts1cmr.fd)
*geometry* driver: auto-detecting
*geometry* detected driver: xetex
[1] [2]
Underfull \hbox (badness 2189) in paragraph at lines 103--103
\TU/NotoSansCJKSC(0)/m/n/9 engineering demonstration, with private capital acce
ler-

Underfull \hbox (badness 6268) in paragraph at lines 103--103
\TU/NotoSansCJKSC(0)/m/n/9 ating timelines that were once solely government-led
.

Underfull \hbox (badness 7397) in paragraph at lines 103--103
\TU/NotoSansCJKSC(0)/m/n/9 The commercial case hinges on achieving cost parity

Underfull \hbox (badness 1087) in paragraph at lines 103--103
\TU/NotoSansCJKSC(0)/m/n/9 The available public record is limited by the early 
stage

Underfull \hbox (badness 7186) in paragraph at lines 103--103
\TU/NotoSansCJKSC(0)/m/n/9 of the industry and the scarcity of verified cost an
d

Underfull \hbox (badness 3547) in paragraph at lines 103--103
\TU/NotoSansCJKSC(0)/m/n/9 performance data. Key risks include technical delays
,

Underfull \hbox (badness 1052) in paragraph at lines 103--103
\TU/NotoSansCJKSC(0)/m/n/9 cost overruns, and competition from other clean ener
gy

Underfull \hbox (badness 4819) in paragraph at lines 109--110
[]\TU/NotoSansCJKSC(0)/m/n/8 Key risks include technical delays, cost overruns,
 and
[3] [4] [5] [6] [7]
Underfull \hbox (badness 10000) in paragraph at lines 184--184
[]\TU/NotoSansCJKSC(0)/m/n/17 Should we invest $200

Underfull \hbox (badness 6608) in paragraph at lines 184--184
\TU/NotoSansCJKSC(0)/m/n/17 million in fusion now, or

Underfull \hbox (badness 10000) in paragraph at lines 184--184
\TU/NotoSansCJKSC(0)/m/n/17 demonstrated, potentially

Underfull \hbox (badness 1584) in paragraph at lines 187--187
[]\TU/NotoSansCJKSC(0)/b/n/9 Invest a smaller amount ($20-50 million) as a stra
tegic

Underfull \hbox (badness 1648) in paragraph at lines 188--188
[]\TU/NotoSansCJKSC(0)/m/n/8 Ensure the investment does not create a conflict o
f interest with

Underfull \hbox (badness 1158) in paragraph at lines 188--188
\TU/NotoSansCJKSC(0)/m/n/8 rate and technical progress closely. Be prepared to 
write off the
[8] [9] [10] [11] [12] [13] [14] [15] [16] [17] [18]
Underfull \hbox (badness 4846) in paragraph at lines 382--383
[]\TU/NotoSansCJKSC(0)/m/n/9 Build an evidence ledger for Nuclear Fusion Com-

Underfull \hbox (badness 3977) in paragraph at lines 387--388
[]\TU/NotoSansCJKSC(0)/m/n/9 Technical risk: Fusion may fail to achieve com-

Underfull \hbox (badness 2521) in paragraph at lines 387--388
\TU/NotoSansCJKSC(0)/m/n/9 mercially viable net energy gain within projected

Underfull \hbox (badness 1715) in paragraph at lines 387--388
\TU/NotoSansCJKSC(0)/m/n/9 timelines.. Watch for delays in ITER first plasma

Underfull \hbox (badness 4479) in paragraph at lines 388--389
[]\TU/NotoSansCJKSC(0)/m/n/9 Economic risk: Fusion costs may remain higher

Underfull \hbox (badness 7888) in paragraph at lines 388--389
\TU/NotoSansCJKSC(0)/m/n/9 market adoption.. Watch for levelized cost of

Underfull \hbox (badness 7030) in paragraph at lines 390--391
\TU/NotoSansCJKSC(0)/m/n/9 ities if only a few nations control the technol-
[19] [20] [21] (./report_latex.aux) )
(see the transcript file for additional information)
Output written on report_latex.pdf (21 pages).
Transcript written on report_latex.log.
