e/texmf-dist/tex/generic/pgf/utilities/pgfkeys.code.tex))
(/usr/share/texlive/texmf-dist/tex/latex/pgf/math/pgfmath.sty
(/usr/share/texlive/texmf-dist/tex/generic/pgf/math/pgfmath.code.tex))
(/usr/share/texlive/texmf-dist/tex/generic/pgf/utilities/pgffor.code.tex))
(/usr/share/texlive/texmf-dist/tex/generic/pgf/frontendlayer/tikz/tikz.code.tex

(/usr/share/texlive/texmf-dist/tex/generic/pgf/libraries/pgflibraryplothandlers
.code.tex)
(/usr/share/texlive/texmf-dist/tex/generic/pgf/modules/pgfmodulematrix.code.tex
)
(/usr/share/texlive/texmf-dist/tex/generic/pgf/frontendlayer/tikz/libraries/tik
zlibrarytopaths.code.tex)))
(/usr/share/texlive/texmf-dist/tex/latex/tools/tabularx.sty
(/usr/share/texlive/texmf-dist/tex/latex/tools/array.sty))
(/usr/share/texlive/texmf-dist/tex/latex/fancyhdr/fancyhdr.sty)
(/usr/share/texlive/texmf-dist/tex/latex/needspace/needspace.sty)
(/usr/share/texlive/texmf-dist/tex/latex/tools/multicol.sty)
(/usr/share/texlive/texmf-dist/tex/latex/enumitem/enumitem.sty)
No file report_latex.aux.
(/usr/share/texlive/texmf-dist/tex/latex/base/ts1cmr.fd)
*geometry* driver: auto-detecting
*geometry* detected driver: xetex
[1] [2]
Underfull \hbox (badness 10000) in paragraph at lines 90--90
[]\TU/NotoSansCJKSC(0)/m/n/17 Nuclear fusion energy

Underfull \hbox (badness 10000) in paragraph at lines 90--90
\TU/NotoSansCJKSC(0)/m/n/17 is approaching a critical

Underfull \hbox (badness 10000) in paragraph at lines 91--91
[]\TU/NotoSansCJKSC(0)/m/n/9 Nuclear fusion energy is approaching a critical

Underfull \hbox (badness 1590) in paragraph at lines 91--91
\TU/NotoSansCJKSC(0)/m/n/9 remains at least a decade away, and first-of-a-kind

Underfull \hbox (badness 5302) in paragraph at lines 91--91
\TU/NotoSansCJKSC(0)/m/n/9 for early engagement hinges on the potential for

Underfull \hbox (badness 1383) in paragraph at lines 91--91
\TU/NotoSansCJKSC(0)/m/n/9 fusion to provide baseload, low-carbon power with

Underfull \hbox (badness 1152) in paragraph at lines 91--91
\TU/NotoSansCJKSC(0)/m/n/9 unlimited fuel and minimal long-lived waste, which

Underfull \hbox (badness 2126) in paragraph at lines 91--91
\TU/NotoSansCJKSC(0)/m/n/9 Key uncertainties include tritium breeding viability
,

Underfull \hbox (badness 1546) in paragraph at lines 91--91
\TU/NotoSansCJKSC(0)/m/n/9 materials performance under neutron flux, and the

Underfull \hbox (badness 2351) in paragraph at lines 91--91
\TU/NotoSansCJKSC(0)/m/n/9 small-scale investments in leading private ventures

Underfull \hbox (badness 10000) in paragraph at lines 91--91
\TU/NotoSansCJKSC(0)/m/n/9 the evidence pack\TU/DejaVuSans(0)/m/n/9 '\TU/NotoSa
nsCJKSC(0)/m/n/9 s limitations-zero authoritative

Underfull \hbox (badness 1308) in paragraph at lines 91--91
\TU/NotoSansCJKSC(0)/m/n/9 must be treated as directional; decision milestones

Underfull \hbox (badness 1527) in paragraph at lines 93--93
\TU/NotoSansCJKSC(0)/m/n/9 potential for fusion to provide baseload, low-carbon


Underfull \hbox (badness 3343) in paragraph at lines 93--93
\TU/NotoSansCJKSC(0)/m/n/9 which could reshape geopolitics and energy supply

Underfull \hbox (badness 4036) in paragraph at lines 93--93
\TU/NotoSansCJKSC(0)/m/n/9 chains. Key uncertainties include tritium breeding

Underfull \hbox (badness 5893) in paragraph at lines 93--93
\TU/NotoSansCJKSC(0)/m/n/9 small-scale investments in leading private ventures

Underfull \hbox (badness 1043) in paragraph at lines 93--93
\TU/NotoSansCJKSC(0)/m/n/9 and policy engagement, while deferring large capital


Underfull \hbox (badness 2744) in paragraph at lines 93--93
\TU/NotoSansCJKSC(0)/m/n/9 commitments until technical milestones (e.g., Q>10,
[3] [4] [5] [6] [7] [8] [9] [10] [11] [12] [13] [14] [15] [16] [17] [18]
[19] (./report_latex.aux)

LaTeX Warning: Label(s) may have changed. Rerun to get cross-references right.

 )
(see the transcript file for additional information)
Output written on report_latex.pdf (19 pages).
Transcript written on report_latex.log.
y
(/usr/share/texlive/texmf-dist/tex/latex/pgf/utilities/pgfkeys.sty
(/usr/share/texlive/texmf-dist/tex/generic/pgf/utilities/pgfkeys.code.tex))
(/usr/share/texlive/texmf-dist/tex/latex/pgf/math/pgfmath.sty
(/usr/share/texlive/texmf-dist/tex/generic/pgf/math/pgfmath.code.tex))
(/usr/share/texlive/texmf-dist/tex/generic/pgf/utilities/pgffor.code.tex))
(/usr/share/texlive/texmf-dist/tex/generic/pgf/frontendlayer/tikz/tikz.code.tex

(/usr/share/texlive/texmf-dist/tex/generic/pgf/libraries/pgflibraryplothandlers
.code.tex)
(/usr/share/texlive/texmf-dist/tex/generic/pgf/modules/pgfmodulematrix.code.tex
)
(/usr/share/texlive/texmf-dist/tex/generic/pgf/frontendlayer/tikz/libraries/tik
zlibrarytopaths.code.tex)))
(/usr/share/texlive/texmf-dist/tex/latex/tools/tabularx.sty
(/usr/share/texlive/texmf-dist/tex/latex/tools/array.sty))
(/usr/share/texlive/texmf-dist/tex/latex/fancyhdr/fancyhdr.sty)
(/usr/share/texlive/texmf-dist/tex/latex/needspace/needspace.sty)
(/usr/share/texlive/texmf-dist/tex/latex/tools/multicol.sty)
(/usr/share/texlive/texmf-dist/tex/latex/enumitem/enumitem.sty)
(./report_latex.aux) (/usr/share/texlive/texmf-dist/tex/latex/base/ts1cmr.fd)
*geometry* driver: auto-detecting
*geometry* detected driver: xetex
[1] [2]
Underfull \hbox (badness 10000) in paragraph at lines 90--90
[]\TU/NotoSansCJKSC(0)/m/n/17 Nuclear fusion energy

Underfull \hbox (badness 10000) in paragraph at lines 90--90
\TU/NotoSansCJKSC(0)/m/n/17 is approaching a critical

Underfull \hbox (badness 10000) in paragraph at lines 91--91
[]\TU/NotoSansCJKSC(0)/m/n/9 Nuclear fusion energy is approaching a critical

Underfull \hbox (badness 1590) in paragraph at lines 91--91
\TU/NotoSansCJKSC(0)/m/n/9 remains at least a decade away, and first-of-a-kind

Underfull \hbox (badness 5302) in paragraph at lines 91--91
\TU/NotoSansCJKSC(0)/m/n/9 for early engagement hinges on the potential for

Underfull \hbox (badness 1383) in paragraph at lines 91--91
\TU/NotoSansCJKSC(0)/m/n/9 fusion to provide baseload, low-carbon power with

Underfull \hbox (badness 1152) in paragraph at lines 91--91
\TU/NotoSansCJKSC(0)/m/n/9 unlimited fuel and minimal long-lived waste, which

Underfull \hbox (badness 2126) in paragraph at lines 91--91
\TU/NotoSansCJKSC(0)/m/n/9 Key uncertainties include tritium breeding viability
,

Underfull \hbox (badness 1546) in paragraph at lines 91--91
\TU/NotoSansCJKSC(0)/m/n/9 materials performance under neutron flux, and the

Underfull \hbox (badness 2351) in paragraph at lines 91--91
\TU/NotoSansCJKSC(0)/m/n/9 small-scale investments in leading private ventures

Underfull \hbox (badness 10000) in paragraph at lines 91--91
\TU/NotoSansCJKSC(0)/m/n/9 the evidence pack\TU/DejaVuSans(0)/m/n/9 '\TU/NotoSa
nsCJKSC(0)/m/n/9 s limitations-zero authoritative

Underfull \hbox (badness 1308) in paragraph at lines 91--91
\TU/NotoSansCJKSC(0)/m/n/9 must be treated as directional; decision milestones

Underfull \hbox (badness 1527) in paragraph at lines 93--93
\TU/NotoSansCJKSC(0)/m/n/9 potential for fusion to provide baseload, low-carbon


Underfull \hbox (badness 3343) in paragraph at lines 93--93
\TU/NotoSansCJKSC(0)/m/n/9 which could reshape geopolitics and energy supply

Underfull \hbox (badness 4036) in paragraph at lines 93--93
\TU/NotoSansCJKSC(0)/m/n/9 chains. Key uncertainties include tritium breeding

Underfull \hbox (badness 5893) in paragraph at lines 93--93
\TU/NotoSansCJKSC(0)/m/n/9 small-scale investments in leading private ventures

Underfull \hbox (badness 1043) in paragraph at lines 93--93
\TU/NotoSansCJKSC(0)/m/n/9 and policy engagement, while deferring large capital


Underfull \hbox (badness 2744) in paragraph at lines 93--93
\TU/NotoSansCJKSC(0)/m/n/9 commitments until technical milestones (e.g., Q>10,
[3] [4] [5] [6] [7] [8] [9] [10] [11] [12] [13] [14] [15] [16] [17] [18]
[19] (./report_latex.aux) )
(see the transcript file for additional information)
Output written on report_latex.pdf (19 pages).
Transcript written on report_latex.log.
