/tex/latex/pgf/utilities/pgfkeys.sty
(/usr/share/texlive/texmf-dist/tex/generic/pgf/utilities/pgfkeys.code.tex))
(/usr/share/texlive/texmf-dist/tex/latex/pgf/math/pgfmath.sty
(/usr/share/texlive/texmf-dist/tex/generic/pgf/math/pgfmath.code.tex))
(/usr/share/texlive/texmf-dist/tex/generic/pgf/utilities/pgffor.code.tex))
(/usr/share/texlive/texmf-dist/tex/generic/pgf/frontendlayer/tikz/tikz.code.tex

(/usr/share/texlive/texmf-dist/tex/generic/pgf/libraries/pgflibraryplothandlers
.code.tex)
(/usr/share/texlive/texmf-dist/tex/generic/pgf/modules/pgfmodulematrix.code.tex
)
(/usr/share/texlive/texmf-dist/tex/generic/pgf/frontendlayer/tikz/libraries/tik
zlibrarytopaths.code.tex)))
(/usr/share/texlive/texmf-dist/tex/latex/tools/tabularx.sty
(/usr/share/texlive/texmf-dist/tex/latex/tools/array.sty))
(/usr/share/texlive/texmf-dist/tex/latex/fancyhdr/fancyhdr.sty)
(/usr/share/texlive/texmf-dist/tex/latex/needspace/needspace.sty)
(/usr/share/texlive/texmf-dist/tex/latex/tools/multicol.sty)
(/usr/share/texlive/texmf-dist/tex/latex/enumitem/enumitem.sty)
No file report_latex.aux.
(/usr/share/texlive/texmf-dist/tex/latex/base/ts1cmr.fd)
*geometry* driver: auto-detecting
*geometry* detected driver: xetex
[1] [2]
Underfull \hbox (badness 6094) in paragraph at lines 90--90
\TU/NotoSansCJKSC(0)/m/n/17 commercially viable within

Underfull \hbox (badness 7433) in paragraph at lines 91--91
[]\TU/NotoSansCJKSC(0)/m/n/9 Nuclear fusion energy is not commercially viable

Underfull \hbox (badness 4673) in paragraph at lines 91--91
\TU/NotoSansCJKSC(0)/m/n/9 within the next 10 years, but significant progress

Underfull \hbox (badness 10000) in paragraph at lines 91--91
\TU/NotoSansCJKSC(0)/m/n/9 not near-term cost parity with solar and wind.

Underfull \hbox (badness 10000) in paragraph at lines 91--91
\TU/NotoSansCJKSC(0)/m/n/9 Private investment has surged, yet fundamental

Underfull \hbox (badness 10000) in paragraph at lines 91--91
\TU/NotoSansCJKSC(0)/m/n/9 physics hurdles, unresolved tritium supply, and

Underfull \hbox (badness 1019) in paragraph at lines 91--91
\TU/NotoSansCJKSC(0)/m/n/9 organizations, the decision is not whether to invest


Underfull \hbox (badness 3168) in paragraph at lines 91--91
\TU/NotoSansCJKSC(0)/m/n/9 avoiding overcommitment. Immediate next steps:

Underfull \hbox (badness 7540) in paragraph at lines 91--91
\TU/NotoSansCJKSC(0)/m/n/9 monitor key milestones (SPARC, ITER), engage in

Underfull \hbox (badness 10000) in paragraph at lines 91--91
\TU/NotoSansCJKSC(0)/m/n/9 is not whether Nuclear fusion commercialization

Underfull \hbox (badness 10000) in paragraph at lines 91--91
\TU/NotoSansCJKSC(0)/m/n/9 facts, directional scenarios and missing diligence

Underfull \hbox (badness 10000) in paragraph at lines 91--91
\TU/NotoSansCJKSC(0)/m/n/9 items before committing capital, partnerships or

Underfull \hbox (badness 10000) in paragraph at lines 91--91
\TU/NotoSansCJKSC(0)/m/n/9 technical evidence into revenue potential, cost

Underfull \hbox (badness 1769) in paragraph at lines 93--93
\TU/NotoSansCJKSC(0)/m/n/9 commercialization outlook and strategic implications


Underfull \hbox (badness 10000) in paragraph at lines 93--93
\TU/NotoSansCJKSC(0)/m/n/9 separate verified facts, directional scenarios and

Underfull \hbox (badness 10000) in paragraph at lines 93--93
\TU/NotoSansCJKSC(0)/m/n/9 missing diligence items before committing capital,

Underfull \hbox (badness 2213) in paragraph at lines 93--93
\TU/NotoSansCJKSC(0)/m/n/9 partnerships or market-entry resources. The report

Underfull \hbox (badness 10000) in paragraph at lines 93--93
\TU/NotoSansCJKSC(0)/m/n/9 should translate technical evidence into revenue
[3] [4] [5] [6] [7] [8] [9] [10] [11] [12] [13] [14] [15] [16] [17] [18]
(./report_latex.aux)

LaTeX Warning: Label(s) may have changed. Rerun to get cross-references right.

 )
(see the transcript file for additional information)
Output written on report_latex.pdf (18 pages).
Transcript written on report_latex.log.
re/texlive/texmf-dist/tex/latex/pgf/utilities/pgffor.sty
(/usr/share/texlive/texmf-dist/tex/latex/pgf/utilities/pgfkeys.sty
(/usr/share/texlive/texmf-dist/tex/generic/pgf/utilities/pgfkeys.code.tex))
(/usr/share/texlive/texmf-dist/tex/latex/pgf/math/pgfmath.sty
(/usr/share/texlive/texmf-dist/tex/generic/pgf/math/pgfmath.code.tex))
(/usr/share/texlive/texmf-dist/tex/generic/pgf/utilities/pgffor.code.tex))
(/usr/share/texlive/texmf-dist/tex/generic/pgf/frontendlayer/tikz/tikz.code.tex

(/usr/share/texlive/texmf-dist/tex/generic/pgf/libraries/pgflibraryplothandlers
.code.tex)
(/usr/share/texlive/texmf-dist/tex/generic/pgf/modules/pgfmodulematrix.code.tex
)
(/usr/share/texlive/texmf-dist/tex/generic/pgf/frontendlayer/tikz/libraries/tik
zlibrarytopaths.code.tex)))
(/usr/share/texlive/texmf-dist/tex/latex/tools/tabularx.sty
(/usr/share/texlive/texmf-dist/tex/latex/tools/array.sty))
(/usr/share/texlive/texmf-dist/tex/latex/fancyhdr/fancyhdr.sty)
(/usr/share/texlive/texmf-dist/tex/latex/needspace/needspace.sty)
(/usr/share/texlive/texmf-dist/tex/latex/tools/multicol.sty)
(/usr/share/texlive/texmf-dist/tex/latex/enumitem/enumitem.sty)
(./report_latex.aux) (/usr/share/texlive/texmf-dist/tex/latex/base/ts1cmr.fd)
*geometry* driver: auto-detecting
*geometry* detected driver: xetex
[1] [2]
Underfull \hbox (badness 6094) in paragraph at lines 90--90
\TU/NotoSansCJKSC(0)/m/n/17 commercially viable within

Underfull \hbox (badness 7433) in paragraph at lines 91--91
[]\TU/NotoSansCJKSC(0)/m/n/9 Nuclear fusion energy is not commercially viable

Underfull \hbox (badness 4673) in paragraph at lines 91--91
\TU/NotoSansCJKSC(0)/m/n/9 within the next 10 years, but significant progress

Underfull \hbox (badness 10000) in paragraph at lines 91--91
\TU/NotoSansCJKSC(0)/m/n/9 not near-term cost parity with solar and wind.

Underfull \hbox (badness 10000) in paragraph at lines 91--91
\TU/NotoSansCJKSC(0)/m/n/9 Private investment has surged, yet fundamental

Underfull \hbox (badness 10000) in paragraph at lines 91--91
\TU/NotoSansCJKSC(0)/m/n/9 physics hurdles, unresolved tritium supply, and

Underfull \hbox (badness 1019) in paragraph at lines 91--91
\TU/NotoSansCJKSC(0)/m/n/9 organizations, the decision is not whether to invest


Underfull \hbox (badness 3168) in paragraph at lines 91--91
\TU/NotoSansCJKSC(0)/m/n/9 avoiding overcommitment. Immediate next steps:

Underfull \hbox (badness 7540) in paragraph at lines 91--91
\TU/NotoSansCJKSC(0)/m/n/9 monitor key milestones (SPARC, ITER), engage in

Underfull \hbox (badness 10000) in paragraph at lines 91--91
\TU/NotoSansCJKSC(0)/m/n/9 is not whether Nuclear fusion commercialization

Underfull \hbox (badness 10000) in paragraph at lines 91--91
\TU/NotoSansCJKSC(0)/m/n/9 facts, directional scenarios and missing diligence

Underfull \hbox (badness 10000) in paragraph at lines 91--91
\TU/NotoSansCJKSC(0)/m/n/9 items before committing capital, partnerships or

Underfull \hbox (badness 10000) in paragraph at lines 91--91
\TU/NotoSansCJKSC(0)/m/n/9 technical evidence into revenue potential, cost

Underfull \hbox (badness 1769) in paragraph at lines 93--93
\TU/NotoSansCJKSC(0)/m/n/9 commercialization outlook and strategic implications


Underfull \hbox (badness 10000) in paragraph at lines 93--93
\TU/NotoSansCJKSC(0)/m/n/9 separate verified facts, directional scenarios and

Underfull \hbox (badness 10000) in paragraph at lines 93--93
\TU/NotoSansCJKSC(0)/m/n/9 missing diligence items before committing capital,

Underfull \hbox (badness 2213) in paragraph at lines 93--93
\TU/NotoSansCJKSC(0)/m/n/9 partnerships or market-entry resources. The report

Underfull \hbox (badness 10000) in paragraph at lines 93--93
\TU/NotoSansCJKSC(0)/m/n/9 should translate technical evidence into revenue
[3] [4] [5] [6] [7] [8] [9] [10] [11] [12] [13] [14] [15] [16] [17] [18]
(./report_latex.aux) )
(see the transcript file for additional information)
Output written on report_latex.pdf (18 pages).
Transcript written on report_latex.log.
