 2653) in paragraph at lines 93--93
\TU/NotoSansCJKSC(0)/m/n/9 by 2050) face stiff competition from rapidly falling


Underfull \hbox (badness 3343) in paragraph at lines 93--93
\TU/NotoSansCJKSC(0)/m/n/9 may lie in baseload, industrial heat, or hydrogen.

Underfull \hbox (badness 4479) in paragraph at lines 93--93
\TU/NotoSansCJKSC(0)/m/n/9 NRC developing rules); proactive engagement can

Underfull \hbox (badness 10000) in paragraph at lines 95--95
[]\TU/NotoSansCJKSC(0)/m/n/9 Private fusion companies target pilot plants by

Underfull \hbox (badness 3019) in paragraph at lines 95--95
\TU/NotoSansCJKSC(0)/m/n/9 2030-2035, but historical timelines (e.g., ITER) hav
e

Underfull \hbox (badness 10000) in paragraph at lines 95--95
\TU/NotoSansCJKSC(0)/m/n/9 slipped repeatedly; a phased, milestone-based

Underfull \hbox (badness 10000) in paragraph at lines 95--95
\TU/NotoSansCJKSC(0)/m/n/9 investment approach is essential. Fusion LCOE

Underfull \hbox (badness 10000) in paragraph at lines 95--95
\TU/NotoSansCJKSC(0)/m/n/9 projections ($50-100+/MWh by 2050) face stiff

Underfull \hbox (badness 2818) in paragraph at lines 95--95
\TU/NotoSansCJKSC(0)/m/n/9 bottleneck; early movers in breeding technology or
[3]
Underfull \hbox (badness 5519) in paragraph at lines 111--111
\TU/NotoSansCJKSC(0)/m/n/9 and economic hurdles remain. In December 2022,

Underfull \hbox (badness 7256) in paragraph at lines 111--111
\TU/NotoSansCJKSC(0)/m/n/9 However, this was a single-shot experiment, not a

Underfull \hbox (badness 2790) in paragraph at lines 111--111
\TU/NotoSansCJKSC(0)/m/n/9 plasma confinement, materials, and tritium breeding

Underfull \hbox (badness 4341) in paragraph at lines 112--112
[]\TU/NotoSansCJKSC(0)/m/n/9 Fusion\TU/DejaVuSans(0)/m/n/9 '\TU/NotoSansCJKSC(0
)/m/n/9 s levelized cost of electricity (LCOE) is highly

Underfull \hbox (badness 10000) in paragraph at lines 112--112
\TU/NotoSansCJKSC(0)/m/n/9 uncertain and may not compete with renewables.

Underfull \hbox (badness 4441) in paragraph at lines 112--112
\TU/NotoSansCJKSC(0)/m/n/9 Projections for fusion LCOE range from $50/MWh to

Underfull \hbox (badness 1360) in paragraph at lines 112--112
\TU/NotoSansCJKSC(0)/m/n/9 due to complex reactor systems. Fusion may not be

Underfull \hbox (badness 10000) in paragraph at lines 114--114
[]\TU/NotoSansCJKSC(0)/m/n/9 Private fusion companies are targeting pilot plant
s

Underfull \hbox (badness 3780) in paragraph at lines 114--114
\TU/NotoSansCJKSC(0)/m/n/9 in the 2030s, but timelines are uncertain. Multiple

Underfull \hbox (badness 10000) in paragraph at lines 114--114
\TU/NotoSansCJKSC(0)/m/n/9 private firms (e.g., Commonwealth Fusion Systems,

Underfull \hbox (badness 3000) in paragraph at lines 114--114
\TU/NotoSansCJKSC(0)/m/n/9 TAE Technologies, Helion) have announced plans for

Underfull \hbox (badness 1418) in paragraph at lines 114--114
\TU/NotoSansCJKSC(0)/m/n/9 pilot plants by 2030-2035. However, historical fusio
n

Underfull \hbox (badness 6559) in paragraph at lines 115--115
\TU/NotoSansCJKSC(0)/m/n/9 efficient breeding technologies will have a strategi
c
[4] [5] [6] [7] [8] [9] [10] [11] [12] [13] [14] [15] [16] [17] [18] [19]
[20]
Underfull \hbox (badness 10000) in paragraph at lines 726--726
\TU/NotoSansCJKSC(0)/m/n/16 it changes a management

Underfull \hbox (badness 10000) in paragraph at lines 732--732
[]|\TU/NotoSansCJKSC(0)/b/n/9 This report was

Underfull \hbox (badness 10000) in paragraph at lines 732--732
\TU/NotoSansCJKSC(0)/b/n/9 prepared by the

Underfull \hbox (badness 10000) in paragraph at lines 732--732
\TU/NotoSansCJKSC(0)/b/n/9 Strategic Energy

Underfull \hbox (badness 4353) in paragraph at lines 732--732
\TU/NotoSansCJKSC(0)/b/n/9 Research Group, a
[21] [22] (./report_latex.aux)

LaTeX Warning: Label(s) may have changed. Rerun to get cross-references right.

 )
(see the transcript file for additional information)
Output written on report_latex.pdf (22 pages).
Transcript written on report_latex.log.
)/m/n/9 essential. Fusion LCOE projections ($50-100+/MWh

Underfull \hbox (badness 2653) in paragraph at lines 93--93
\TU/NotoSansCJKSC(0)/m/n/9 by 2050) face stiff competition from rapidly falling


Underfull \hbox (badness 3343) in paragraph at lines 93--93
\TU/NotoSansCJKSC(0)/m/n/9 may lie in baseload, industrial heat, or hydrogen.

Underfull \hbox (badness 4479) in paragraph at lines 93--93
\TU/NotoSansCJKSC(0)/m/n/9 NRC developing rules); proactive engagement can

Underfull \hbox (badness 10000) in paragraph at lines 95--95
[]\TU/NotoSansCJKSC(0)/m/n/9 Private fusion companies target pilot plants by

Underfull \hbox (badness 3019) in paragraph at lines 95--95
\TU/NotoSansCJKSC(0)/m/n/9 2030-2035, but historical timelines (e.g., ITER) hav
e

Underfull \hbox (badness 10000) in paragraph at lines 95--95
\TU/NotoSansCJKSC(0)/m/n/9 slipped repeatedly; a phased, milestone-based

Underfull \hbox (badness 10000) in paragraph at lines 95--95
\TU/NotoSansCJKSC(0)/m/n/9 investment approach is essential. Fusion LCOE

Underfull \hbox (badness 10000) in paragraph at lines 95--95
\TU/NotoSansCJKSC(0)/m/n/9 projections ($50-100+/MWh by 2050) face stiff

Underfull \hbox (badness 2818) in paragraph at lines 95--95
\TU/NotoSansCJKSC(0)/m/n/9 bottleneck; early movers in breeding technology or
[3]
Underfull \hbox (badness 5519) in paragraph at lines 111--111
\TU/NotoSansCJKSC(0)/m/n/9 and economic hurdles remain. In December 2022,

Underfull \hbox (badness 7256) in paragraph at lines 111--111
\TU/NotoSansCJKSC(0)/m/n/9 However, this was a single-shot experiment, not a

Underfull \hbox (badness 2790) in paragraph at lines 111--111
\TU/NotoSansCJKSC(0)/m/n/9 plasma confinement, materials, and tritium breeding

Underfull \hbox (badness 4341) in paragraph at lines 112--112
[]\TU/NotoSansCJKSC(0)/m/n/9 Fusion\TU/DejaVuSans(0)/m/n/9 '\TU/NotoSansCJKSC(0
)/m/n/9 s levelized cost of electricity (LCOE) is highly

Underfull \hbox (badness 10000) in paragraph at lines 112--112
\TU/NotoSansCJKSC(0)/m/n/9 uncertain and may not compete with renewables.

Underfull \hbox (badness 4441) in paragraph at lines 112--112
\TU/NotoSansCJKSC(0)/m/n/9 Projections for fusion LCOE range from $50/MWh to

Underfull \hbox (badness 1360) in paragraph at lines 112--112
\TU/NotoSansCJKSC(0)/m/n/9 due to complex reactor systems. Fusion may not be

Underfull \hbox (badness 10000) in paragraph at lines 114--114
[]\TU/NotoSansCJKSC(0)/m/n/9 Private fusion companies are targeting pilot plant
s

Underfull \hbox (badness 3780) in paragraph at lines 114--114
\TU/NotoSansCJKSC(0)/m/n/9 in the 2030s, but timelines are uncertain. Multiple

Underfull \hbox (badness 10000) in paragraph at lines 114--114
\TU/NotoSansCJKSC(0)/m/n/9 private firms (e.g., Commonwealth Fusion Systems,

Underfull \hbox (badness 3000) in paragraph at lines 114--114
\TU/NotoSansCJKSC(0)/m/n/9 TAE Technologies, Helion) have announced plans for

Underfull \hbox (badness 1418) in paragraph at lines 114--114
\TU/NotoSansCJKSC(0)/m/n/9 pilot plants by 2030-2035. However, historical fusio
n

Underfull \hbox (badness 6559) in paragraph at lines 115--115
\TU/NotoSansCJKSC(0)/m/n/9 efficient breeding technologies will have a strategi
c
[4] [5] [6] [7] [8] [9] [10] [11] [12] [13] [14] [15] [16] [17] [18] [19]
[20]
Underfull \hbox (badness 10000) in paragraph at lines 726--726
\TU/NotoSansCJKSC(0)/m/n/16 it changes a management

Underfull \hbox (badness 10000) in paragraph at lines 732--732
[]|\TU/NotoSansCJKSC(0)/b/n/9 This report was

Underfull \hbox (badness 10000) in paragraph at lines 732--732
\TU/NotoSansCJKSC(0)/b/n/9 prepared by the

Underfull \hbox (badness 10000) in paragraph at lines 732--732
\TU/NotoSansCJKSC(0)/b/n/9 Strategic Energy

Underfull \hbox (badness 4353) in paragraph at lines 732--732
\TU/NotoSansCJKSC(0)/b/n/9 Research Group, a
[21] [22] (./report_latex.aux) )
(see the transcript file for additional information)
Output written on report_latex.pdf (22 pages).
Transcript written on report_latex.log.
